

Microchip MPLAB XC8 Assembler V2.41 build 20230208172133 
                                                                                               Wed Sep 06 13:51:35 2023

Microchip MPLAB XC8 C Compiler v2.41 (Free license) build 20230208172133 Og1 
     1                           	processor	16F1939
     2                           	pagewidth 120
     3                           	opt	flic
     4                           	psect	stringtext1,global,class=STRCODE,delta=2,noexec
     5                           	psect	stringtext2,global,class=STRCODE,delta=2,noexec
     6                           	psect	cinit,global,class=CODE,merge=1,delta=2
     7                           	psect	cstackCOMMON,global,class=COMMON,space=1,delta=1,noexec
     8                           	psect	maintext,global,class=CODE,merge=1,split=1,delta=2
     9                           	psect	text1,local,class=CODE,merge=1,delta=2
    10                           	psect	text2,local,class=CODE,merge=1,delta=2
    11                           	psect	text3,local,class=CODE,merge=1,delta=2
    12                           	psect	config,global,abs,ovrld,class=CONFIG,space=4,delta=2,noexec
    13                           	dabs	1,0x7E,2
    14     0000                     
    15                           ; Generated 06/07/2023 GMT
    16                           ; 
    17                           ; Copyright © 2023, Microchip Technology Inc. and its subsidiaries ("Microchip")
    18                           ; All rights reserved.
    19                           ; 
    20                           ; This software is developed by Microchip Technology Inc. and its subsidiaries ("Microch
      +                          ip").
    21                           ; 
    22                           ; Redistribution and use in source and binary forms, with or without modification, are
    23                           ; permitted provided that the following conditions are met:
    24                           ; 
    25                           ;     1. Redistributions of source code must retain the above copyright notice, this lis
      +                          t of
    26                           ;        conditions and the following disclaimer.
    27                           ; 
    28                           ;     2. Redistributions in binary form must reproduce the above copyright notice, this 
      +                          list
    29                           ;        of conditions and the following disclaimer in the documentation and/or other
    30                           ;        materials provided with the distribution. Publication is not required when
    31                           ;        this file is used in an embedded application.
    32                           ; 
    33                           ;     3. Microchip's name may not be used to endorse or promote products derived from th
      +                          is
    34                           ;        software without specific prior written permission.
    35                           ; 
    36                           ; THIS SOFTWARE IS PROVIDED BY MICROCHIP "AS IS" AND ANY EXPRESS OR IMPLIED WARRANTIES,
    37                           ; INCLUDING, BUT NOT LIMITED TO, THE IMPLIED WARRANTIES OF MERCHANTABILITY AND FITNESS F
      +                          OR
    38                           ; PURPOSE ARE DISCLAIMED.  IN NO EVENT SHALL MICROCHIP BE LIABLE FOR ANY DIRECT, INDIREC
      +                          T,
    39                           ; INCIDENTAL, SPECIAL, EXEMPLARY, OR CONSEQUENTIAL DAMAGES (INCLUDING BUT NOT LIMITED TO
    40                           ; PROCUREMENT OF SUBSTITUTE GOODS OR SERVICES; LOSS OF USE, DATA OR PROFITS; OR BUSINESS
    41                           ; INTERRUPTION) HOWSOEVER CAUSED AND ON ANY THEORY OF LIABILITY, WHETHER IN CONTRACT, ST
      +                          RICT
    42                           ; LIABILITY, OR TORT (INCLUDING NEGLIGENCE OR OTHERWISE) ARISING IN ANY WAY OUT OF THE U
      +                          SE OF
    43                           ; THIS SOFTWARE, EVEN IF ADVISED OF THE POSSIBILITY OF SUCH DAMAGE.
    44                           ; 
    45                           ; 
    46                           ; Code-generator required, PIC16F1939 Definitions
    47                           ; 
    48                           ; SFR Addresses
    49     0000                     	;# 
    50     0001                     	;# 
    51     0002                     	;# 
    52     0003                     	;# 
    53     0004                     	;# 
    54     0005                     	;# 
    55     0006                     	;# 
    56     0007                     	;# 
    57     0008                     	;# 
    58     0009                     	;# 
    59     000A                     	;# 
    60     000B                     	;# 
    61     000C                     	;# 
    62     000D                     	;# 
    63     000E                     	;# 
    64     000F                     	;# 
    65     0010                     	;# 
    66     0011                     	;# 
    67     0012                     	;# 
    68     0013                     	;# 
    69     0015                     	;# 
    70     0016                     	;# 
    71     0016                     	;# 
    72     0017                     	;# 
    73     0018                     	;# 
    74     0019                     	;# 
    75     001A                     	;# 
    76     001B                     	;# 
    77     001C                     	;# 
    78     001E                     	;# 
    79     001F                     	;# 
    80     008C                     	;# 
    81     008D                     	;# 
    82     008E                     	;# 
    83     008F                     	;# 
    84     0090                     	;# 
    85     0091                     	;# 
    86     0092                     	;# 
    87     0093                     	;# 
    88     0095                     	;# 
    89     0096                     	;# 
    90     0097                     	;# 
    91     0098                     	;# 
    92     0099                     	;# 
    93     009A                     	;# 
    94     009B                     	;# 
    95     009B                     	;# 
    96     009C                     	;# 
    97     009D                     	;# 
    98     009E                     	;# 
    99     010C                     	;# 
   100     010D                     	;# 
   101     010E                     	;# 
   102     010F                     	;# 
   103     0110                     	;# 
   104     0111                     	;# 
   105     0112                     	;# 
   106     0113                     	;# 
   107     0114                     	;# 
   108     0115                     	;# 
   109     0116                     	;# 
   110     0117                     	;# 
   111     0118                     	;# 
   112     0119                     	;# 
   113     011A                     	;# 
   114     011B                     	;# 
   115     011D                     	;# 
   116     018C                     	;# 
   117     018D                     	;# 
   118     018F                     	;# 
   119     0190                     	;# 
   120     0191                     	;# 
   121     0191                     	;# 
   122     0192                     	;# 
   123     0193                     	;# 
   124     0193                     	;# 
   125     0193                     	;# 
   126     0194                     	;# 
   127     0195                     	;# 
   128     0196                     	;# 
   129     0199                     	;# 
   130     019A                     	;# 
   131     019B                     	;# 
   132     019B                     	;# 
   133     019B                     	;# 
   134     019B                     	;# 
   135     019C                     	;# 
   136     019C                     	;# 
   137     019D                     	;# 
   138     019E                     	;# 
   139     019F                     	;# 
   140     020D                     	;# 
   141     0210                     	;# 
   142     0211                     	;# 
   143     0212                     	;# 
   144     0213                     	;# 
   145     0214                     	;# 
   146     0215                     	;# 
   147     0215                     	;# 
   148     0216                     	;# 
   149     0217                     	;# 
   150     0291                     	;# 
   151     0291                     	;# 
   152     0292                     	;# 
   153     0293                     	;# 
   154     0294                     	;# 
   155     0295                     	;# 
   156     0295                     	;# 
   157     0296                     	;# 
   158     0298                     	;# 
   159     0298                     	;# 
   160     0299                     	;# 
   161     029A                     	;# 
   162     029B                     	;# 
   163     029C                     	;# 
   164     029C                     	;# 
   165     029D                     	;# 
   166     029E                     	;# 
   167     029F                     	;# 
   168     0311                     	;# 
   169     0311                     	;# 
   170     0312                     	;# 
   171     0313                     	;# 
   172     0314                     	;# 
   173     0315                     	;# 
   174     0315                     	;# 
   175     0316                     	;# 
   176     0318                     	;# 
   177     0318                     	;# 
   178     0319                     	;# 
   179     031A                     	;# 
   180     031C                     	;# 
   181     031C                     	;# 
   182     031D                     	;# 
   183     031E                     	;# 
   184     0394                     	;# 
   185     0395                     	;# 
   186     0396                     	;# 
   187     0415                     	;# 
   188     0416                     	;# 
   189     0417                     	;# 
   190     041C                     	;# 
   191     041D                     	;# 
   192     041E                     	;# 
   193     0791                     	;# 
   194     0792                     	;# 
   195     0793                     	;# 
   196     0794                     	;# 
   197     0795                     	;# 
   198     0798                     	;# 
   199     0799                     	;# 
   200     079A                     	;# 
   201     07A0                     	;# 
   202     07A1                     	;# 
   203     07A2                     	;# 
   204     07A3                     	;# 
   205     07A4                     	;# 
   206     07A5                     	;# 
   207     07A6                     	;# 
   208     07A7                     	;# 
   209     07A8                     	;# 
   210     07A9                     	;# 
   211     07AA                     	;# 
   212     07AB                     	;# 
   213     0FE4                     	;# 
   214     0FE5                     	;# 
   215     0FE6                     	;# 
   216     0FE7                     	;# 
   217     0FE8                     	;# 
   218     0FE9                     	;# 
   219     0FEA                     	;# 
   220     0FEB                     	;# 
   221     0FED                     	;# 
   222     0FEE                     	;# 
   223     0FEF                     	;# 
   224     0000                     	;# 
   225     0001                     	;# 
   226     0002                     	;# 
   227     0003                     	;# 
   228     0004                     	;# 
   229     0005                     	;# 
   230     0006                     	;# 
   231     0007                     	;# 
   232     0008                     	;# 
   233     0009                     	;# 
   234     000A                     	;# 
   235     000B                     	;# 
   236     000C                     	;# 
   237     000D                     	;# 
   238     000E                     	;# 
   239     000F                     	;# 
   240     0010                     	;# 
   241     0011                     	;# 
   242     0012                     	;# 
   243     0013                     	;# 
   244     0015                     	;# 
   245     0016                     	;# 
   246     0016                     	;# 
   247     0017                     	;# 
   248     0018                     	;# 
   249     0019                     	;# 
   250     001A                     	;# 
   251     001B                     	;# 
   252     001C                     	;# 
   253     001E                     	;# 
   254     001F                     	;# 
   255     008C                     	;# 
   256     008D                     	;# 
   257     008E                     	;# 
   258     008F                     	;# 
   259     0090                     	;# 
   260     0091                     	;# 
   261     0092                     	;# 
   262     0093                     	;# 
   263     0095                     	;# 
   264     0096                     	;# 
   265     0097                     	;# 
   266     0098                     	;# 
   267     0099                     	;# 
   268     009A                     	;# 
   269     009B                     	;# 
   270     009B                     	;# 
   271     009C                     	;# 
   272     009D                     	;# 
   273     009E                     	;# 
   274     010C                     	;# 
   275     010D                     	;# 
   276     010E                     	;# 
   277     010F                     	;# 
   278     0110                     	;# 
   279     0111                     	;# 
   280     0112                     	;# 
   281     0113                     	;# 
   282     0114                     	;# 
   283     0115                     	;# 
   284     0116                     	;# 
   285     0117                     	;# 
   286     0118                     	;# 
   287     0119                     	;# 
   288     011A                     	;# 
   289     011B                     	;# 
   290     011D                     	;# 
   291     018C                     	;# 
   292     018D                     	;# 
   293     018F                     	;# 
   294     0190                     	;# 
   295     0191                     	;# 
   296     0191                     	;# 
   297     0192                     	;# 
   298     0193                     	;# 
   299     0193                     	;# 
   300     0193                     	;# 
   301     0194                     	;# 
   302     0195                     	;# 
   303     0196                     	;# 
   304     0199                     	;# 
   305     019A                     	;# 
   306     019B                     	;# 
   307     019B                     	;# 
   308     019B                     	;# 
   309     019B                     	;# 
   310     019C                     	;# 
   311     019C                     	;# 
   312     019D                     	;# 
   313     019E                     	;# 
   314     019F                     	;# 
   315     020D                     	;# 
   316     0210                     	;# 
   317     0211                     	;# 
   318     0212                     	;# 
   319     0213                     	;# 
   320     0214                     	;# 
   321     0215                     	;# 
   322     0215                     	;# 
   323     0216                     	;# 
   324     0217                     	;# 
   325     0291                     	;# 
   326     0291                     	;# 
   327     0292                     	;# 
   328     0293                     	;# 
   329     0294                     	;# 
   330     0295                     	;# 
   331     0295                     	;# 
   332     0296                     	;# 
   333     0298                     	;# 
   334     0298                     	;# 
   335     0299                     	;# 
   336     029A                     	;# 
   337     029B                     	;# 
   338     029C                     	;# 
   339     029C                     	;# 
   340     029D                     	;# 
   341     029E                     	;# 
   342     029F                     	;# 
   343     0311                     	;# 
   344     0311                     	;# 
   345     0312                     	;# 
   346     0313                     	;# 
   347     0314                     	;# 
   348     0315                     	;# 
   349     0315                     	;# 
   350     0316                     	;# 
   351     0318                     	;# 
   352     0318                     	;# 
   353     0319                     	;# 
   354     031A                     	;# 
   355     031C                     	;# 
   356     031C                     	;# 
   357     031D                     	;# 
   358     031E                     	;# 
   359     0394                     	;# 
   360     0395                     	;# 
   361     0396                     	;# 
   362     0415                     	;# 
   363     0416                     	;# 
   364     0417                     	;# 
   365     041C                     	;# 
   366     041D                     	;# 
   367     041E                     	;# 
   368     0791                     	;# 
   369     0792                     	;# 
   370     0793                     	;# 
   371     0794                     	;# 
   372     0795                     	;# 
   373     0798                     	;# 
   374     0799                     	;# 
   375     079A                     	;# 
   376     07A0                     	;# 
   377     07A1                     	;# 
   378     07A2                     	;# 
   379     07A3                     	;# 
   380     07A4                     	;# 
   381     07A5                     	;# 
   382     07A6                     	;# 
   383     07A7                     	;# 
   384     07A8                     	;# 
   385     07A9                     	;# 
   386     07AA                     	;# 
   387     07AB                     	;# 
   388     0FE4                     	;# 
   389     0FE5                     	;# 
   390     0FE6                     	;# 
   391     0FE7                     	;# 
   392     0FE8                     	;# 
   393     0FE9                     	;# 
   394     0FEA                     	;# 
   395     0FEB                     	;# 
   396     0FED                     	;# 
   397     0FEE                     	;# 
   398     0FEF                     	;# 
   399     0000                     	;# 
   400     0001                     	;# 
   401     0002                     	;# 
   402     0003                     	;# 
   403     0004                     	;# 
   404     0005                     	;# 
   405     0006                     	;# 
   406     0007                     	;# 
   407     0008                     	;# 
   408     0009                     	;# 
   409     000A                     	;# 
   410     000B                     	;# 
   411     000C                     	;# 
   412     000D                     	;# 
   413     000E                     	;# 
   414     000F                     	;# 
   415     0010                     	;# 
   416     0011                     	;# 
   417     0012                     	;# 
   418     0013                     	;# 
   419     0015                     	;# 
   420     0016                     	;# 
   421     0016                     	;# 
   422     0017                     	;# 
   423     0018                     	;# 
   424     0019                     	;# 
   425     001A                     	;# 
   426     001B                     	;# 
   427     001C                     	;# 
   428     001E                     	;# 
   429     001F                     	;# 
   430     008C                     	;# 
   431     008D                     	;# 
   432     008E                     	;# 
   433     008F                     	;# 
   434     0090                     	;# 
   435     0091                     	;# 
   436     0092                     	;# 
   437     0093                     	;# 
   438     0095                     	;# 
   439     0096                     	;# 
   440     0097                     	;# 
   441     0098                     	;# 
   442     0099                     	;# 
   443     009A                     	;# 
   444     009B                     	;# 
   445     009B                     	;# 
   446     009C                     	;# 
   447     009D                     	;# 
   448     009E                     	;# 
   449     010C                     	;# 
   450     010D                     	;# 
   451     010E                     	;# 
   452     010F                     	;# 
   453     0110                     	;# 
   454     0111                     	;# 
   455     0112                     	;# 
   456     0113                     	;# 
   457     0114                     	;# 
   458     0115                     	;# 
   459     0116                     	;# 
   460     0117                     	;# 
   461     0118                     	;# 
   462     0119                     	;# 
   463     011A                     	;# 
   464     011B                     	;# 
   465     011D                     	;# 
   466     018C                     	;# 
   467     018D                     	;# 
   468     018F                     	;# 
   469     0190                     	;# 
   470     0191                     	;# 
   471     0191                     	;# 
   472     0192                     	;# 
   473     0193                     	;# 
   474     0193                     	;# 
   475     0193                     	;# 
   476     0194                     	;# 
   477     0195                     	;# 
   478     0196                     	;# 
   479     0199                     	;# 
   480     019A                     	;# 
   481     019B                     	;# 
   482     019B                     	;# 
   483     019B                     	;# 
   484     019B                     	;# 
   485     019C                     	;# 
   486     019C                     	;# 
   487     019D                     	;# 
   488     019E                     	;# 
   489     019F                     	;# 
   490     020D                     	;# 
   491     0210                     	;# 
   492     0211                     	;# 
   493     0212                     	;# 
   494     0213                     	;# 
   495     0214                     	;# 
   496     0215                     	;# 
   497     0215                     	;# 
   498     0216                     	;# 
   499     0217                     	;# 
   500     0291                     	;# 
   501     0291                     	;# 
   502     0292                     	;# 
   503     0293                     	;# 
   504     0294                     	;# 
   505     0295                     	;# 
   506     0295                     	;# 
   507     0296                     	;# 
   508     0298                     	;# 
   509     0298                     	;# 
   510     0299                     	;# 
   511     029A                     	;# 
   512     029B                     	;# 
   513     029C                     	;# 
   514     029C                     	;# 
   515     029D                     	;# 
   516     029E                     	;# 
   517     029F                     	;# 
   518     0311                     	;# 
   519     0311                     	;# 
   520     0312                     	;# 
   521     0313                     	;# 
   522     0314                     	;# 
   523     0315                     	;# 
   524     0315                     	;# 
   525     0316                     	;# 
   526     0318                     	;# 
   527     0318                     	;# 
   528     0319                     	;# 
   529     031A                     	;# 
   530     031C                     	;# 
   531     031C                     	;# 
   532     031D                     	;# 
   533     031E                     	;# 
   534     0394                     	;# 
   535     0395                     	;# 
   536     0396                     	;# 
   537     0415                     	;# 
   538     0416                     	;# 
   539     0417                     	;# 
   540     041C                     	;# 
   541     041D                     	;# 
   542     041E                     	;# 
   543     0791                     	;# 
   544     0792                     	;# 
   545     0793                     	;# 
   546     0794                     	;# 
   547     0795                     	;# 
   548     0798                     	;# 
   549     0799                     	;# 
   550     079A                     	;# 
   551     07A0                     	;# 
   552     07A1                     	;# 
   553     07A2                     	;# 
   554     07A3                     	;# 
   555     07A4                     	;# 
   556     07A5                     	;# 
   557     07A6                     	;# 
   558     07A7                     	;# 
   559     07A8                     	;# 
   560     07A9                     	;# 
   561     07AA                     	;# 
   562     07AB                     	;# 
   563     0FE4                     	;# 
   564     0FE5                     	;# 
   565     0FE6                     	;# 
   566     0FE7                     	;# 
   567     0FE8                     	;# 
   568     0FE9                     	;# 
   569     0FEA                     	;# 
   570     0FEB                     	;# 
   571     0FED                     	;# 
   572     0FEE                     	;# 
   573     0FEF                     	;# 
   574                           
   575                           	psect	stringtext1
   576     0800                     __pstringtext1:
   577     0800                     _ta:
   578     0800  342C               	retlw	44
   579     0801  3401               	retlw	1
   580     0802                     __end_of_ta:
   581                           
   582                           	psect	stringtext2
   583     0802                     __pstringtext2:
   584     0802                     _te:
   585     0802  34F4               	retlw	244
   586     0803  3401               	retlw	1
   587     0804                     __end_of_te:
   588     000E                     _PORTC	set	14
   589     000D                     _PORTB	set	13
   590     000F                     _PORTD	set	15
   591     008E                     _TRISC	set	142
   592     008D                     _TRISB	set	141
   593     008F                     _TRISD	set	143
   594                           
   595                           	psect	cinit
   596     07FD                     start_initialization:	
   597                           ; #config settings
   598                           
   599     07FD                     __initialization:
   600     07FD                     end_of_initialization:	
   601                           ;End of C runtime variable initialization code
   602                           
   603     07FD                     __end_of__initialization:
   604     07FD  0020               	movlb	0
   605     07FE  3186  2EBD         	ljmp	_main	;jump to C main() function
   606                           
   607                           	psect	cstackCOMMON
   608     0070                     __pcstackCOMMON:
   609     0070                     ?_sema1:
   610     0070                     ??_sema1:	
   611                           ; 1 bytes @ 0x0
   612                           
   613     0070                     ?_sema2:	
   614                           ; 1 bytes @ 0x0
   615                           
   616     0070                     ??_sema2:	
   617                           ; 1 bytes @ 0x0
   618                           
   619     0070                     ?_sema3:	
   620                           ; 1 bytes @ 0x0
   621                           
   622     0070                     ??_sema3:	
   623                           ; 1 bytes @ 0x0
   624                           
   625     0070                     ?_main:	
   626                           ; 1 bytes @ 0x0
   627                           
   628                           
   629                           ; 2 bytes @ 0x0
   630     0070                     	ds	2
   631     0072                     ??_main:
   632                           
   633                           ; 1 bytes @ 0x2
   634     0072                     	ds	2
   635                           
   636                           	psect	maintext
   637     06BD                     __pmaintext:	
   638 ;;
   639 ;;Main: autosize = 0, tempsize = 2, incstack = 0, save=0
   640 ;;
   641 ;; *************** function _main *****************
   642 ;; Defined at:
   643 ;;		line 11 in file "main.c"
   644 ;; Parameters:    Size  Location     Type
   645 ;;		None
   646 ;; Auto vars:     Size  Location     Type
   647 ;;		None
   648 ;; Return value:  Size  Location     Type
   649 ;;                  2   28[None  ] int 
   650 ;; Registers used:
   651 ;;		wreg, status,2, status,0, pclath, cstack
   652 ;; Tracked objects:
   653 ;;		On entry : B1F/0
   654 ;;		On exit  : 0/0
   655 ;;		Unchanged: 0/0
   656 ;; Data sizes:     COMMON   BANK0   BANK1   BANK2   BANK3   BANK4   BANK5   BANK6   BANK7   BANK8   BANK9  BANK10  BANK1
      +1  BANK12
   657 ;;      Params:         0       0       0       0       0       0       0       0       0       0       0       0       
      +0       0
   658 ;;      Locals:         0       0       0       0       0       0       0       0       0       0       0       0       
      +0       0
   659 ;;      Temps:          2       0       0       0       0       0       0       0       0       0       0       0       
      +0       0
   660 ;;      Totals:         2       0       0       0       0       0       0       0       0       0       0       0       
      +0       0
   661 ;;Total ram usage:        2 bytes
   662 ;; Hardware stack levels required when called: 1
   663 ;; This function calls:
   664 ;;		_sema1
   665 ;;		_sema2
   666 ;;		_sema3
   667 ;; This function is called by:
   668 ;;		Startup code after reset
   669 ;; This function uses a non-reentrant model
   670 ;;
   671                           
   672     06BD                     _main:	
   673                           ;psect for function _main
   674                           
   675     06BD                     l731:	
   676                           ;incstack = 0
   677                           ; Regs used in _main: [wreg+status,2+status,0+pclath+cstack]
   678                           
   679                           
   680                           ;main.c: 13:     TRISD = 0b00000000;
   681     06BD  0021               	movlb	1	; select bank1
   682     06BE  018F               	clrf	15	;volatile
   683                           
   684                           ;main.c: 14:  TRISB = 0b00000000;
   685     06BF  018D               	clrf	13	;volatile
   686                           
   687                           ;main.c: 15:  TRISC = 0b00000000;
   688     06C0  018E               	clrf	14	;volatile
   689     06C1                     l733:
   690                           
   691                           ;main.c: 17:     {;main.c: 18:   sema1();
   692     06C1  3187  279F  3186   	fcall	_sema1
   693     06C4                     l735:
   694                           
   695                           ;main.c: 19:   _delay((unsigned long)((te)*(20000000UL/4000.0)));
   696     06C4  300D               	movlw	13
   697     06C5  00F3               	movwf	??_main+1
   698     06C6  30AF               	movlw	175
   699     06C7  00F2               	movwf	??_main
   700     06C8  30B6               	movlw	182
   701     06C9                     u17:
   702     06C9  0B89               	decfsz	9,f
   703     06CA  2EC9               	goto	u17
   704     06CB  0BF2               	decfsz	??_main,f
   705     06CC  2EC9               	goto	u17
   706     06CD  0BF3               	decfsz	??_main+1,f
   707     06CE  2EC9               	goto	u17
   708     06CF  3200               	nop2
   709     06D0                     l737:
   710                           
   711                           ;main.c: 20:   sema2();
   712     06D0  3186  26F1  3186   	fcall	_sema2
   713     06D3                     l739:
   714                           
   715                           ;main.c: 21:   _delay((unsigned long)((te)*(20000000UL/4000.0)));
   716     06D3  300D               	movlw	13
   717     06D4  00F3               	movwf	??_main+1
   718     06D5  30AF               	movlw	175
   719     06D6  00F2               	movwf	??_main
   720     06D7  30B6               	movlw	182
   721     06D8                     u27:
   722     06D8  0B89               	decfsz	9,f
   723     06D9  2ED8               	goto	u27
   724     06DA  0BF2               	decfsz	??_main,f
   725     06DB  2ED8               	goto	u27
   726     06DC  0BF3               	decfsz	??_main+1,f
   727     06DD  2ED8               	goto	u27
   728     06DE  3200               	nop2
   729     06DF                     l741:
   730                           
   731                           ;main.c: 22:   sema3();
   732     06DF  3187  2742  3186   	fcall	_sema3
   733     06E2                     l743:
   734                           
   735                           ;main.c: 23:   _delay((unsigned long)((te)*(20000000UL/4000.0)));
   736     06E2  300D               	movlw	13
   737     06E3  00F3               	movwf	??_main+1
   738     06E4  30AF               	movlw	175
   739     06E5  00F2               	movwf	??_main
   740     06E6  30B6               	movlw	182
   741     06E7                     u37:
   742     06E7  0B89               	decfsz	9,f
   743     06E8  2EE7               	goto	u37
   744     06E9  0BF2               	decfsz	??_main,f
   745     06EA  2EE7               	goto	u37
   746     06EB  0BF3               	decfsz	??_main+1,f
   747     06EC  2EE7               	goto	u37
   748     06ED  3200               	nop2
   749     06EE  2EC1               	goto	l733
   750     06EF  3180  2802         	ljmp	start
   751     06F1                     __end_of_main:
   752                           
   753                           	psect	text1
   754     0742                     __ptext1:	
   755 ;; *************** function _sema3 *****************
   756 ;; Defined at:
   757 ;;		line 68 in file "main.c"
   758 ;; Parameters:    Size  Location     Type
   759 ;;		None
   760 ;; Auto vars:     Size  Location     Type
   761 ;;		None
   762 ;; Return value:  Size  Location     Type
   763 ;;                  1    wreg      void 
   764 ;; Registers used:
   765 ;;		wreg, status,2
   766 ;; Tracked objects:
   767 ;;		On entry : 0/0
   768 ;;		On exit  : 0/0
   769 ;;		Unchanged: 0/0
   770 ;; Data sizes:     COMMON   BANK0   BANK1   BANK2   BANK3   BANK4   BANK5   BANK6   BANK7   BANK8   BANK9  BANK10  BANK1
      +1  BANK12
   771 ;;      Params:         0       0       0       0       0       0       0       0       0       0       0       0       
      +0       0
   772 ;;      Locals:         0       0       0       0       0       0       0       0       0       0       0       0       
      +0       0
   773 ;;      Temps:          2       0       0       0       0       0       0       0       0       0       0       0       
      +0       0
   774 ;;      Totals:         2       0       0       0       0       0       0       0       0       0       0       0       
      +0       0
   775 ;;Total ram usage:        2 bytes
   776 ;; Hardware stack levels used: 1
   777 ;; This function calls:
   778 ;;		Nothing
   779 ;; This function is called by:
   780 ;;		_main
   781 ;; This function uses a non-reentrant model
   782 ;;
   783                           
   784     0742                     _sema3:	
   785                           ;psect for function _sema3
   786                           
   787     0742                     l703:	
   788                           ;incstack = 0
   789                           ; Regs used in _sema3: [wreg+status,2]
   790                           
   791                           
   792                           ;main.c: 70:  PORTD |= (1<<0);
   793     0742  0020               	movlb	0	; select bank0
   794     0743  140F               	bsf	15,0	;volatile
   795                           
   796                           ;main.c: 71:  PORTB |= (1<<0);
   797     0744  140D               	bsf	13,0	;volatile
   798     0745                     l705:
   799                           
   800                           ;main.c: 72:  _delay((unsigned long)((ta)*(20000000UL/4000.0)));
   801     0745  3008               	movlw	8
   802     0746  00F1               	movwf	??_sema3+1
   803     0747  309D               	movlw	157
   804     0748  00F0               	movwf	??_sema3
   805     0749  3006               	movlw	6
   806     074A                     u47:
   807     074A  0B89               	decfsz	9,f
   808     074B  2F4A               	goto	u47
   809     074C  0BF0               	decfsz	??_sema3,f
   810     074D  2F4A               	goto	u47
   811     074E  0BF1               	decfsz	??_sema3+1,f
   812     074F  2F4A               	goto	u47
   813     0750                     l707:
   814                           
   815                           ;main.c: 73:  PORTC = 0x00;
   816     0750  0020               	movlb	0	; select bank0
   817     0751  018E               	clrf	14	;volatile
   818     0752                     l709:
   819                           
   820                           ;main.c: 74:  _delay((unsigned long)((20)*(20000000UL/4000.0)));
   821     0752  3082               	movlw	130
   822     0753  00F0               	movwf	??_sema3
   823     0754  30DE               	movlw	222
   824     0755                     u57:
   825     0755  0B89               	decfsz	9,f
   826     0756  2F55               	goto	u57
   827     0757  0BF0               	decfsz	??_sema3,f
   828     0758  2F55               	goto	u57
   829     0759                     l711:
   830                           
   831                           ;main.c: 75:  PORTC |= (1<<1);
   832     0759  0020               	movlb	0	; select bank0
   833     075A  148E               	bsf	14,1	;volatile
   834     075B                     l713:
   835                           
   836                           ;main.c: 76:  _delay((unsigned long)((ta)*(20000000UL/4000.0)));
   837     075B  3008               	movlw	8
   838     075C  00F1               	movwf	??_sema3+1
   839     075D  309D               	movlw	157
   840     075E  00F0               	movwf	??_sema3
   841     075F  3006               	movlw	6
   842     0760                     u67:
   843     0760  0B89               	decfsz	9,f
   844     0761  2F60               	goto	u67
   845     0762  0BF0               	decfsz	??_sema3,f
   846     0763  2F60               	goto	u67
   847     0764  0BF1               	decfsz	??_sema3+1,f
   848     0765  2F60               	goto	u67
   849     0766                     l715:
   850                           
   851                           ;main.c: 77:  PORTC = 0x00;
   852     0766  0020               	movlb	0	; select bank0
   853     0767  018E               	clrf	14	;volatile
   854                           
   855                           ;main.c: 78:  _delay((unsigned long)((20)*(20000000UL/4000.0)));
   856     0768  3082               	movlw	130
   857     0769  00F0               	movwf	??_sema3
   858     076A  30DE               	movlw	222
   859     076B                     u77:
   860     076B  0B89               	decfsz	9,f
   861     076C  2F6B               	goto	u77
   862     076D  0BF0               	decfsz	??_sema3,f
   863     076E  2F6B               	goto	u77
   864     076F                     l717:
   865                           
   866                           ;main.c: 79:  PORTC |= (1<<2);
   867     076F  0020               	movlb	0	; select bank0
   868     0770  150E               	bsf	14,2	;volatile
   869                           
   870                           ;main.c: 80:  _delay((unsigned long)((te)*(20000000UL/4000.0)));
   871     0771  300D               	movlw	13
   872     0772  00F1               	movwf	??_sema3+1
   873     0773  30AF               	movlw	175
   874     0774  00F0               	movwf	??_sema3
   875     0775  30B6               	movlw	182
   876     0776                     u87:
   877     0776  0B89               	decfsz	9,f
   878     0777  2F76               	goto	u87
   879     0778  0BF0               	decfsz	??_sema3,f
   880     0779  2F76               	goto	u87
   881     077A  0BF1               	decfsz	??_sema3+1,f
   882     077B  2F76               	goto	u87
   883     077C  3200               	nop2
   884     077D                     l719:
   885                           
   886                           ;main.c: 81:  PORTC = 0x00;
   887     077D  0020               	movlb	0	; select bank0
   888     077E  018E               	clrf	14	;volatile
   889     077F                     l721:
   890                           
   891                           ;main.c: 82:  _delay((unsigned long)((20)*(20000000UL/4000.0)));
   892     077F  3082               	movlw	130
   893     0780  00F0               	movwf	??_sema3
   894     0781  30DE               	movlw	222
   895     0782                     u97:
   896     0782  0B89               	decfsz	9,f
   897     0783  2F82               	goto	u97
   898     0784  0BF0               	decfsz	??_sema3,f
   899     0785  2F82               	goto	u97
   900     0786                     l723:
   901                           
   902                           ;main.c: 83:  PORTC |= (1<<1);
   903     0786  0020               	movlb	0	; select bank0
   904     0787  148E               	bsf	14,1	;volatile
   905     0788                     l725:
   906                           
   907                           ;main.c: 84:  _delay((unsigned long)((ta)*(20000000UL/4000.0)));
   908     0788  3008               	movlw	8
   909     0789  00F1               	movwf	??_sema3+1
   910     078A  309D               	movlw	157
   911     078B  00F0               	movwf	??_sema3
   912     078C  3006               	movlw	6
   913     078D                     u107:
   914     078D  0B89               	decfsz	9,f
   915     078E  2F8D               	goto	u107
   916     078F  0BF0               	decfsz	??_sema3,f
   917     0790  2F8D               	goto	u107
   918     0791  0BF1               	decfsz	??_sema3+1,f
   919     0792  2F8D               	goto	u107
   920     0793                     l727:
   921                           
   922                           ;main.c: 85:  PORTC = 0x00;
   923     0793  0020               	movlb	0	; select bank0
   924     0794  018E               	clrf	14	;volatile
   925                           
   926                           ;main.c: 86:  _delay((unsigned long)((20)*(20000000UL/4000.0)));
   927     0795  3082               	movlw	130
   928     0796  00F0               	movwf	??_sema3
   929     0797  30DE               	movlw	222
   930     0798                     u117:
   931     0798  0B89               	decfsz	9,f
   932     0799  2F98               	goto	u117
   933     079A  0BF0               	decfsz	??_sema3,f
   934     079B  2F98               	goto	u117
   935     079C                     l729:
   936                           
   937                           ;main.c: 87:  PORTC |= (1<<0);
   938     079C  0020               	movlb	0	; select bank0
   939     079D  140E               	bsf	14,0	;volatile
   940     079E                     l41:
   941     079E  0008               	return
   942     079F                     __end_of_sema3:
   943                           
   944                           	psect	text2
   945     06F1                     __ptext2:	
   946 ;; *************** function _sema2 *****************
   947 ;; Defined at:
   948 ;;		line 48 in file "main.c"
   949 ;; Parameters:    Size  Location     Type
   950 ;;		None
   951 ;; Auto vars:     Size  Location     Type
   952 ;;		None
   953 ;; Return value:  Size  Location     Type
   954 ;;                  1    wreg      void 
   955 ;; Registers used:
   956 ;;		wreg, status,2
   957 ;; Tracked objects:
   958 ;;		On entry : 0/0
   959 ;;		On exit  : 0/0
   960 ;;		Unchanged: 0/0
   961 ;; Data sizes:     COMMON   BANK0   BANK1   BANK2   BANK3   BANK4   BANK5   BANK6   BANK7   BANK8   BANK9  BANK10  BANK1
      +1  BANK12
   962 ;;      Params:         0       0       0       0       0       0       0       0       0       0       0       0       
      +0       0
   963 ;;      Locals:         0       0       0       0       0       0       0       0       0       0       0       0       
      +0       0
   964 ;;      Temps:          2       0       0       0       0       0       0       0       0       0       0       0       
      +0       0
   965 ;;      Totals:         2       0       0       0       0       0       0       0       0       0       0       0       
      +0       0
   966 ;;Total ram usage:        2 bytes
   967 ;; Hardware stack levels used: 1
   968 ;; This function calls:
   969 ;;		Nothing
   970 ;; This function is called by:
   971 ;;		_main
   972 ;; This function uses a non-reentrant model
   973 ;;
   974                           
   975     06F1                     _sema2:	
   976                           ;psect for function _sema2
   977                           
   978     06F1                     l677:	
   979                           ;incstack = 0
   980                           ; Regs used in _sema2: [wreg+status,2]
   981                           
   982                           
   983                           ;main.c: 50:  PORTD |= (1<<0);
   984     06F1  0020               	movlb	0	; select bank0
   985     06F2  140F               	bsf	15,0	;volatile
   986                           
   987                           ;main.c: 51:  PORTC |= (1<<0);
   988     06F3  140E               	bsf	14,0	;volatile
   989     06F4                     l679:
   990                           
   991                           ;main.c: 52:  PORTB = 0x00;
   992     06F4  018D               	clrf	13	;volatile
   993     06F5                     l681:
   994                           
   995                           ;main.c: 53:  _delay((unsigned long)((20)*(20000000UL/4000.0)));
   996     06F5  3082               	movlw	130
   997     06F6  00F0               	movwf	??_sema2
   998     06F7  30DE               	movlw	222
   999     06F8                     u127:
  1000     06F8  0B89               	decfsz	9,f
  1001     06F9  2EF8               	goto	u127
  1002     06FA  0BF0               	decfsz	??_sema2,f
  1003     06FB  2EF8               	goto	u127
  1004     06FC                     l683:
  1005                           
  1006                           ;main.c: 54:  PORTB |= (1<<1);
  1007     06FC  0020               	movlb	0	; select bank0
  1008     06FD  148D               	bsf	13,1	;volatile
  1009     06FE                     l685:
  1010                           
  1011                           ;main.c: 55:  _delay((unsigned long)((ta)*(20000000UL/4000.0)));
  1012     06FE  3008               	movlw	8
  1013     06FF  00F1               	movwf	??_sema2+1
  1014     0700  309D               	movlw	157
  1015     0701  00F0               	movwf	??_sema2
  1016     0702  3006               	movlw	6
  1017     0703                     u137:
  1018     0703  0B89               	decfsz	9,f
  1019     0704  2F03               	goto	u137
  1020     0705  0BF0               	decfsz	??_sema2,f
  1021     0706  2F03               	goto	u137
  1022     0707  0BF1               	decfsz	??_sema2+1,f
  1023     0708  2F03               	goto	u137
  1024                           
  1025                           ;main.c: 56:  PORTB = 0x00;
  1026     0709  0020               	movlb	0	; select bank0
  1027     070A  018D               	clrf	13	;volatile
  1028     070B                     l687:
  1029                           
  1030                           ;main.c: 57:  _delay((unsigned long)((20)*(20000000UL/4000.0)));
  1031     070B  3082               	movlw	130
  1032     070C  00F0               	movwf	??_sema2
  1033     070D  30DE               	movlw	222
  1034     070E                     u147:
  1035     070E  0B89               	decfsz	9,f
  1036     070F  2F0E               	goto	u147
  1037     0710  0BF0               	decfsz	??_sema2,f
  1038     0711  2F0E               	goto	u147
  1039     0712                     l689:
  1040                           
  1041                           ;main.c: 58:  PORTB |= (1<<2);
  1042     0712  0020               	movlb	0	; select bank0
  1043     0713  150D               	bsf	13,2	;volatile
  1044     0714                     l691:
  1045                           
  1046                           ;main.c: 59:  _delay((unsigned long)((500)*(20000000UL/4000.0)));
  1047     0714  300D               	movlw	13
  1048     0715  00F1               	movwf	??_sema2+1
  1049     0716  30AF               	movlw	175
  1050     0717  00F0               	movwf	??_sema2
  1051     0718  30B6               	movlw	182
  1052     0719                     u157:
  1053     0719  0B89               	decfsz	9,f
  1054     071A  2F19               	goto	u157
  1055     071B  0BF0               	decfsz	??_sema2,f
  1056     071C  2F19               	goto	u157
  1057     071D  0BF1               	decfsz	??_sema2+1,f
  1058     071E  2F19               	goto	u157
  1059     071F  3200               	nop2
  1060                           
  1061                           ;main.c: 60:  PORTB = 0x00;
  1062     0720  0020               	movlb	0	; select bank0
  1063     0721  018D               	clrf	13	;volatile
  1064     0722                     l693:
  1065                           
  1066                           ;main.c: 61:  _delay((unsigned long)((20)*(20000000UL/4000.0)));
  1067     0722  3082               	movlw	130
  1068     0723  00F0               	movwf	??_sema2
  1069     0724  30DE               	movlw	222
  1070     0725                     u167:
  1071     0725  0B89               	decfsz	9,f
  1072     0726  2F25               	goto	u167
  1073     0727  0BF0               	decfsz	??_sema2,f
  1074     0728  2F25               	goto	u167
  1075     0729                     l695:
  1076                           
  1077                           ;main.c: 62:  PORTB |= (1<<1);
  1078     0729  0020               	movlb	0	; select bank0
  1079     072A  148D               	bsf	13,1	;volatile
  1080     072B                     l697:
  1081                           
  1082                           ;main.c: 63:  _delay((unsigned long)((ta)*(20000000UL/4000.0)));
  1083     072B  3008               	movlw	8
  1084     072C  00F1               	movwf	??_sema2+1
  1085     072D  309D               	movlw	157
  1086     072E  00F0               	movwf	??_sema2
  1087     072F  3006               	movlw	6
  1088     0730                     u177:
  1089     0730  0B89               	decfsz	9,f
  1090     0731  2F30               	goto	u177
  1091     0732  0BF0               	decfsz	??_sema2,f
  1092     0733  2F30               	goto	u177
  1093     0734  0BF1               	decfsz	??_sema2+1,f
  1094     0735  2F30               	goto	u177
  1095                           
  1096                           ;main.c: 64:  PORTB = 0x00;
  1097     0736  0020               	movlb	0	; select bank0
  1098     0737  018D               	clrf	13	;volatile
  1099     0738                     l699:
  1100                           
  1101                           ;main.c: 65:  _delay((unsigned long)((20)*(20000000UL/4000.0)));
  1102     0738  3082               	movlw	130
  1103     0739  00F0               	movwf	??_sema2
  1104     073A  30DE               	movlw	222
  1105     073B                     u187:
  1106     073B  0B89               	decfsz	9,f
  1107     073C  2F3B               	goto	u187
  1108     073D  0BF0               	decfsz	??_sema2,f
  1109     073E  2F3B               	goto	u187
  1110     073F                     l701:
  1111                           
  1112                           ;main.c: 66:  PORTB |= (1<<0);
  1113     073F  0020               	movlb	0	; select bank0
  1114     0740  140D               	bsf	13,0	;volatile
  1115     0741                     l38:
  1116     0741  0008               	return
  1117     0742                     __end_of_sema2:
  1118                           
  1119                           	psect	text3
  1120     079F                     __ptext3:	
  1121 ;; *************** function _sema1 *****************
  1122 ;; Defined at:
  1123 ;;		line 26 in file "main.c"
  1124 ;; Parameters:    Size  Location     Type
  1125 ;;		None
  1126 ;; Auto vars:     Size  Location     Type
  1127 ;;		None
  1128 ;; Return value:  Size  Location     Type
  1129 ;;                  1    wreg      void 
  1130 ;; Registers used:
  1131 ;;		wreg, status,2
  1132 ;; Tracked objects:
  1133 ;;		On entry : 0/0
  1134 ;;		On exit  : 0/0
  1135 ;;		Unchanged: 0/0
  1136 ;; Data sizes:     COMMON   BANK0   BANK1   BANK2   BANK3   BANK4   BANK5   BANK6   BANK7   BANK8   BANK9  BANK10  BANK1
      +1  BANK12
  1137 ;;      Params:         0       0       0       0       0       0       0       0       0       0       0       0       
      +0       0
  1138 ;;      Locals:         0       0       0       0       0       0       0       0       0       0       0       0       
      +0       0
  1139 ;;      Temps:          2       0       0       0       0       0       0       0       0       0       0       0       
      +0       0
  1140 ;;      Totals:         2       0       0       0       0       0       0       0       0       0       0       0       
      +0       0
  1141 ;;Total ram usage:        2 bytes
  1142 ;; Hardware stack levels used: 1
  1143 ;; This function calls:
  1144 ;;		Nothing
  1145 ;; This function is called by:
  1146 ;;		_main
  1147 ;; This function uses a non-reentrant model
  1148 ;;
  1149                           
  1150     079F                     _sema1:	
  1151                           ;psect for function _sema1
  1152                           
  1153     079F                     l649:	
  1154                           ;incstack = 0
  1155                           ; Regs used in _sema1: [wreg+status,2]
  1156                           
  1157                           
  1158                           ;main.c: 28:  PORTD |= (1<<0);
  1159     079F  0020               	movlb	0	; select bank0
  1160     07A0  140F               	bsf	15,0	;volatile
  1161                           
  1162                           ;main.c: 29:  PORTB |= (1<<0);
  1163     07A1  140D               	bsf	13,0	;volatile
  1164                           
  1165                           ;main.c: 30:  PORTC |= (1<<0);
  1166     07A2  140E               	bsf	14,0	;volatile
  1167     07A3                     l651:
  1168                           
  1169                           ;main.c: 31:  _delay((unsigned long)((ta)*(20000000UL/4000.0)));
  1170     07A3  3008               	movlw	8
  1171     07A4  00F1               	movwf	??_sema1+1
  1172     07A5  309D               	movlw	157
  1173     07A6  00F0               	movwf	??_sema1
  1174     07A7  3006               	movlw	6
  1175     07A8                     u197:
  1176     07A8  0B89               	decfsz	9,f
  1177     07A9  2FA8               	goto	u197
  1178     07AA  0BF0               	decfsz	??_sema1,f
  1179     07AB  2FA8               	goto	u197
  1180     07AC  0BF1               	decfsz	??_sema1+1,f
  1181     07AD  2FA8               	goto	u197
  1182     07AE                     l653:
  1183                           
  1184                           ;main.c: 32:  PORTD = 0x00;
  1185     07AE  0020               	movlb	0	; select bank0
  1186     07AF  018F               	clrf	15	;volatile
  1187     07B0                     l655:
  1188                           
  1189                           ;main.c: 33:  _delay((unsigned long)((20)*(20000000UL/4000.0)));
  1190     07B0  3082               	movlw	130
  1191     07B1  00F0               	movwf	??_sema1
  1192     07B2  30DE               	movlw	222
  1193     07B3                     u207:
  1194     07B3  0B89               	decfsz	9,f
  1195     07B4  2FB3               	goto	u207
  1196     07B5  0BF0               	decfsz	??_sema1,f
  1197     07B6  2FB3               	goto	u207
  1198     07B7                     l657:
  1199                           
  1200                           ;main.c: 34:  PORTD |= (1<<1);
  1201     07B7  0020               	movlb	0	; select bank0
  1202     07B8  148F               	bsf	15,1	;volatile
  1203     07B9                     l659:
  1204                           
  1205                           ;main.c: 35:  _delay((unsigned long)((ta)*(20000000UL/4000.0)));
  1206     07B9  3008               	movlw	8
  1207     07BA  00F1               	movwf	??_sema1+1
  1208     07BB  309D               	movlw	157
  1209     07BC  00F0               	movwf	??_sema1
  1210     07BD  3006               	movlw	6
  1211     07BE                     u217:
  1212     07BE  0B89               	decfsz	9,f
  1213     07BF  2FBE               	goto	u217
  1214     07C0  0BF0               	decfsz	??_sema1,f
  1215     07C1  2FBE               	goto	u217
  1216     07C2  0BF1               	decfsz	??_sema1+1,f
  1217     07C3  2FBE               	goto	u217
  1218     07C4                     l661:
  1219                           
  1220                           ;main.c: 36:  PORTD = 0x00;
  1221     07C4  0020               	movlb	0	; select bank0
  1222     07C5  018F               	clrf	15	;volatile
  1223                           
  1224                           ;main.c: 37:  _delay((unsigned long)((20)*(20000000UL/4000.0)));
  1225     07C6  3082               	movlw	130
  1226     07C7  00F0               	movwf	??_sema1
  1227     07C8  30DE               	movlw	222
  1228     07C9                     u227:
  1229     07C9  0B89               	decfsz	9,f
  1230     07CA  2FC9               	goto	u227
  1231     07CB  0BF0               	decfsz	??_sema1,f
  1232     07CC  2FC9               	goto	u227
  1233     07CD                     l663:
  1234                           
  1235                           ;main.c: 38:  PORTD |= (1<<2);
  1236     07CD  0020               	movlb	0	; select bank0
  1237     07CE  150F               	bsf	15,2	;volatile
  1238                           
  1239                           ;main.c: 39:  _delay((unsigned long)((500)*(20000000UL/4000.0)));
  1240     07CF  300D               	movlw	13
  1241     07D0  00F1               	movwf	??_sema1+1
  1242     07D1  30AF               	movlw	175
  1243     07D2  00F0               	movwf	??_sema1
  1244     07D3  30B6               	movlw	182
  1245     07D4                     u237:
  1246     07D4  0B89               	decfsz	9,f
  1247     07D5  2FD4               	goto	u237
  1248     07D6  0BF0               	decfsz	??_sema1,f
  1249     07D7  2FD4               	goto	u237
  1250     07D8  0BF1               	decfsz	??_sema1+1,f
  1251     07D9  2FD4               	goto	u237
  1252     07DA  3200               	nop2
  1253     07DB                     l665:
  1254                           
  1255                           ;main.c: 40:  PORTD = 0x00;
  1256     07DB  0020               	movlb	0	; select bank0
  1257     07DC  018F               	clrf	15	;volatile
  1258     07DD                     l667:
  1259                           
  1260                           ;main.c: 41:  _delay((unsigned long)((20)*(20000000UL/4000.0)));
  1261     07DD  3082               	movlw	130
  1262     07DE  00F0               	movwf	??_sema1
  1263     07DF  30DE               	movlw	222
  1264     07E0                     u247:
  1265     07E0  0B89               	decfsz	9,f
  1266     07E1  2FE0               	goto	u247
  1267     07E2  0BF0               	decfsz	??_sema1,f
  1268     07E3  2FE0               	goto	u247
  1269     07E4                     l669:
  1270                           
  1271                           ;main.c: 42:  PORTD |= (1<<1);
  1272     07E4  0020               	movlb	0	; select bank0
  1273     07E5  148F               	bsf	15,1	;volatile
  1274     07E6                     l671:
  1275                           
  1276                           ;main.c: 43:  _delay((unsigned long)((ta)*(20000000UL/4000.0)));
  1277     07E6  3008               	movlw	8
  1278     07E7  00F1               	movwf	??_sema1+1
  1279     07E8  309D               	movlw	157
  1280     07E9  00F0               	movwf	??_sema1
  1281     07EA  3006               	movlw	6
  1282     07EB                     u257:
  1283     07EB  0B89               	decfsz	9,f
  1284     07EC  2FEB               	goto	u257
  1285     07ED  0BF0               	decfsz	??_sema1,f
  1286     07EE  2FEB               	goto	u257
  1287     07EF  0BF1               	decfsz	??_sema1+1,f
  1288     07F0  2FEB               	goto	u257
  1289     07F1                     l673:
  1290                           
  1291                           ;main.c: 44:  PORTD = 0x00;
  1292     07F1  0020               	movlb	0	; select bank0
  1293     07F2  018F               	clrf	15	;volatile
  1294                           
  1295                           ;main.c: 45:  _delay((unsigned long)((20)*(20000000UL/4000.0)));
  1296     07F3  3082               	movlw	130
  1297     07F4  00F0               	movwf	??_sema1
  1298     07F5  30DE               	movlw	222
  1299     07F6                     u267:
  1300     07F6  0B89               	decfsz	9,f
  1301     07F7  2FF6               	goto	u267
  1302     07F8  0BF0               	decfsz	??_sema1,f
  1303     07F9  2FF6               	goto	u267
  1304     07FA                     l675:
  1305                           
  1306                           ;main.c: 46:  PORTD |= (1<<0);
  1307     07FA  0020               	movlb	0	; select bank0
  1308     07FB  140F               	bsf	15,0	;volatile
  1309     07FC                     l35:
  1310     07FC  0008               	return
  1311     07FD                     __end_of_sema1:
  1312     007E                     btemp	set	126	;btemp
  1313     007E                     wtemp0	set	126
  1314                           
  1315                           	psect	config
  1316                           
  1317                           ;Config register CONFIG1 @ 0x8007
  1318                           ;	Oscillator Selection
  1319                           ;	FOSC = HS, HS Oscillator, High-speed crystal/resonator connected between OSC1 and OSC2
      +                           pins
  1320                           ;	Watchdog Timer Enable
  1321                           ;	WDTE = OFF, WDT disabled
  1322                           ;	Power-up Timer Enable
  1323                           ;	PWRTE = OFF, PWRT disabled
  1324                           ;	MCLR Pin Function Select
  1325                           ;	MCLRE = ON, MCLR/VPP pin function is MCLR
  1326                           ;	Flash Program Memory Code Protection
  1327                           ;	CP = OFF, Program memory code protection is disabled
  1328                           ;	Data Memory Code Protection
  1329                           ;	CPD = OFF, Data memory code protection is disabled
  1330                           ;	Brown-out Reset Enable
  1331                           ;	BOREN = ON, Brown-out Reset enabled
  1332                           ;	Clock Out Enable
  1333                           ;	CLKOUTEN = OFF, CLKOUT function is disabled. I/O or oscillator function on the CLKOUT 
      +                          pin
  1334                           ;	Internal/External Switchover
  1335                           ;	IESO = ON, Internal/External Switchover mode is enabled
  1336                           ;	Fail-Safe Clock Monitor Enable
  1337                           ;	FCMEN = ON, Fail-Safe Clock Monitor is enabled
  1338     8007                     	org	32775
  1339     8007  3FE2               	dw	16354
  1340                           
  1341                           ;Config register CONFIG2 @ 0x8008
  1342                           ;	Flash Memory Self-Write Protection
  1343                           ;	WRT = OFF, Write protection off
  1344                           ;	Voltage Regulator Capacitor Enable
  1345                           ;	VCAPEN = OFF, All VCAP pin functionality is disabled
  1346                           ;	PLL Enable
  1347                           ;	PLLEN = OFF, 4x PLL disabled
  1348                           ;	Stack Overflow/Underflow Reset Enable
  1349                           ;	STVREN = ON, Stack Overflow or Underflow will cause a Reset
  1350                           ;	Brown-out Reset Voltage Selection
  1351                           ;	BORV = LO, Brown-out Reset Voltage (Vbor), low trip point selected.
  1352                           ;	Low-Voltage Programming Enable
  1353                           ;	LVP = ON, Low-voltage programming enabled
  1354     8008                     	org	32776
  1355     8008  3EFF               	dw	16127

Data Sizes:
    Strings     0
    Constant    4
    Data        0
    BSS         0
    Persistent  32
    Stack       0

Auto Spaces:
    Space          Size  Autos    Used
    COMMON           14      4       4
    BANK0            80      0       0
    BANK1            80      0       0
    BANK2            80      0       0
    BANK3            80      0       0
    BANK4            80      0       0
    BANK5            80      0       0
    BANK6            80      0       0
    BANK7            80      0       0
    BANK8            80      0       0
    BANK9            80      0       0
    BANK10           80      0       0
    BANK11           80      0       0
    BANK12           48      0       0

Pointer List with Targets:

    None.

Critical Paths under _main in COMMON

    _main->_sema1
    _main->_sema2
    _main->_sema3

Critical Paths under _main in BANK0

    None.

Critical Paths under _main in BANK1

    None.

Critical Paths under _main in BANK2

    None.

Critical Paths under _main in BANK3

    None.

Critical Paths under _main in BANK4

    None.

Critical Paths under _main in BANK5

    None.

Critical Paths under _main in BANK6

    None.

Critical Paths under _main in BANK7

    None.

Critical Paths under _main in BANK8

    None.

Critical Paths under _main in BANK9

    None.

Critical Paths under _main in BANK10

    None.

Critical Paths under _main in BANK11

    None.

Critical Paths under _main in BANK12

    None.

Call Graph Tables:

 ---------------------------------------------------------------------------------
 (Depth) Function   	        Calls       Base Space   Used Autos Params    Refs
 ---------------------------------------------------------------------------------
 (0) _main                                                 2     2      0       0
                                              2 COMMON     2     2      0
                              _sema1
                              _sema2
                              _sema3
 ---------------------------------------------------------------------------------
 (1) _sema3                                                2     2      0       0
                                              0 COMMON     2     2      0
 ---------------------------------------------------------------------------------
 (1) _sema2                                                2     2      0       0
                                              0 COMMON     2     2      0
 ---------------------------------------------------------------------------------
 (1) _sema1                                                2     2      0       0
                                              0 COMMON     2     2      0
 ---------------------------------------------------------------------------------
 Estimated maximum stack depth 1
 ---------------------------------------------------------------------------------

 Call Graph Graphs:

 _main (ROOT)
   _sema1
   _sema2
   _sema3

 Address spaces:
Name               Size   Autos  Total    Cost      Usage
BIGRAM             3F0      0       0       0        0.0%
EEDATA             100      0       0       0        0.0%
NULL                 0      0       0       0        0.0%
CODE                 0      0       0       0        0.0%
BITCOMMON            E      0       0       1        0.0%
BITSFR0              0      0       0       1        0.0%
SFR0                 0      0       0       1        0.0%
COMMON               E      4       4       2       28.6%
BITSFR1              0      0       0       2        0.0%
SFR1                 0      0       0       2        0.0%
BITSFR2              0      0       0       3        0.0%
SFR2                 0      0       0       3        0.0%
STACK                0      0       0       3        0.0%
BITBANK0            50      0       0       4        0.0%
BITSFR3              0      0       0       4        0.0%
SFR3                 0      0       0       4        0.0%
BANK0               50      0       0       5        0.0%
BITSFR4              0      0       0       5        0.0%
SFR4                 0      0       0       5        0.0%
BITBANK1            50      0       0       6        0.0%
BITSFR5              0      0       0       6        0.0%
SFR5                 0      0       0       6        0.0%
BANK1               50      0       0       7        0.0%
BITSFR6              0      0       0       7        0.0%
SFR6                 0      0       0       7        0.0%
BITBANK2            50      0       0       8        0.0%
BITSFR7              0      0       0       8        0.0%
SFR7                 0      0       0       8        0.0%
BANK2               50      0       0       9        0.0%
BITSFR8              0      0       0       9        0.0%
SFR8                 0      0       0       9        0.0%
BITBANK3            50      0       0      10        0.0%
BITSFR9              0      0       0      10        0.0%
SFR9                 0      0       0      10        0.0%
BANK3               50      0       0      11        0.0%
BITSFR10             0      0       0      11        0.0%
SFR10                0      0       0      11        0.0%
BITBANK4            50      0       0      12        0.0%
BITSFR11             0      0       0      12        0.0%
SFR11                0      0       0      12        0.0%
BANK4               50      0       0      13        0.0%
BITSFR12             0      0       0      13        0.0%
SFR12                0      0       0      13        0.0%
BITBANK5            50      0       0      14        0.0%
BITSFR13             0      0       0      14        0.0%
SFR13                0      0       0      14        0.0%
BANK5               50      0       0      15        0.0%
BITSFR14             0      0       0      15        0.0%
SFR14                0      0       0      15        0.0%
BITBANK6            50      0       0      16        0.0%
BITSFR15             0      0       0      16        0.0%
SFR15                0      0       0      16        0.0%
BANK6               50      0       0      17        0.0%
BITSFR16             0      0       0      17        0.0%
SFR16                0      0       0      17        0.0%
BITBANK7            50      0       0      18        0.0%
BITSFR17             0      0       0      18        0.0%
SFR17                0      0       0      18        0.0%
BANK7               50      0       0      19        0.0%
BITSFR18             0      0       0      19        0.0%
SFR18                0      0       0      19        0.0%
BITSFR19             0      0       0      20        0.0%
SFR19                0      0       0      20        0.0%
ABS                  0      0       0      20        0.0%
BITBANK8            50      0       0      21        0.0%
BITSFR20             0      0       0      21        0.0%
SFR20                0      0       0      21        0.0%
BANK8               50      0       0      22        0.0%
BITSFR21             0      0       0      22        0.0%
SFR21                0      0       0      22        0.0%
BITBANK9            50      0       0      23        0.0%
BITSFR22             0      0       0      23        0.0%
SFR22                0      0       0      23        0.0%
BANK9               50      0       0      24        0.0%
BITSFR23             0      0       0      24        0.0%
SFR23                0      0       0      24        0.0%
BITBANK10           50      0       0      25        0.0%
BITSFR24             0      0       0      25        0.0%
SFR24                0      0       0      25        0.0%
BANK10              50      0       0      26        0.0%
BITSFR25             0      0       0      26        0.0%
SFR25                0      0       0      26        0.0%
BITBANK11           50      0       0      27        0.0%
BITSFR26             0      0       0      27        0.0%
SFR26                0      0       0      27        0.0%
BANK11              50      0       0      28        0.0%
BITSFR27             0      0       0      28        0.0%
SFR27                0      0       0      28        0.0%
BITBANK12           30      0       0      29        0.0%
BITSFR28             0      0       0      29        0.0%
SFR28                0      0       0      29        0.0%
BANK12              30      0       0      30        0.0%
BITSFR29             0      0       0      30        0.0%
SFR29                0      0       0      30        0.0%
BITSFR30             0      0       0      31        0.0%
SFR30                0      0       0      31        0.0%
DATA                 0      0       0      31        0.0%
BITSFR31             0      0       0      32        0.0%
SFR31                0      0       0      32        0.0%


Microchip Technology PIC Macro Assembler V2.41 build 20230208172133 
Symbol Table                                                                                   Wed Sep 06 13:51:35 2023

                     l41 079E                       l35 07FC                       l38 0741  
                     u17 06C9                       u27 06D8                       u37 06E7  
                     u47 074A                       u57 0755                       u67 0760  
                     u77 076B                       u87 0776                       u97 0782  
                     _ta 0800                       _te 0802                      l701 073F  
                    l711 0759                      l703 0742                      l721 077F  
                    l713 075B                      l705 0745                      l651 07A3  
                    l723 0786                      l715 0766                      l707 0750  
                    l731 06BD                      l661 07C4                      l653 07AE  
                    l725 0788                      l717 076F                      l709 0752  
                    l741 06DF                      l733 06C1                      l671 07E6  
                    l663 07CD                      l655 07B0                      l727 0793  
                    l719 077D                      l743 06E2                      l735 06C4  
                    l673 07F1                      l665 07DB                      l657 07B7  
                    l649 079F                      l681 06F5                      l729 079C  
                    l737 06D0                      l675 07FA                      l667 07DD  
                    l659 07B9                      l691 0714                      l683 06FC  
                    l739 06D3                      l669 07E4                      l693 0722  
                    l685 06FE                      l677 06F1                      l695 0729  
                    l687 070B                      l679 06F4                      l697 072B  
                    l689 0712                      l699 0738                      u107 078D  
                    u117 0798                      u207 07B3                      u127 06F8  
                    u217 07BE                      u137 0703                      u227 07C9  
                    u147 070E                      u237 07D4                      u157 0719  
                    u247 07E0                      u167 0725                      u257 07EB  
                    u177 0730                      u267 07F6                      u187 073B  
                    u197 07A8                      wreg 0009                     _main 06BD  
                   btemp 007E                     start 0002                    ?_main 0070  
                  _PORTB 000D                    _PORTC 000E                    _PORTD 000F  
                  _TRISB 008D                    _TRISC 008E                    _TRISD 008F  
                  _sema1 079F                    _sema2 06F1                    _sema3 0742  
                  wtemp0 007E          __initialization 07FD             __end_of_main 06F1  
                 ??_main 0072                   ?_sema1 0070                   ?_sema2 0070  
                 ?_sema3 0070  __end_of__initialization 07FD           __pcstackCOMMON 0070  
          __end_of_sema1 07FD            __end_of_sema2 0742            __end_of_sema3 079F  
             __end_of_ta 0802               __end_of_te 0804                  ??_sema1 0070  
                ??_sema2 0070                  ??_sema3 0070               __pmaintext 06BD  
                __ptext1 0742                  __ptext2 06F1                  __ptext3 079F  
   end_of_initialization 07FD      start_initialization 07FD                ___latbits 0003  
          __pstringtext1 0800            __pstringtext2 0802  
