

Microchip MPLAB XC8 Assembler V2.41 build 20230208172133 
                                                                                               Fri Sep 08 02:00:47 2023

Microchip MPLAB XC8 C Compiler v2.41 (Free license) build 20230208172133 Og1 
     1                           	processor	16F1939
     2                           	pagewidth 120
     3                           	opt	flic
     4                           	psect	idataBANK0,global,class=CODE,delta=2,noexec
     5                           	psect	cinit,global,class=CODE,merge=1,delta=2
     6                           	psect	bssCOMMON,global,class=COMMON,space=1,delta=1,noexec
     7                           	psect	dataBANK0,global,class=BANK0,space=1,delta=1,noexec
     8                           	psect	inittext,global,class=CODE,delta=2
     9                           	psect	cstackCOMMON,global,class=COMMON,space=1,delta=1,noexec
    10                           	psect	maintext,global,class=CODE,merge=1,split=1,delta=2
    11                           	psect	config,global,abs,ovrld,class=CONFIG,space=4,delta=2,noexec
    12                           	dabs	1,0x7E,2
    13     0000                     
    14                           ; Generated 06/07/2023 GMT
    15                           ; 
    16                           ; Copyright © 2023, Microchip Technology Inc. and its subsidiaries ("Microchip")
    17                           ; All rights reserved.
    18                           ; 
    19                           ; This software is developed by Microchip Technology Inc. and its subsidiaries ("Microch
      +                          ip").
    20                           ; 
    21                           ; Redistribution and use in source and binary forms, with or without modification, are
    22                           ; permitted provided that the following conditions are met:
    23                           ; 
    24                           ;     1. Redistributions of source code must retain the above copyright notice, this lis
      +                          t of
    25                           ;        conditions and the following disclaimer.
    26                           ; 
    27                           ;     2. Redistributions in binary form must reproduce the above copyright notice, this 
      +                          list
    28                           ;        of conditions and the following disclaimer in the documentation and/or other
    29                           ;        materials provided with the distribution. Publication is not required when
    30                           ;        this file is used in an embedded application.
    31                           ; 
    32                           ;     3. Microchip's name may not be used to endorse or promote products derived from th
      +                          is
    33                           ;        software without specific prior written permission.
    34                           ; 
    35                           ; THIS SOFTWARE IS PROVIDED BY MICROCHIP "AS IS" AND ANY EXPRESS OR IMPLIED WARRANTIES,
    36                           ; INCLUDING, BUT NOT LIMITED TO, THE IMPLIED WARRANTIES OF MERCHANTABILITY AND FITNESS F
      +                          OR
    37                           ; PURPOSE ARE DISCLAIMED.  IN NO EVENT SHALL MICROCHIP BE LIABLE FOR ANY DIRECT, INDIREC
      +                          T,
    38                           ; INCIDENTAL, SPECIAL, EXEMPLARY, OR CONSEQUENTIAL DAMAGES (INCLUDING BUT NOT LIMITED TO
    39                           ; PROCUREMENT OF SUBSTITUTE GOODS OR SERVICES; LOSS OF USE, DATA OR PROFITS; OR BUSINESS
    40                           ; INTERRUPTION) HOWSOEVER CAUSED AND ON ANY THEORY OF LIABILITY, WHETHER IN CONTRACT, ST
      +                          RICT
    41                           ; LIABILITY, OR TORT (INCLUDING NEGLIGENCE OR OTHERWISE) ARISING IN ANY WAY OUT OF THE U
      +                          SE OF
    42                           ; THIS SOFTWARE, EVEN IF ADVISED OF THE POSSIBILITY OF SUCH DAMAGE.
    43                           ; 
    44                           ; 
    45                           ; Code-generator required, PIC16F1939 Definitions
    46                           ; 
    47                           ; SFR Addresses
    48     0000                     	;# 
    49     0001                     	;# 
    50     0002                     	;# 
    51     0003                     	;# 
    52     0004                     	;# 
    53     0005                     	;# 
    54     0006                     	;# 
    55     0007                     	;# 
    56     0008                     	;# 
    57     0009                     	;# 
    58     000A                     	;# 
    59     000B                     	;# 
    60     000C                     	;# 
    61     000D                     	;# 
    62     000E                     	;# 
    63     000F                     	;# 
    64     0010                     	;# 
    65     0011                     	;# 
    66     0012                     	;# 
    67     0013                     	;# 
    68     0015                     	;# 
    69     0016                     	;# 
    70     0016                     	;# 
    71     0017                     	;# 
    72     0018                     	;# 
    73     0019                     	;# 
    74     001A                     	;# 
    75     001B                     	;# 
    76     001C                     	;# 
    77     001E                     	;# 
    78     001F                     	;# 
    79     008C                     	;# 
    80     008D                     	;# 
    81     008E                     	;# 
    82     008F                     	;# 
    83     0090                     	;# 
    84     0091                     	;# 
    85     0092                     	;# 
    86     0093                     	;# 
    87     0095                     	;# 
    88     0096                     	;# 
    89     0097                     	;# 
    90     0098                     	;# 
    91     0099                     	;# 
    92     009A                     	;# 
    93     009B                     	;# 
    94     009B                     	;# 
    95     009C                     	;# 
    96     009D                     	;# 
    97     009E                     	;# 
    98     010C                     	;# 
    99     010D                     	;# 
   100     010E                     	;# 
   101     010F                     	;# 
   102     0110                     	;# 
   103     0111                     	;# 
   104     0112                     	;# 
   105     0113                     	;# 
   106     0114                     	;# 
   107     0115                     	;# 
   108     0116                     	;# 
   109     0117                     	;# 
   110     0118                     	;# 
   111     0119                     	;# 
   112     011A                     	;# 
   113     011B                     	;# 
   114     011D                     	;# 
   115     018C                     	;# 
   116     018D                     	;# 
   117     018F                     	;# 
   118     0190                     	;# 
   119     0191                     	;# 
   120     0191                     	;# 
   121     0192                     	;# 
   122     0193                     	;# 
   123     0193                     	;# 
   124     0193                     	;# 
   125     0194                     	;# 
   126     0195                     	;# 
   127     0196                     	;# 
   128     0199                     	;# 
   129     019A                     	;# 
   130     019B                     	;# 
   131     019B                     	;# 
   132     019B                     	;# 
   133     019B                     	;# 
   134     019C                     	;# 
   135     019C                     	;# 
   136     019D                     	;# 
   137     019E                     	;# 
   138     019F                     	;# 
   139     020D                     	;# 
   140     0210                     	;# 
   141     0211                     	;# 
   142     0212                     	;# 
   143     0213                     	;# 
   144     0214                     	;# 
   145     0215                     	;# 
   146     0215                     	;# 
   147     0216                     	;# 
   148     0217                     	;# 
   149     0291                     	;# 
   150     0291                     	;# 
   151     0292                     	;# 
   152     0293                     	;# 
   153     0294                     	;# 
   154     0295                     	;# 
   155     0295                     	;# 
   156     0296                     	;# 
   157     0298                     	;# 
   158     0298                     	;# 
   159     0299                     	;# 
   160     029A                     	;# 
   161     029B                     	;# 
   162     029C                     	;# 
   163     029C                     	;# 
   164     029D                     	;# 
   165     029E                     	;# 
   166     029F                     	;# 
   167     0311                     	;# 
   168     0311                     	;# 
   169     0312                     	;# 
   170     0313                     	;# 
   171     0314                     	;# 
   172     0315                     	;# 
   173     0315                     	;# 
   174     0316                     	;# 
   175     0318                     	;# 
   176     0318                     	;# 
   177     0319                     	;# 
   178     031A                     	;# 
   179     031C                     	;# 
   180     031C                     	;# 
   181     031D                     	;# 
   182     031E                     	;# 
   183     0394                     	;# 
   184     0395                     	;# 
   185     0396                     	;# 
   186     0415                     	;# 
   187     0416                     	;# 
   188     0417                     	;# 
   189     041C                     	;# 
   190     041D                     	;# 
   191     041E                     	;# 
   192     0791                     	;# 
   193     0792                     	;# 
   194     0793                     	;# 
   195     0794                     	;# 
   196     0795                     	;# 
   197     0798                     	;# 
   198     0799                     	;# 
   199     079A                     	;# 
   200     07A0                     	;# 
   201     07A1                     	;# 
   202     07A2                     	;# 
   203     07A3                     	;# 
   204     07A4                     	;# 
   205     07A5                     	;# 
   206     07A6                     	;# 
   207     07A7                     	;# 
   208     07A8                     	;# 
   209     07A9                     	;# 
   210     07AA                     	;# 
   211     07AB                     	;# 
   212     0FE4                     	;# 
   213     0FE5                     	;# 
   214     0FE6                     	;# 
   215     0FE7                     	;# 
   216     0FE8                     	;# 
   217     0FE9                     	;# 
   218     0FEA                     	;# 
   219     0FEB                     	;# 
   220     0FED                     	;# 
   221     0FEE                     	;# 
   222     0FEF                     	;# 
   223     0000                     	;# 
   224     0001                     	;# 
   225     0002                     	;# 
   226     0003                     	;# 
   227     0004                     	;# 
   228     0005                     	;# 
   229     0006                     	;# 
   230     0007                     	;# 
   231     0008                     	;# 
   232     0009                     	;# 
   233     000A                     	;# 
   234     000B                     	;# 
   235     000C                     	;# 
   236     000D                     	;# 
   237     000E                     	;# 
   238     000F                     	;# 
   239     0010                     	;# 
   240     0011                     	;# 
   241     0012                     	;# 
   242     0013                     	;# 
   243     0015                     	;# 
   244     0016                     	;# 
   245     0016                     	;# 
   246     0017                     	;# 
   247     0018                     	;# 
   248     0019                     	;# 
   249     001A                     	;# 
   250     001B                     	;# 
   251     001C                     	;# 
   252     001E                     	;# 
   253     001F                     	;# 
   254     008C                     	;# 
   255     008D                     	;# 
   256     008E                     	;# 
   257     008F                     	;# 
   258     0090                     	;# 
   259     0091                     	;# 
   260     0092                     	;# 
   261     0093                     	;# 
   262     0095                     	;# 
   263     0096                     	;# 
   264     0097                     	;# 
   265     0098                     	;# 
   266     0099                     	;# 
   267     009A                     	;# 
   268     009B                     	;# 
   269     009B                     	;# 
   270     009C                     	;# 
   271     009D                     	;# 
   272     009E                     	;# 
   273     010C                     	;# 
   274     010D                     	;# 
   275     010E                     	;# 
   276     010F                     	;# 
   277     0110                     	;# 
   278     0111                     	;# 
   279     0112                     	;# 
   280     0113                     	;# 
   281     0114                     	;# 
   282     0115                     	;# 
   283     0116                     	;# 
   284     0117                     	;# 
   285     0118                     	;# 
   286     0119                     	;# 
   287     011A                     	;# 
   288     011B                     	;# 
   289     011D                     	;# 
   290     018C                     	;# 
   291     018D                     	;# 
   292     018F                     	;# 
   293     0190                     	;# 
   294     0191                     	;# 
   295     0191                     	;# 
   296     0192                     	;# 
   297     0193                     	;# 
   298     0193                     	;# 
   299     0193                     	;# 
   300     0194                     	;# 
   301     0195                     	;# 
   302     0196                     	;# 
   303     0199                     	;# 
   304     019A                     	;# 
   305     019B                     	;# 
   306     019B                     	;# 
   307     019B                     	;# 
   308     019B                     	;# 
   309     019C                     	;# 
   310     019C                     	;# 
   311     019D                     	;# 
   312     019E                     	;# 
   313     019F                     	;# 
   314     020D                     	;# 
   315     0210                     	;# 
   316     0211                     	;# 
   317     0212                     	;# 
   318     0213                     	;# 
   319     0214                     	;# 
   320     0215                     	;# 
   321     0215                     	;# 
   322     0216                     	;# 
   323     0217                     	;# 
   324     0291                     	;# 
   325     0291                     	;# 
   326     0292                     	;# 
   327     0293                     	;# 
   328     0294                     	;# 
   329     0295                     	;# 
   330     0295                     	;# 
   331     0296                     	;# 
   332     0298                     	;# 
   333     0298                     	;# 
   334     0299                     	;# 
   335     029A                     	;# 
   336     029B                     	;# 
   337     029C                     	;# 
   338     029C                     	;# 
   339     029D                     	;# 
   340     029E                     	;# 
   341     029F                     	;# 
   342     0311                     	;# 
   343     0311                     	;# 
   344     0312                     	;# 
   345     0313                     	;# 
   346     0314                     	;# 
   347     0315                     	;# 
   348     0315                     	;# 
   349     0316                     	;# 
   350     0318                     	;# 
   351     0318                     	;# 
   352     0319                     	;# 
   353     031A                     	;# 
   354     031C                     	;# 
   355     031C                     	;# 
   356     031D                     	;# 
   357     031E                     	;# 
   358     0394                     	;# 
   359     0395                     	;# 
   360     0396                     	;# 
   361     0415                     	;# 
   362     0416                     	;# 
   363     0417                     	;# 
   364     041C                     	;# 
   365     041D                     	;# 
   366     041E                     	;# 
   367     0791                     	;# 
   368     0792                     	;# 
   369     0793                     	;# 
   370     0794                     	;# 
   371     0795                     	;# 
   372     0798                     	;# 
   373     0799                     	;# 
   374     079A                     	;# 
   375     07A0                     	;# 
   376     07A1                     	;# 
   377     07A2                     	;# 
   378     07A3                     	;# 
   379     07A4                     	;# 
   380     07A5                     	;# 
   381     07A6                     	;# 
   382     07A7                     	;# 
   383     07A8                     	;# 
   384     07A9                     	;# 
   385     07AA                     	;# 
   386     07AB                     	;# 
   387     0FE4                     	;# 
   388     0FE5                     	;# 
   389     0FE6                     	;# 
   390     0FE7                     	;# 
   391     0FE8                     	;# 
   392     0FE9                     	;# 
   393     0FEA                     	;# 
   394     0FEB                     	;# 
   395     0FED                     	;# 
   396     0FEE                     	;# 
   397     0FEF                     	;# 
   398     0000                     	;# 
   399     0001                     	;# 
   400     0002                     	;# 
   401     0003                     	;# 
   402     0004                     	;# 
   403     0005                     	;# 
   404     0006                     	;# 
   405     0007                     	;# 
   406     0008                     	;# 
   407     0009                     	;# 
   408     000A                     	;# 
   409     000B                     	;# 
   410     000C                     	;# 
   411     000D                     	;# 
   412     000E                     	;# 
   413     000F                     	;# 
   414     0010                     	;# 
   415     0011                     	;# 
   416     0012                     	;# 
   417     0013                     	;# 
   418     0015                     	;# 
   419     0016                     	;# 
   420     0016                     	;# 
   421     0017                     	;# 
   422     0018                     	;# 
   423     0019                     	;# 
   424     001A                     	;# 
   425     001B                     	;# 
   426     001C                     	;# 
   427     001E                     	;# 
   428     001F                     	;# 
   429     008C                     	;# 
   430     008D                     	;# 
   431     008E                     	;# 
   432     008F                     	;# 
   433     0090                     	;# 
   434     0091                     	;# 
   435     0092                     	;# 
   436     0093                     	;# 
   437     0095                     	;# 
   438     0096                     	;# 
   439     0097                     	;# 
   440     0098                     	;# 
   441     0099                     	;# 
   442     009A                     	;# 
   443     009B                     	;# 
   444     009B                     	;# 
   445     009C                     	;# 
   446     009D                     	;# 
   447     009E                     	;# 
   448     010C                     	;# 
   449     010D                     	;# 
   450     010E                     	;# 
   451     010F                     	;# 
   452     0110                     	;# 
   453     0111                     	;# 
   454     0112                     	;# 
   455     0113                     	;# 
   456     0114                     	;# 
   457     0115                     	;# 
   458     0116                     	;# 
   459     0117                     	;# 
   460     0118                     	;# 
   461     0119                     	;# 
   462     011A                     	;# 
   463     011B                     	;# 
   464     011D                     	;# 
   465     018C                     	;# 
   466     018D                     	;# 
   467     018F                     	;# 
   468     0190                     	;# 
   469     0191                     	;# 
   470     0191                     	;# 
   471     0192                     	;# 
   472     0193                     	;# 
   473     0193                     	;# 
   474     0193                     	;# 
   475     0194                     	;# 
   476     0195                     	;# 
   477     0196                     	;# 
   478     0199                     	;# 
   479     019A                     	;# 
   480     019B                     	;# 
   481     019B                     	;# 
   482     019B                     	;# 
   483     019B                     	;# 
   484     019C                     	;# 
   485     019C                     	;# 
   486     019D                     	;# 
   487     019E                     	;# 
   488     019F                     	;# 
   489     020D                     	;# 
   490     0210                     	;# 
   491     0211                     	;# 
   492     0212                     	;# 
   493     0213                     	;# 
   494     0214                     	;# 
   495     0215                     	;# 
   496     0215                     	;# 
   497     0216                     	;# 
   498     0217                     	;# 
   499     0291                     	;# 
   500     0291                     	;# 
   501     0292                     	;# 
   502     0293                     	;# 
   503     0294                     	;# 
   504     0295                     	;# 
   505     0295                     	;# 
   506     0296                     	;# 
   507     0298                     	;# 
   508     0298                     	;# 
   509     0299                     	;# 
   510     029A                     	;# 
   511     029B                     	;# 
   512     029C                     	;# 
   513     029C                     	;# 
   514     029D                     	;# 
   515     029E                     	;# 
   516     029F                     	;# 
   517     0311                     	;# 
   518     0311                     	;# 
   519     0312                     	;# 
   520     0313                     	;# 
   521     0314                     	;# 
   522     0315                     	;# 
   523     0315                     	;# 
   524     0316                     	;# 
   525     0318                     	;# 
   526     0318                     	;# 
   527     0319                     	;# 
   528     031A                     	;# 
   529     031C                     	;# 
   530     031C                     	;# 
   531     031D                     	;# 
   532     031E                     	;# 
   533     0394                     	;# 
   534     0395                     	;# 
   535     0396                     	;# 
   536     0415                     	;# 
   537     0416                     	;# 
   538     0417                     	;# 
   539     041C                     	;# 
   540     041D                     	;# 
   541     041E                     	;# 
   542     0791                     	;# 
   543     0792                     	;# 
   544     0793                     	;# 
   545     0794                     	;# 
   546     0795                     	;# 
   547     0798                     	;# 
   548     0799                     	;# 
   549     079A                     	;# 
   550     07A0                     	;# 
   551     07A1                     	;# 
   552     07A2                     	;# 
   553     07A3                     	;# 
   554     07A4                     	;# 
   555     07A5                     	;# 
   556     07A6                     	;# 
   557     07A7                     	;# 
   558     07A8                     	;# 
   559     07A9                     	;# 
   560     07AA                     	;# 
   561     07AB                     	;# 
   562     0FE4                     	;# 
   563     0FE5                     	;# 
   564     0FE6                     	;# 
   565     0FE7                     	;# 
   566     0FE8                     	;# 
   567     0FE9                     	;# 
   568     0FEA                     	;# 
   569     0FEB                     	;# 
   570     0FED                     	;# 
   571     0FEE                     	;# 
   572     0FEF                     	;# 
   573     0000                     	;# 
   574     0001                     	;# 
   575     0002                     	;# 
   576     0003                     	;# 
   577     0004                     	;# 
   578     0005                     	;# 
   579     0006                     	;# 
   580     0007                     	;# 
   581     0008                     	;# 
   582     0009                     	;# 
   583     000A                     	;# 
   584     000B                     	;# 
   585     000C                     	;# 
   586     000D                     	;# 
   587     000E                     	;# 
   588     000F                     	;# 
   589     0010                     	;# 
   590     0011                     	;# 
   591     0012                     	;# 
   592     0013                     	;# 
   593     0015                     	;# 
   594     0016                     	;# 
   595     0016                     	;# 
   596     0017                     	;# 
   597     0018                     	;# 
   598     0019                     	;# 
   599     001A                     	;# 
   600     001B                     	;# 
   601     001C                     	;# 
   602     001E                     	;# 
   603     001F                     	;# 
   604     008C                     	;# 
   605     008D                     	;# 
   606     008E                     	;# 
   607     008F                     	;# 
   608     0090                     	;# 
   609     0091                     	;# 
   610     0092                     	;# 
   611     0093                     	;# 
   612     0095                     	;# 
   613     0096                     	;# 
   614     0097                     	;# 
   615     0098                     	;# 
   616     0099                     	;# 
   617     009A                     	;# 
   618     009B                     	;# 
   619     009B                     	;# 
   620     009C                     	;# 
   621     009D                     	;# 
   622     009E                     	;# 
   623     010C                     	;# 
   624     010D                     	;# 
   625     010E                     	;# 
   626     010F                     	;# 
   627     0110                     	;# 
   628     0111                     	;# 
   629     0112                     	;# 
   630     0113                     	;# 
   631     0114                     	;# 
   632     0115                     	;# 
   633     0116                     	;# 
   634     0117                     	;# 
   635     0118                     	;# 
   636     0119                     	;# 
   637     011A                     	;# 
   638     011B                     	;# 
   639     011D                     	;# 
   640     018C                     	;# 
   641     018D                     	;# 
   642     018F                     	;# 
   643     0190                     	;# 
   644     0191                     	;# 
   645     0191                     	;# 
   646     0192                     	;# 
   647     0193                     	;# 
   648     0193                     	;# 
   649     0193                     	;# 
   650     0194                     	;# 
   651     0195                     	;# 
   652     0196                     	;# 
   653     0199                     	;# 
   654     019A                     	;# 
   655     019B                     	;# 
   656     019B                     	;# 
   657     019B                     	;# 
   658     019B                     	;# 
   659     019C                     	;# 
   660     019C                     	;# 
   661     019D                     	;# 
   662     019E                     	;# 
   663     019F                     	;# 
   664     020D                     	;# 
   665     0210                     	;# 
   666     0211                     	;# 
   667     0212                     	;# 
   668     0213                     	;# 
   669     0214                     	;# 
   670     0215                     	;# 
   671     0215                     	;# 
   672     0216                     	;# 
   673     0217                     	;# 
   674     0291                     	;# 
   675     0291                     	;# 
   676     0292                     	;# 
   677     0293                     	;# 
   678     0294                     	;# 
   679     0295                     	;# 
   680     0295                     	;# 
   681     0296                     	;# 
   682     0298                     	;# 
   683     0298                     	;# 
   684     0299                     	;# 
   685     029A                     	;# 
   686     029B                     	;# 
   687     029C                     	;# 
   688     029C                     	;# 
   689     029D                     	;# 
   690     029E                     	;# 
   691     029F                     	;# 
   692     0311                     	;# 
   693     0311                     	;# 
   694     0312                     	;# 
   695     0313                     	;# 
   696     0314                     	;# 
   697     0315                     	;# 
   698     0315                     	;# 
   699     0316                     	;# 
   700     0318                     	;# 
   701     0318                     	;# 
   702     0319                     	;# 
   703     031A                     	;# 
   704     031C                     	;# 
   705     031C                     	;# 
   706     031D                     	;# 
   707     031E                     	;# 
   708     0394                     	;# 
   709     0395                     	;# 
   710     0396                     	;# 
   711     0415                     	;# 
   712     0416                     	;# 
   713     0417                     	;# 
   714     041C                     	;# 
   715     041D                     	;# 
   716     041E                     	;# 
   717     0791                     	;# 
   718     0792                     	;# 
   719     0793                     	;# 
   720     0794                     	;# 
   721     0795                     	;# 
   722     0798                     	;# 
   723     0799                     	;# 
   724     079A                     	;# 
   725     07A0                     	;# 
   726     07A1                     	;# 
   727     07A2                     	;# 
   728     07A3                     	;# 
   729     07A4                     	;# 
   730     07A5                     	;# 
   731     07A6                     	;# 
   732     07A7                     	;# 
   733     07A8                     	;# 
   734     07A9                     	;# 
   735     07AA                     	;# 
   736     07AB                     	;# 
   737     0FE4                     	;# 
   738     0FE5                     	;# 
   739     0FE6                     	;# 
   740     0FE7                     	;# 
   741     0FE8                     	;# 
   742     0FE9                     	;# 
   743     0FEA                     	;# 
   744     0FEB                     	;# 
   745     0FED                     	;# 
   746     0FEE                     	;# 
   747     0FEF                     	;# 
   748                           
   749                           	psect	idataBANK0
   750     0607                     __pidataBANK0:
   751                           
   752                           ;initializer for _decoAC
   753     0607  3440               	retlw	64
   754     0608  3479               	retlw	121
   755     0609  3424               	retlw	36
   756     060A  3430               	retlw	48
   757     060B  3419               	retlw	25
   758     060C  3412               	retlw	18
   759     060D  3402               	retlw	2
   760     060E  3478               	retlw	120
   761     060F  3400               	retlw	0
   762     0610  3418               	retlw	24
   763                           
   764                           ;initializer for _decoCC
   765     0611  34BF               	retlw	191
   766     0612  3486               	retlw	134
   767     0613  34DB               	retlw	219
   768     0614  34CF               	retlw	207
   769     0615  34E6               	retlw	230
   770     0616  34ED               	retlw	237
   771     0617  34FD               	retlw	253
   772     0618  3487               	retlw	135
   773     0619  34FF               	retlw	255
   774     061A  34E7               	retlw	231
   775     000D                     _PORTBbits	set	13
   776     008D                     _TRISBbits	set	141
   777     008F                     _TRISD	set	143
   778     010F                     _LATD	set	271
   779     010D                     _LATBbits	set	269
   780     018D                     _ANSELBbits	set	397
   781     018F                     _ANSELD	set	399
   782                           
   783                           	psect	cinit
   784     07EA                     start_initialization:	
   785                           ; #config settings
   786                           
   787     07EA                     __initialization:
   788                           
   789                           ; Initialize objects allocated to BANK0
   790     07EA  3007               	movlw	low __pidataBANK0
   791     07EB  0084               	movwf	4
   792     07EC  3086               	movlw	(high __pidataBANK0)| (0+128)
   793     07ED  0085               	movwf	5
   794     07EE  3020               	movlw	low __pdataBANK0
   795     07EF  0086               	movwf	6
   796     07F0  3000               	movlw	high __pdataBANK0
   797     07F1  0087               	movwf	7
   798     07F2  3014               	movlw	20
   799     07F3  3186  2601  3187   	fcall	init_ram
   800                           
   801                           ; Clear objects allocated to COMMON
   802     07F6  01F0               	clrf	__pbssCOMMON& (0+127)
   803     07F7  01F1               	clrf	(__pbssCOMMON+1)& (0+127)
   804     07F8  01F2               	clrf	(__pbssCOMMON+2)& (0+127)
   805     07F9  01F3               	clrf	(__pbssCOMMON+3)& (0+127)
   806     07FA  01F4               	clrf	(__pbssCOMMON+4)& (0+127)
   807     07FB  01F5               	clrf	(__pbssCOMMON+5)& (0+127)
   808     07FC  01F6               	clrf	(__pbssCOMMON+6)& (0+127)
   809     07FD                     end_of_initialization:	
   810                           ;End of C runtime variable initialization code
   811                           
   812     07FD                     __end_of__initialization:
   813     07FD  0020               	movlb	0
   814     07FE  3186  2E1B         	ljmp	_main	;jump to C main() function
   815                           
   816                           	psect	bssCOMMON
   817     0070                     __pbssCOMMON:
   818     0070                     _num:
   819     0070                     	ds	2
   820     0072                     _decena:
   821     0072                     	ds	2
   822     0074                     _unidad:
   823     0074                     	ds	2
   824     0076                     _cont:
   825     0076                     	ds	1
   826                           
   827                           	psect	dataBANK0
   828     0020                     __pdataBANK0:
   829     0020                     _decoAC:
   830     0020                     	ds	10
   831     002A                     _decoCC:
   832     002A                     	ds	10
   833                           
   834                           	psect	inittext
   835     0601                     init_ram:
   836     0601  00FE               	movwf	btemp
   837     0602                     initloop:
   838     0602  0012               	moviw fsr0++
   839     0603  001E               	movwi fsr1++
   840     0604  0BFE               	decfsz	btemp,f
   841     0605  2E02               	goto	initloop
   842     0606  3400               	retlw	0
   843                           
   844                           	psect	cstackCOMMON
   845     0077                     __pcstackCOMMON:
   846     0077                     ??_main:
   847     0077                     ?_main:	
   848                           ; 1 bytes @ 0x0
   849                           
   850                           
   851                           ; 2 bytes @ 0x0
   852     0077                     	ds	2
   853                           
   854                           	psect	maintext
   855     061B                     __pmaintext:	
   856 ;;
   857 ;;Main: autosize = 0, tempsize = 2, incstack = 0, save=0
   858 ;;
   859 ;; *************** function _main *****************
   860 ;; Defined at:
   861 ;;		line 11 in file "main.c"
   862 ;; Parameters:    Size  Location     Type
   863 ;;		None
   864 ;; Auto vars:     Size  Location     Type
   865 ;;		None
   866 ;; Return value:  Size  Location     Type
   867 ;;                  2   32[None  ] int 
   868 ;; Registers used:
   869 ;;		wreg, fsr1l, fsr1h, status,2, status,0
   870 ;; Tracked objects:
   871 ;;		On entry : B1F/0
   872 ;;		On exit  : 0/0
   873 ;;		Unchanged: 0/0
   874 ;; Data sizes:     COMMON   BANK0   BANK1   BANK2   BANK3   BANK4   BANK5   BANK6   BANK7   BANK8   BANK9  BANK10  BANK1
      +1  BANK12
   875 ;;      Params:         0       0       0       0       0       0       0       0       0       0       0       0       
      +0       0
   876 ;;      Locals:         0       0       0       0       0       0       0       0       0       0       0       0       
      +0       0
   877 ;;      Temps:          2       0       0       0       0       0       0       0       0       0       0       0       
      +0       0
   878 ;;      Totals:         2       0       0       0       0       0       0       0       0       0       0       0       
      +0       0
   879 ;;Total ram usage:        2 bytes
   880 ;; This function calls:
   881 ;;		Nothing
   882 ;; This function is called by:
   883 ;;		Startup code after reset
   884 ;; This function uses a non-reentrant model
   885 ;;
   886                           
   887     061B                     _main:	
   888                           ;psect for function _main
   889                           
   890     061B                     l888:	
   891                           ;incstack = 0
   892                           ; Regs used in _main: [wreg+fsr1l+fsr1h+status,2+status,0]
   893                           
   894                           
   895                           ;main.c: 13:  TRISD= 0x00;
   896     061B  0021               	movlb	1	; select bank1
   897     061C  018F               	clrf	15	;volatile
   898                           
   899                           ;main.c: 14:     ANSELD =0x00;
   900     061D  0023               	movlb	3	; select bank3
   901     061E  018F               	clrf	15	;volatile
   902     061F                     l890:
   903                           
   904                           ;main.c: 16:     TRISBbits.TRISB0=0;
   905     061F  0021               	movlb	1	; select bank1
   906     0620  100D               	bcf	13,0	;volatile
   907     0621                     l892:
   908                           
   909                           ;main.c: 17:     TRISBbits.TRISB1=0;
   910     0621  108D               	bcf	13,1	;volatile
   911     0622                     l894:
   912                           
   913                           ;main.c: 18:     TRISBbits.TRISB2=1;
   914     0622  150D               	bsf	13,2	;volatile
   915     0623                     l896:
   916                           
   917                           ;main.c: 19:     TRISBbits.TRISB3=1;
   918     0623  158D               	bsf	13,3	;volatile
   919     0624                     l898:
   920                           
   921                           ;main.c: 21:     ANSELBbits.ANSB0=0;
   922     0624  0023               	movlb	3	; select bank3
   923     0625  100D               	bcf	13,0	;volatile
   924     0626                     l900:
   925                           
   926                           ;main.c: 22:     ANSELBbits.ANSB1=0;
   927     0626  108D               	bcf	13,1	;volatile
   928     0627                     l902:
   929                           
   930                           ;main.c: 23:     ANSELBbits.ANSB2=0;
   931     0627  110D               	bcf	13,2	;volatile
   932     0628                     l904:
   933                           
   934                           ;main.c: 24:     ANSELBbits.ANSB3=0;
   935     0628  118D               	bcf	13,3	;volatile
   936     0629                     l906:
   937                           
   938                           ;main.c: 27:     {if(PORTBbits.RB2 == 1 && PORTBbits.RB3 == 0){
   939     0629  0020               	movlb	0	; select bank0
   940     062A  1D0D               	btfss	13,2	;volatile
   941     062B  2E2D               	goto	u201
   942     062C  2E2E               	goto	u200
   943     062D                     u201:
   944     062D  2E78               	goto	l940
   945     062E                     u200:
   946     062E                     l908:
   947     062E  198D               	btfsc	13,3	;volatile
   948     062F  2E31               	goto	u211
   949     0630  2E32               	goto	u210
   950     0631                     u211:
   951     0631  2E78               	goto	l940
   952     0632                     u210:
   953     0632                     l910:
   954                           
   955                           ;main.c: 28:             num=0;
   956     0632  01F0               	clrf	_num
   957     0633  01F1               	clrf	_num+1
   958     0634                     l912:
   959                           
   960                           ;main.c: 30:             LATBbits.LATB0 = 1;
   961     0634  0022               	movlb	2	; select bank2
   962     0635  140D               	bsf	13,0	;volatile
   963     0636                     l914:
   964                           
   965                           ;main.c: 31:             LATBbits.LATB1 = 0;
   966     0636  108D               	bcf	13,1	;volatile
   967     0637                     l916:
   968                           
   969                           ;main.c: 32:             LATD = decoCC[decena];
   970     0637  0872               	movf	_decena,w
   971     0638  3E2A               	addlw	(low (_decoCC| 0))& (0+255)
   972     0639  0086               	movwf	6
   973     063A  0187               	clrf	7
   974     063B  0801               	movf	1,w
   975     063C  008F               	movwf	15	;volatile
   976     063D                     l918:
   977                           
   978                           ;main.c: 33:             _delay((unsigned long)((50)*(20000000UL/4000.0)));
   979     063D  3002               	movlw	2
   980     063E  00F8               	movwf	??_main+1
   981     063F  3045               	movlw	69
   982     0640  00F7               	movwf	??_main
   983     0641  30AA               	movlw	170
   984     0642                     u397:
   985     0642  0B89               	decfsz	9,f
   986     0643  2E42               	goto	u397
   987     0644  0BF7               	decfsz	??_main,f
   988     0645  2E42               	goto	u397
   989     0646  0BF8               	decfsz	??_main+1,f
   990     0647  2E42               	goto	u397
   991     0648                     l920:
   992                           
   993                           ;main.c: 35:             LATBbits.LATB0 = 0;
   994     0648  0022               	movlb	2	; select bank2
   995     0649  100D               	bcf	13,0	;volatile
   996     064A                     l922:
   997                           
   998                           ;main.c: 36:             LATBbits.LATB1 = 1;
   999     064A  148D               	bsf	13,1	;volatile
  1000     064B                     l924:
  1001                           
  1002                           ;main.c: 37:             LATD = decoCC[unidad];
  1003     064B  0874               	movf	_unidad,w
  1004     064C  3E2A               	addlw	(low (_decoCC| 0))& (0+255)
  1005     064D  0086               	movwf	6
  1006     064E  0187               	clrf	7
  1007     064F  0801               	movf	1,w
  1008     0650  008F               	movwf	15	;volatile
  1009     0651                     l926:
  1010                           
  1011                           ;main.c: 38:             _delay((unsigned long)((50)*(20000000UL/4000.0)));
  1012     0651  3002               	movlw	2
  1013     0652  00F8               	movwf	??_main+1
  1014     0653  3045               	movlw	69
  1015     0654  00F7               	movwf	??_main
  1016     0655  30AA               	movlw	170
  1017     0656                     u407:
  1018     0656  0B89               	decfsz	9,f
  1019     0657  2E56               	goto	u407
  1020     0658  0BF7               	decfsz	??_main,f
  1021     0659  2E56               	goto	u407
  1022     065A  0BF8               	decfsz	??_main+1,f
  1023     065B  2E56               	goto	u407
  1024     065C                     l928:
  1025                           
  1026                           ;main.c: 39:             unidad++;
  1027     065C  3001               	movlw	1
  1028     065D  07F4               	addwf	_unidad,f
  1029     065E  3000               	movlw	0
  1030     065F  3DF5               	addwfc	_unidad+1,f
  1031     0660                     l930:
  1032                           
  1033                           ;main.c: 41:     if(unidad==9){
  1034     0660  3009               	movlw	9
  1035     0661  0674               	xorwf	_unidad,w
  1036     0662  0475               	iorwf	_unidad+1,w
  1037     0663  1D03               	btfss	3,2
  1038     0664  2E66               	goto	u221
  1039     0665  2E67               	goto	u220
  1040     0666                     u221:
  1041     0666  2E6D               	goto	l936
  1042     0667                     u220:
  1043     0667                     l932:
  1044                           
  1045                           ;main.c: 42:             decena++;
  1046     0667  3001               	movlw	1
  1047     0668  07F2               	addwf	_decena,f
  1048     0669  3000               	movlw	0
  1049     066A  3DF3               	addwfc	_decena+1,f
  1050     066B                     l934:
  1051                           
  1052                           ;main.c: 43:             unidad=0;
  1053     066B  01F4               	clrf	_unidad
  1054     066C  01F5               	clrf	_unidad+1
  1055     066D                     l936:
  1056                           
  1057                           ;main.c: 45:     if(decena==10){
  1058     066D  300A               	movlw	10
  1059     066E  0672               	xorwf	_decena,w
  1060     066F  0473               	iorwf	_decena+1,w
  1061     0670  1D03               	btfss	3,2
  1062     0671  2E73               	goto	u231
  1063     0672  2E74               	goto	u230
  1064     0673                     u231:
  1065     0673  2E78               	goto	l940
  1066     0674                     u230:
  1067     0674                     l938:
  1068                           
  1069                           ;main.c: 46:             decena=0;
  1070     0674  01F2               	clrf	_decena
  1071     0675  01F3               	clrf	_decena+1
  1072                           
  1073                           ;main.c: 47:             unidad=0;
  1074     0676  01F4               	clrf	_unidad
  1075     0677  01F5               	clrf	_unidad+1
  1076     0678                     l940:
  1077                           
  1078                           ;main.c: 50:     if(PORTBbits.RB2 == 0 && PORTBbits.RB3 == 1){
  1079     0678  0020               	movlb	0	; select bank0
  1080     0679  190D               	btfsc	13,2	;volatile
  1081     067A  2E7C               	goto	u241
  1082     067B  2E7D               	goto	u240
  1083     067C                     u241:
  1084     067C  2ECD               	goto	l970
  1085     067D                     u240:
  1086     067D                     l942:
  1087     067D  1D8D               	btfss	13,3	;volatile
  1088     067E  2E80               	goto	u251
  1089     067F  2E81               	goto	u250
  1090     0680                     u251:
  1091     0680  2ECD               	goto	l970
  1092     0681                     u250:
  1093     0681                     l944:
  1094                           
  1095                           ;main.c: 51:             num=1;
  1096     0681  3001               	movlw	1
  1097     0682  00F0               	movwf	_num
  1098     0683  3000               	movlw	0
  1099     0684  00F1               	movwf	_num+1
  1100     0685                     l946:
  1101                           
  1102                           ;main.c: 52:             LATBbits.LATB0 = 1;
  1103     0685  0022               	movlb	2	; select bank2
  1104     0686  140D               	bsf	13,0	;volatile
  1105     0687                     l948:
  1106                           
  1107                           ;main.c: 53:             LATBbits.LATB1 = 0;
  1108     0687  108D               	bcf	13,1	;volatile
  1109     0688                     l950:
  1110                           
  1111                           ;main.c: 54:             LATD = decoCC[decena];
  1112     0688  0872               	movf	_decena,w
  1113     0689  3E2A               	addlw	(low (_decoCC| 0))& (0+255)
  1114     068A  0086               	movwf	6
  1115     068B  0187               	clrf	7
  1116     068C  0801               	movf	1,w
  1117     068D  008F               	movwf	15	;volatile
  1118     068E                     l952:
  1119                           
  1120                           ;main.c: 55:             _delay((unsigned long)((50)*(20000000UL/4000.0)));
  1121     068E  3002               	movlw	2
  1122     068F  00F8               	movwf	??_main+1
  1123     0690  3045               	movlw	69
  1124     0691  00F7               	movwf	??_main
  1125     0692  30AA               	movlw	170
  1126     0693                     u417:
  1127     0693  0B89               	decfsz	9,f
  1128     0694  2E93               	goto	u417
  1129     0695  0BF7               	decfsz	??_main,f
  1130     0696  2E93               	goto	u417
  1131     0697  0BF8               	decfsz	??_main+1,f
  1132     0698  2E93               	goto	u417
  1133     0699                     l954:
  1134                           
  1135                           ;main.c: 57:             LATBbits.LATB0 = 0;
  1136     0699  0022               	movlb	2	; select bank2
  1137     069A  100D               	bcf	13,0	;volatile
  1138     069B                     l956:
  1139                           
  1140                           ;main.c: 58:             LATBbits.LATB1 = 1;
  1141     069B  148D               	bsf	13,1	;volatile
  1142                           
  1143                           ;main.c: 59:             LATD= decoCC[unidad];
  1144     069C  0874               	movf	_unidad,w
  1145     069D  3E2A               	addlw	(low (_decoCC| 0))& (0+255)
  1146     069E  0086               	movwf	6
  1147     069F  0187               	clrf	7
  1148     06A0  0801               	movf	1,w
  1149     06A1  008F               	movwf	15	;volatile
  1150     06A2                     l958:
  1151                           
  1152                           ;main.c: 60:             _delay((unsigned long)((50)*(20000000UL/4000.0)));
  1153     06A2  3002               	movlw	2
  1154     06A3  00F8               	movwf	??_main+1
  1155     06A4  3045               	movlw	69
  1156     06A5  00F7               	movwf	??_main
  1157     06A6  30AA               	movlw	170
  1158     06A7                     u427:
  1159     06A7  0B89               	decfsz	9,f
  1160     06A8  2EA7               	goto	u427
  1161     06A9  0BF7               	decfsz	??_main,f
  1162     06AA  2EA7               	goto	u427
  1163     06AB  0BF8               	decfsz	??_main+1,f
  1164     06AC  2EA7               	goto	u427
  1165     06AD                     l960:
  1166                           
  1167                           ;main.c: 61:             unidad--;
  1168     06AD  30FF               	movlw	255
  1169     06AE  07F4               	addwf	_unidad,f
  1170     06AF  30FF               	movlw	255
  1171     06B0  3DF5               	addwfc	_unidad+1,f
  1172     06B1                     l962:
  1173                           
  1174                           ;main.c: 63:     if(unidad==0){
  1175     06B1  0874               	movf	_unidad,w
  1176     06B2  0475               	iorwf	_unidad+1,w
  1177     06B3  1D03               	btfss	3,2
  1178     06B4  2EB6               	goto	u261
  1179     06B5  2EB7               	goto	u260
  1180     06B6                     u261:
  1181     06B6  2EBF               	goto	l966
  1182     06B7                     u260:
  1183     06B7                     l964:
  1184                           
  1185                           ;main.c: 64:             decena--;
  1186     06B7  30FF               	movlw	255
  1187     06B8  07F2               	addwf	_decena,f
  1188     06B9  30FF               	movlw	255
  1189     06BA  3DF3               	addwfc	_decena+1,f
  1190                           
  1191                           ;main.c: 65:             unidad=9;
  1192     06BB  3009               	movlw	9
  1193     06BC  00F4               	movwf	_unidad
  1194     06BD  3000               	movlw	0
  1195     06BE  00F5               	movwf	_unidad+1
  1196     06BF                     l966:
  1197                           
  1198                           ;main.c: 67:     if(decena==0){
  1199     06BF  0872               	movf	_decena,w
  1200     06C0  0473               	iorwf	_decena+1,w
  1201     06C1  1D03               	btfss	3,2
  1202     06C2  2EC4               	goto	u271
  1203     06C3  2EC5               	goto	u270
  1204     06C4                     u271:
  1205     06C4  2ECD               	goto	l970
  1206     06C5                     u270:
  1207     06C5                     l968:
  1208                           
  1209                           ;main.c: 68:             decena=9;
  1210     06C5  3009               	movlw	9
  1211     06C6  00F2               	movwf	_decena
  1212     06C7  3000               	movlw	0
  1213     06C8  00F3               	movwf	_decena+1
  1214                           
  1215                           ;main.c: 69:             unidad=9;
  1216     06C9  3009               	movlw	9
  1217     06CA  00F4               	movwf	_unidad
  1218     06CB  3000               	movlw	0
  1219     06CC  00F5               	movwf	_unidad+1
  1220     06CD                     l970:
  1221                           
  1222                           ;main.c: 72:     if(PORTBbits.RB2 == 1 && PORTBbits.RB3 == 1){
  1223     06CD  0020               	movlb	0	; select bank0
  1224     06CE  1D0D               	btfss	13,2	;volatile
  1225     06CF  2ED1               	goto	u281
  1226     06D0  2ED2               	goto	u280
  1227     06D1                     u281:
  1228     06D1  2F02               	goto	l990
  1229     06D2                     u280:
  1230     06D2                     l972:
  1231     06D2  1D8D               	btfss	13,3	;volatile
  1232     06D3  2ED5               	goto	u291
  1233     06D4  2ED6               	goto	u290
  1234     06D5                     u291:
  1235     06D5  2F02               	goto	l990
  1236     06D6                     u290:
  1237     06D6                     l974:
  1238                           
  1239                           ;main.c: 73:             num=2;
  1240     06D6  3002               	movlw	2
  1241     06D7  00F0               	movwf	_num
  1242     06D8  3000               	movlw	0
  1243     06D9  00F1               	movwf	_num+1
  1244     06DA                     l976:
  1245                           
  1246                           ;main.c: 74:             LATBbits.LATB0 = 1;
  1247     06DA  0022               	movlb	2	; select bank2
  1248     06DB  140D               	bsf	13,0	;volatile
  1249     06DC                     l978:
  1250                           
  1251                           ;main.c: 75:             LATBbits.LATB1 = 0;
  1252     06DC  108D               	bcf	13,1	;volatile
  1253     06DD                     l980:
  1254                           
  1255                           ;main.c: 76:             LATD = decoCC[decena];
  1256     06DD  0872               	movf	_decena,w
  1257     06DE  3E2A               	addlw	(low (_decoCC| 0))& (0+255)
  1258     06DF  0086               	movwf	6
  1259     06E0  0187               	clrf	7
  1260     06E1  0801               	movf	1,w
  1261     06E2  008F               	movwf	15	;volatile
  1262     06E3                     l982:
  1263                           
  1264                           ;main.c: 77:             _delay((unsigned long)((50)*(20000000UL/4000.0)));
  1265     06E3  3002               	movlw	2
  1266     06E4  00F8               	movwf	??_main+1
  1267     06E5  3045               	movlw	69
  1268     06E6  00F7               	movwf	??_main
  1269     06E7  30AA               	movlw	170
  1270     06E8                     u437:
  1271     06E8  0B89               	decfsz	9,f
  1272     06E9  2EE8               	goto	u437
  1273     06EA  0BF7               	decfsz	??_main,f
  1274     06EB  2EE8               	goto	u437
  1275     06EC  0BF8               	decfsz	??_main+1,f
  1276     06ED  2EE8               	goto	u437
  1277     06EE                     l984:
  1278                           
  1279                           ;main.c: 78:             LATBbits.LATB1 = 1;
  1280     06EE  0022               	movlb	2	; select bank2
  1281     06EF  148D               	bsf	13,1	;volatile
  1282     06F0                     l986:
  1283                           
  1284                           ;main.c: 79:             LATBbits.LATB0 = 0;
  1285     06F0  100D               	bcf	13,0	;volatile
  1286                           
  1287                           ;main.c: 80:             LATD = decoCC[unidad];
  1288     06F1  0874               	movf	_unidad,w
  1289     06F2  3E2A               	addlw	(low (_decoCC| 0))& (0+255)
  1290     06F3  0086               	movwf	6
  1291     06F4  0187               	clrf	7
  1292     06F5  0801               	movf	1,w
  1293     06F6  008F               	movwf	15	;volatile
  1294     06F7                     l988:
  1295                           
  1296                           ;main.c: 81:             _delay((unsigned long)((50)*(20000000UL/4000.0)));
  1297     06F7  3002               	movlw	2
  1298     06F8  00F8               	movwf	??_main+1
  1299     06F9  3045               	movlw	69
  1300     06FA  00F7               	movwf	??_main
  1301     06FB  30AA               	movlw	170
  1302     06FC                     u447:
  1303     06FC  0B89               	decfsz	9,f
  1304     06FD  2EFC               	goto	u447
  1305     06FE  0BF7               	decfsz	??_main,f
  1306     06FF  2EFC               	goto	u447
  1307     0700  0BF8               	decfsz	??_main+1,f
  1308     0701  2EFC               	goto	u447
  1309     0702                     l990:
  1310                           
  1311                           ;main.c: 83:     if(PORTBbits.RB2 == 0 && PORTBbits.RB3 == 0){
  1312     0702  0020               	movlb	0	; select bank0
  1313     0703  190D               	btfsc	13,2	;volatile
  1314     0704  2F06               	goto	u301
  1315     0705  2F07               	goto	u300
  1316     0706                     u301:
  1317     0706  2E29               	goto	l906
  1318     0707                     u300:
  1319     0707                     l992:
  1320     0707  198D               	btfsc	13,3	;volatile
  1321     0708  2F0A               	goto	u311
  1322     0709  2F0B               	goto	u310
  1323     070A                     u311:
  1324     070A  2E29               	goto	l906
  1325     070B                     u310:
  1326     070B                     l994:
  1327                           
  1328                           ;main.c: 84:         if(num==0){
  1329     070B  0870               	movf	_num,w
  1330     070C  0471               	iorwf	_num+1,w
  1331     070D  1D03               	btfss	3,2
  1332     070E  2F10               	goto	u321
  1333     070F  2F11               	goto	u320
  1334     0710                     u321:
  1335     0710  2F63               	goto	l1020
  1336     0711                     u320:
  1337     0711                     l996:
  1338                           
  1339                           ;main.c: 85:             LATBbits.LATB1 = 0;
  1340     0711  0022               	movlb	2	; select bank2
  1341     0712  108D               	bcf	13,1	;volatile
  1342                           
  1343                           ;main.c: 86:             LATBbits.LATB0 = 1;
  1344     0713  140D               	bsf	13,0	;volatile
  1345     0714                     l998:
  1346                           
  1347                           ;main.c: 87:             LATD = decoCC[decena];
  1348     0714  0872               	movf	_decena,w
  1349     0715  3E2A               	addlw	(low (_decoCC| 0))& (0+255)
  1350     0716  0086               	movwf	6
  1351     0717  0187               	clrf	7
  1352     0718  0801               	movf	1,w
  1353     0719  008F               	movwf	15	;volatile
  1354     071A                     l1000:
  1355                           
  1356                           ;main.c: 88:             _delay((unsigned long)((50)*(20000000UL/4000.0)));
  1357     071A  3002               	movlw	2
  1358     071B  00F8               	movwf	??_main+1
  1359     071C  3045               	movlw	69
  1360     071D  00F7               	movwf	??_main
  1361     071E  30AA               	movlw	170
  1362     071F                     u457:
  1363     071F  0B89               	decfsz	9,f
  1364     0720  2F1F               	goto	u457
  1365     0721  0BF7               	decfsz	??_main,f
  1366     0722  2F1F               	goto	u457
  1367     0723  0BF8               	decfsz	??_main+1,f
  1368     0724  2F1F               	goto	u457
  1369     0725                     l1002:
  1370                           
  1371                           ;main.c: 89:             LATBbits.LATB1 = 1;
  1372     0725  0022               	movlb	2	; select bank2
  1373     0726  148D               	bsf	13,1	;volatile
  1374     0727                     l1004:
  1375                           
  1376                           ;main.c: 90:             LATBbits.LATB0 = 0;
  1377     0727  100D               	bcf	13,0	;volatile
  1378     0728                     l1006:
  1379                           
  1380                           ;main.c: 91:             LATD= decoCC[unidad];
  1381     0728  0874               	movf	_unidad,w
  1382     0729  3E2A               	addlw	(low (_decoCC| 0))& (0+255)
  1383     072A  0086               	movwf	6
  1384     072B  0187               	clrf	7
  1385     072C  0801               	movf	1,w
  1386     072D  008F               	movwf	15	;volatile
  1387                           
  1388                           ;main.c: 92:             _delay((unsigned long)((50)*(20000000UL/4000.0)));
  1389     072E  3002               	movlw	2
  1390     072F  00F8               	movwf	??_main+1
  1391     0730  3045               	movlw	69
  1392     0731  00F7               	movwf	??_main
  1393     0732  30AA               	movlw	170
  1394     0733                     u467:
  1395     0733  0B89               	decfsz	9,f
  1396     0734  2F33               	goto	u467
  1397     0735  0BF7               	decfsz	??_main,f
  1398     0736  2F33               	goto	u467
  1399     0737  0BF8               	decfsz	??_main+1,f
  1400     0738  2F33               	goto	u467
  1401     0739                     l1008:
  1402                           
  1403                           ;main.c: 93:             unidad=unidad+2;
  1404     0739  0874               	movf	_unidad,w
  1405     073A  3E02               	addlw	2
  1406     073B  00F4               	movwf	_unidad
  1407     073C  3000               	movlw	0
  1408     073D  3D75               	addwfc	_unidad+1,w
  1409     073E  00F5               	movwf	_unidad+1
  1410     073F                     l1010:
  1411                           
  1412                           ;main.c: 94:         if(unidad>9){
  1413     073F  0875               	movf	_unidad+1,w
  1414     0740  3A80               	xorlw	128
  1415     0741  00F7               	movwf	??_main
  1416     0742  3080               	movlw	128
  1417     0743  0277               	subwf	??_main,w
  1418     0744  1D03               	skipz
  1419     0745  2F48               	goto	u335
  1420     0746  300A               	movlw	10
  1421     0747  0274               	subwf	_unidad,w
  1422     0748                     u335:
  1423     0748  1C03               	skipc
  1424     0749  2F4B               	goto	u331
  1425     074A  2F4C               	goto	u330
  1426     074B                     u331:
  1427     074B  2F52               	goto	l1016
  1428     074C                     u330:
  1429     074C                     l1012:
  1430                           
  1431                           ;main.c: 95:             decena++;
  1432     074C  3001               	movlw	1
  1433     074D  07F2               	addwf	_decena,f
  1434     074E  3000               	movlw	0
  1435     074F  3DF3               	addwfc	_decena+1,f
  1436     0750                     l1014:
  1437                           
  1438                           ;main.c: 96:             unidad=0;
  1439     0750  01F4               	clrf	_unidad
  1440     0751  01F5               	clrf	_unidad+1
  1441     0752                     l1016:
  1442                           
  1443                           ;main.c: 98:         if(decena>9){
  1444     0752  0873               	movf	_decena+1,w
  1445     0753  3A80               	xorlw	128
  1446     0754  00F7               	movwf	??_main
  1447     0755  3080               	movlw	128
  1448     0756  0277               	subwf	??_main,w
  1449     0757  1D03               	skipz
  1450     0758  2F5B               	goto	u345
  1451     0759  300A               	movlw	10
  1452     075A  0272               	subwf	_decena,w
  1453     075B                     u345:
  1454     075B  1C03               	skipc
  1455     075C  2F5E               	goto	u341
  1456     075D  2F5F               	goto	u340
  1457     075E                     u341:
  1458     075E  2F63               	goto	l1020
  1459     075F                     u340:
  1460     075F                     l1018:
  1461                           
  1462                           ;main.c: 99:             decena=0;
  1463     075F  01F2               	clrf	_decena
  1464     0760  01F3               	clrf	_decena+1
  1465                           
  1466                           ;main.c: 100:             unidad=0;
  1467     0761  01F4               	clrf	_unidad
  1468     0762  01F5               	clrf	_unidad+1
  1469     0763                     l1020:
  1470                           
  1471                           ;main.c: 103:         if(num==1){
  1472     0763  0370               	decf	_num,w
  1473     0764  0471               	iorwf	_num+1,w
  1474     0765  1D03               	btfss	3,2
  1475     0766  2F68               	goto	u351
  1476     0767  2F69               	goto	u350
  1477     0768                     u351:
  1478     0768  2FB8               	goto	l1044
  1479     0769                     u350:
  1480     0769                     l1022:
  1481                           
  1482                           ;main.c: 104:             LATBbits.LATB1 = 0;
  1483     0769  0022               	movlb	2	; select bank2
  1484     076A  108D               	bcf	13,1	;volatile
  1485                           
  1486                           ;main.c: 105:             LATBbits.LATB0 = 1;
  1487     076B  140D               	bsf	13,0	;volatile
  1488     076C                     l1024:
  1489                           
  1490                           ;main.c: 106:             LATD = decoCC[decena];
  1491     076C  0872               	movf	_decena,w
  1492     076D  3E2A               	addlw	(low (_decoCC| 0))& (0+255)
  1493     076E  0086               	movwf	6
  1494     076F  0187               	clrf	7
  1495     0770  0801               	movf	1,w
  1496     0771  008F               	movwf	15	;volatile
  1497     0772                     l1026:
  1498                           
  1499                           ;main.c: 107:             _delay((unsigned long)((50)*(20000000UL/4000.0)));
  1500     0772  3002               	movlw	2
  1501     0773  00F8               	movwf	??_main+1
  1502     0774  3045               	movlw	69
  1503     0775  00F7               	movwf	??_main
  1504     0776  30AA               	movlw	170
  1505     0777                     u477:
  1506     0777  0B89               	decfsz	9,f
  1507     0778  2F77               	goto	u477
  1508     0779  0BF7               	decfsz	??_main,f
  1509     077A  2F77               	goto	u477
  1510     077B  0BF8               	decfsz	??_main+1,f
  1511     077C  2F77               	goto	u477
  1512     077D                     l1028:
  1513                           
  1514                           ;main.c: 108:             LATBbits.LATB1 = 1;
  1515     077D  0022               	movlb	2	; select bank2
  1516     077E  148D               	bsf	13,1	;volatile
  1517     077F                     l1030:
  1518                           
  1519                           ;main.c: 109:             LATBbits.LATB0 = 0;
  1520     077F  100D               	bcf	13,0	;volatile
  1521     0780                     l1032:
  1522                           
  1523                           ;main.c: 110:             LATD = decoCC[unidad];
  1524     0780  0874               	movf	_unidad,w
  1525     0781  3E2A               	addlw	(low (_decoCC| 0))& (0+255)
  1526     0782  0086               	movwf	6
  1527     0783  0187               	clrf	7
  1528     0784  0801               	movf	1,w
  1529     0785  008F               	movwf	15	;volatile
  1530                           
  1531                           ;main.c: 111:             _delay((unsigned long)((50)*(20000000UL/4000.0)));
  1532     0786  3002               	movlw	2
  1533     0787  00F8               	movwf	??_main+1
  1534     0788  3045               	movlw	69
  1535     0789  00F7               	movwf	??_main
  1536     078A  30AA               	movlw	170
  1537     078B                     u487:
  1538     078B  0B89               	decfsz	9,f
  1539     078C  2F8B               	goto	u487
  1540     078D  0BF7               	decfsz	??_main,f
  1541     078E  2F8B               	goto	u487
  1542     078F  0BF8               	decfsz	??_main+1,f
  1543     0790  2F8B               	goto	u487
  1544     0791                     l1034:
  1545                           
  1546                           ;main.c: 112:             unidad=unidad-2;
  1547     0791  0874               	movf	_unidad,w
  1548     0792  3EFE               	addlw	254
  1549     0793  00F4               	movwf	_unidad
  1550     0794  30FF               	movlw	255
  1551     0795  3D75               	addwfc	_unidad+1,w
  1552     0796  00F5               	movwf	_unidad+1
  1553     0797                     l1036:
  1554                           
  1555                           ;main.c: 113:         if(unidad<=0){
  1556     0797  0875               	movf	_unidad+1,w
  1557     0798  3A80               	xorlw	128
  1558     0799  00F7               	movwf	??_main
  1559     079A  3080               	movlw	128
  1560     079B  0277               	subwf	??_main,w
  1561     079C  1D03               	skipz
  1562     079D  2FA0               	goto	u365
  1563     079E  3001               	movlw	1
  1564     079F  0274               	subwf	_unidad,w
  1565     07A0                     u365:
  1566     07A0  1803               	skipnc
  1567     07A1  2FA3               	goto	u361
  1568     07A2  2FA4               	goto	u360
  1569     07A3                     u361:
  1570     07A3  2FAC               	goto	l1040
  1571     07A4                     u360:
  1572     07A4                     l1038:
  1573                           
  1574                           ;main.c: 114:                     decena--;
  1575     07A4  30FF               	movlw	255
  1576     07A5  07F2               	addwf	_decena,f
  1577     07A6  30FF               	movlw	255
  1578     07A7  3DF3               	addwfc	_decena+1,f
  1579                           
  1580                           ;main.c: 115:                     unidad=9;
  1581     07A8  3009               	movlw	9
  1582     07A9  00F4               	movwf	_unidad
  1583     07AA  3000               	movlw	0
  1584     07AB  00F5               	movwf	_unidad+1
  1585     07AC                     l1040:
  1586                           
  1587                           ;main.c: 117:         if(decena<0){
  1588     07AC  1FF3               	btfss	_decena+1,7
  1589     07AD  2FAF               	goto	u371
  1590     07AE  2FB0               	goto	u370
  1591     07AF                     u371:
  1592     07AF  2FB8               	goto	l1044
  1593     07B0                     u370:
  1594     07B0                     l1042:
  1595                           
  1596                           ;main.c: 118:                     decena=9;
  1597     07B0  3009               	movlw	9
  1598     07B1  00F2               	movwf	_decena
  1599     07B2  3000               	movlw	0
  1600     07B3  00F3               	movwf	_decena+1
  1601                           
  1602                           ;main.c: 119:                     unidad=9;
  1603     07B4  3009               	movlw	9
  1604     07B5  00F4               	movwf	_unidad
  1605     07B6  3000               	movlw	0
  1606     07B7  00F5               	movwf	_unidad+1
  1607     07B8                     l1044:
  1608                           
  1609                           ;main.c: 122:         if(num==2){
  1610     07B8  3002               	movlw	2
  1611     07B9  0670               	xorwf	_num,w
  1612     07BA  0471               	iorwf	_num+1,w
  1613     07BB  1D03               	btfss	3,2
  1614     07BC  2FBE               	goto	u381
  1615     07BD  2FBF               	goto	u380
  1616     07BE                     u381:
  1617     07BE  2E29               	goto	l906
  1618     07BF                     u380:
  1619     07BF                     l1046:
  1620                           
  1621                           ;main.c: 123:             LATBbits.LATB1 = 0;
  1622     07BF  0022               	movlb	2	; select bank2
  1623     07C0  108D               	bcf	13,1	;volatile
  1624                           
  1625                           ;main.c: 124:             LATBbits.LATB0 = 1;
  1626     07C1  140D               	bsf	13,0	;volatile
  1627     07C2                     l1048:
  1628                           
  1629                           ;main.c: 125:             LATD = decoCC[decena];
  1630     07C2  0872               	movf	_decena,w
  1631     07C3  3E2A               	addlw	(low (_decoCC| 0))& (0+255)
  1632     07C4  0086               	movwf	6
  1633     07C5  0187               	clrf	7
  1634     07C6  0801               	movf	1,w
  1635     07C7  008F               	movwf	15	;volatile
  1636     07C8                     l1050:
  1637                           
  1638                           ;main.c: 126:             _delay((unsigned long)((50)*(20000000UL/4000.0)));
  1639     07C8  3002               	movlw	2
  1640     07C9  00F8               	movwf	??_main+1
  1641     07CA  3045               	movlw	69
  1642     07CB  00F7               	movwf	??_main
  1643     07CC  30AA               	movlw	170
  1644     07CD                     u497:
  1645     07CD  0B89               	decfsz	9,f
  1646     07CE  2FCD               	goto	u497
  1647     07CF  0BF7               	decfsz	??_main,f
  1648     07D0  2FCD               	goto	u497
  1649     07D1  0BF8               	decfsz	??_main+1,f
  1650     07D2  2FCD               	goto	u497
  1651     07D3                     l1052:
  1652                           
  1653                           ;main.c: 127:             LATBbits.LATB1 = 1;
  1654     07D3  0022               	movlb	2	; select bank2
  1655     07D4  148D               	bsf	13,1	;volatile
  1656     07D5                     l1054:
  1657                           
  1658                           ;main.c: 128:             LATBbits.LATB0 = 0;
  1659     07D5  100D               	bcf	13,0	;volatile
  1660     07D6                     l1056:
  1661                           
  1662                           ;main.c: 129:             LATD = decoCC[unidad];
  1663     07D6  0874               	movf	_unidad,w
  1664     07D7  3E2A               	addlw	(low (_decoCC| 0))& (0+255)
  1665     07D8  0086               	movwf	6
  1666     07D9  0187               	clrf	7
  1667     07DA  0801               	movf	1,w
  1668     07DB  008F               	movwf	15	;volatile
  1669                           
  1670                           ;main.c: 130:                 _delay((unsigned long)((50)*(20000000UL/4000.0)));
  1671     07DC  3002               	movlw	2
  1672     07DD  00F8               	movwf	??_main+1
  1673     07DE  3045               	movlw	69
  1674     07DF  00F7               	movwf	??_main
  1675     07E0  30AA               	movlw	170
  1676     07E1                     u507:
  1677     07E1  0B89               	decfsz	9,f
  1678     07E2  2FE1               	goto	u507
  1679     07E3  0BF7               	decfsz	??_main,f
  1680     07E4  2FE1               	goto	u507
  1681     07E5  0BF8               	decfsz	??_main+1,f
  1682     07E6  2FE1               	goto	u507
  1683     07E7  2E29               	goto	l906
  1684     07E8  3180  2802         	ljmp	start
  1685     07EA                     __end_of_main:
  1686     007E                     btemp	set	126	;btemp
  1687     007E                     wtemp0	set	126
  1688                           
  1689                           	psect	config
  1690                           
  1691                           ;Config register CONFIG1 @ 0x8007
  1692                           ;	Oscillator Selection
  1693                           ;	FOSC = HS, HS Oscillator, High-speed crystal/resonator connected between OSC1 and OSC2
      +                           pins
  1694                           ;	Watchdog Timer Enable
  1695                           ;	WDTE = OFF, WDT disabled
  1696                           ;	Power-up Timer Enable
  1697                           ;	PWRTE = OFF, PWRT disabled
  1698                           ;	MCLR Pin Function Select
  1699                           ;	MCLRE = ON, MCLR/VPP pin function is MCLR
  1700                           ;	Flash Program Memory Code Protection
  1701                           ;	CP = OFF, Program memory code protection is disabled
  1702                           ;	Data Memory Code Protection
  1703                           ;	CPD = OFF, Data memory code protection is disabled
  1704                           ;	Brown-out Reset Enable
  1705                           ;	BOREN = ON, Brown-out Reset enabled
  1706                           ;	Clock Out Enable
  1707                           ;	CLKOUTEN = OFF, CLKOUT function is disabled. I/O or oscillator function on the CLKOUT 
      +                          pin
  1708                           ;	Internal/External Switchover
  1709                           ;	IESO = ON, Internal/External Switchover mode is enabled
  1710                           ;	Fail-Safe Clock Monitor Enable
  1711                           ;	FCMEN = ON, Fail-Safe Clock Monitor is enabled
  1712     8007                     	org	32775
  1713     8007  3FE2               	dw	16354
  1714                           
  1715                           ;Config register CONFIG2 @ 0x8008
  1716                           ;	Flash Memory Self-Write Protection
  1717                           ;	WRT = OFF, Write protection off
  1718                           ;	Voltage Regulator Capacitor Enable
  1719                           ;	VCAPEN = OFF, All VCAP pin functionality is disabled
  1720                           ;	PLL Enable
  1721                           ;	PLLEN = OFF, 4x PLL disabled
  1722                           ;	Stack Overflow/Underflow Reset Enable
  1723                           ;	STVREN = ON, Stack Overflow or Underflow will cause a Reset
  1724                           ;	Brown-out Reset Voltage Selection
  1725                           ;	BORV = LO, Brown-out Reset Voltage (Vbor), low trip point selected.
  1726                           ;	Low-Voltage Programming Enable
  1727                           ;	LVP = ON, Low-voltage programming enabled
  1728     8008                     	org	32776
  1729     8008  3EFF               	dw	16127

Data Sizes:
    Strings     0
    Constant    0
    Data        20
    BSS         7
    Persistent  32
    Stack       0

Auto Spaces:
    Space          Size  Autos    Used
    COMMON           14      2       9
    BANK0            80      0      20
    BANK1            80      0       0
    BANK2            80      0       0
    BANK3            80      0       0
    BANK4            80      0       0
    BANK5            80      0       0
    BANK6            80      0       0
    BANK7            80      0       0
    BANK8            80      0       0
    BANK9            80      0       0
    BANK10           80      0       0
    BANK11           80      0       0
    BANK12           48      0       0

Pointer List with Targets:

    None.

Critical Paths under _main in COMMON

    None.

Critical Paths under _main in BANK0

    None.

Critical Paths under _main in BANK1

    None.

Critical Paths under _main in BANK2

    None.

Critical Paths under _main in BANK3

    None.

Critical Paths under _main in BANK4

    None.

Critical Paths under _main in BANK5

    None.

Critical Paths under _main in BANK6

    None.

Critical Paths under _main in BANK7

    None.

Critical Paths under _main in BANK8

    None.

Critical Paths under _main in BANK9

    None.

Critical Paths under _main in BANK10

    None.

Critical Paths under _main in BANK11

    None.

Critical Paths under _main in BANK12

    None.

Call Graph Tables:

 ---------------------------------------------------------------------------------
 (Depth) Function   	        Calls       Base Space   Used Autos Params    Refs
 ---------------------------------------------------------------------------------
 (0) _main                                                 2     2      0       0
                                              0 COMMON     2     2      0
 ---------------------------------------------------------------------------------
 Estimated maximum stack depth 0
 ---------------------------------------------------------------------------------

 Call Graph Graphs:

 _main (ROOT)

 Address spaces:
Name               Size   Autos  Total    Cost      Usage
BIGRAM             3F0      0       0       0        0.0%
EEDATA             100      0       0       0        0.0%
NULL                 0      0       0       0        0.0%
CODE                 0      0       0       0        0.0%
BITCOMMON            E      0       0       1        0.0%
BITSFR0              0      0       0       1        0.0%
SFR0                 0      0       0       1        0.0%
COMMON               E      2       9       2       64.3%
BITSFR1              0      0       0       2        0.0%
SFR1                 0      0       0       2        0.0%
BITSFR2              0      0       0       3        0.0%
SFR2                 0      0       0       3        0.0%
STACK                0      0       0       3        0.0%
BITBANK0            50      0       0       4        0.0%
BITSFR3              0      0       0       4        0.0%
SFR3                 0      0       0       4        0.0%
BANK0               50      0      14       5       25.0%
BITSFR4              0      0       0       5        0.0%
SFR4                 0      0       0       5        0.0%
BITBANK1            50      0       0       6        0.0%
BITSFR5              0      0       0       6        0.0%
SFR5                 0      0       0       6        0.0%
BANK1               50      0       0       7        0.0%
BITSFR6              0      0       0       7        0.0%
SFR6                 0      0       0       7        0.0%
BITBANK2            50      0       0       8        0.0%
BITSFR7              0      0       0       8        0.0%
SFR7                 0      0       0       8        0.0%
BANK2               50      0       0       9        0.0%
BITSFR8              0      0       0       9        0.0%
SFR8                 0      0       0       9        0.0%
BITBANK3            50      0       0      10        0.0%
BITSFR9              0      0       0      10        0.0%
SFR9                 0      0       0      10        0.0%
BANK3               50      0       0      11        0.0%
BITSFR10             0      0       0      11        0.0%
SFR10                0      0       0      11        0.0%
BITBANK4            50      0       0      12        0.0%
BITSFR11             0      0       0      12        0.0%
SFR11                0      0       0      12        0.0%
BANK4               50      0       0      13        0.0%
BITSFR12             0      0       0      13        0.0%
SFR12                0      0       0      13        0.0%
BITBANK5            50      0       0      14        0.0%
BITSFR13             0      0       0      14        0.0%
SFR13                0      0       0      14        0.0%
BANK5               50      0       0      15        0.0%
BITSFR14             0      0       0      15        0.0%
SFR14                0      0       0      15        0.0%
BITBANK6            50      0       0      16        0.0%
BITSFR15             0      0       0      16        0.0%
SFR15                0      0       0      16        0.0%
BANK6               50      0       0      17        0.0%
BITSFR16             0      0       0      17        0.0%
SFR16                0      0       0      17        0.0%
BITBANK7            50      0       0      18        0.0%
BITSFR17             0      0       0      18        0.0%
SFR17                0      0       0      18        0.0%
BANK7               50      0       0      19        0.0%
BITSFR18             0      0       0      19        0.0%
SFR18                0      0       0      19        0.0%
BITSFR19             0      0       0      20        0.0%
SFR19                0      0       0      20        0.0%
ABS                  0      0      1D      20        0.0%
BITBANK8            50      0       0      21        0.0%
BITSFR20             0      0       0      21        0.0%
SFR20                0      0       0      21        0.0%
BANK8               50      0       0      22        0.0%
BITSFR21             0      0       0      22        0.0%
SFR21                0      0       0      22        0.0%
BITBANK9            50      0       0      23        0.0%
BITSFR22             0      0       0      23        0.0%
SFR22                0      0       0      23        0.0%
BANK9               50      0       0      24        0.0%
BITSFR23             0      0       0      24        0.0%
SFR23                0      0       0      24        0.0%
BITBANK10           50      0       0      25        0.0%
BITSFR24             0      0       0      25        0.0%
SFR24                0      0       0      25        0.0%
BANK10              50      0       0      26        0.0%
BITSFR25             0      0       0      26        0.0%
SFR25                0      0       0      26        0.0%
BITBANK11           50      0       0      27        0.0%
BITSFR26             0      0       0      27        0.0%
SFR26                0      0       0      27        0.0%
BANK11              50      0       0      28        0.0%
BITSFR27             0      0       0      28        0.0%
SFR27                0      0       0      28        0.0%
BITBANK12           30      0       0      29        0.0%
BITSFR28             0      0       0      29        0.0%
SFR28                0      0       0      29        0.0%
BANK12              30      0       0      30        0.0%
BITSFR29             0      0       0      30        0.0%
SFR29                0      0       0      30        0.0%
BITSFR30             0      0       0      31        0.0%
SFR30                0      0       0      31        0.0%
DATA                 0      0      1D      31        0.0%
BITSFR31             0      0       0      32        0.0%
SFR31                0      0       0      32        0.0%


Microchip Technology PIC Macro Assembler V2.41 build 20230208172133 
Symbol Table                                                                                   Fri Sep 08 02:00:47 2023

                    l900 0626                      l910 0632                      l902 0627  
                    l920 0648                      l912 0634                      l904 0628  
                    l930 0660                      l922 064A                      l914 0636  
                    l906 0629                      l932 0667                      l924 064B  
                    l916 0637                      l908 062E                      l940 0678  
                    l950 0688                      l942 067D                      l934 066B  
                    l926 0651                      l918 063D                      l960 06AD  
                    l952 068E                      l944 0681                      l936 066D  
                    l928 065C                      l962 06B1                      l954 0699  
                    l946 0685                      l970 06CD                      l938 0674  
                    l890 061F                      l980 06DD                      l972 06D2  
                    l964 06B7                      l956 069B                      l948 0687  
                    l892 0621                      l982 06E3                      l974 06D6  
                    l990 0702                      l966 06BF                      l958 06A2  
                    l894 0622                      l992 0707                      l984 06EE  
                    l976 06DA                      l968 06C5                      l896 0623  
                    l888 061B                      l994 070B                      l986 06F0  
                    l978 06DC                      l898 0624                      l996 0711  
                    l988 06F7                      l998 0714                      u200 062E  
                    u201 062D                      u210 0632                      u211 0631  
                    u300 0707                      u220 0667                      u301 0706  
                    u221 0666                      u310 070B                      u230 0674  
                    u311 070A                      u231 0673                      u320 0711  
                    u240 067D                      u321 0710                      u241 067C  
                    u330 074C                      u250 0681                      u331 074B  
                    u251 0680                      u340 075F                      u260 06B7  
                    u341 075E                      u261 06B6                      u350 0769  
                    u270 06C5                      u351 0768                      u335 0748  
                    u271 06C4                      u407 0656                      u360 07A4  
                    u280 06D2                      u361 07A3                      u345 075B  
                    u281 06D1                      u417 0693                      u370 07B0  
                    u290 06D6                      u507 07E1                      u371 07AF  
                    u291 06D5                      u427 06A7                      u380 07BF  
                    u381 07BE                      u365 07A0                      u437 06E8  
                    u447 06FC                      u457 071F                      u467 0733  
                    u477 0777                      u397 0642                      u487 078B  
                    u497 07CD                      _num 0070                      wreg 0009  
                   l1000 071A                     l1010 073F                     l1002 0725  
                   l1012 074C                     l1004 0727                     l1020 0763  
                   l1030 077F                     l1022 0769                     l1014 0750  
                   l1006 0728                     l1040 07AC                     l1032 0780  
                   l1024 076C                     l1016 0752                     l1008 0739  
                   l1050 07C8                     l1042 07B0                     l1034 0791  
                   l1026 0772                     l1018 075F                     l1052 07D3  
                   l1036 0797                     l1028 077D                     l1044 07B8  
                   l1054 07D5                     l1046 07BF                     l1038 07A4  
                   l1056 07D6                     l1048 07C2                     _LATD 010F  
                   _cont 0076                     _main 061B                     fsr0h 0005  
                   fsr1h 0007                     fsr0l 0004                     indf1 0001  
                   fsr1l 0006                     btemp 007E                     start 0002  
                  ?_main 0077                    _TRISD 008F                    status 0003  
                  wtemp0 007E          __initialization 07EA             __end_of_main 07EA  
                 ??_main 0077                   _ANSELD 018F                   _decoAC 0020  
                 _decoCC 002A                   _decena 0072                   _unidad 0074  
__end_of__initialization 07FD           __pcstackCOMMON 0077             __pidataBANK0 0607  
             __pmaintext 061B     end_of_initialization 07FD                  init_ram 0601  
                initloop 0602                _PORTBbits 000D                _TRISBbits 008D  
    start_initialization 07EA              __pdataBANK0 0020              __pbssCOMMON 0070  
              ___latbits 0003                 _LATBbits 010D               _ANSELBbits 018D  
