

Microchip MPLAB XC8 Assembler V2.41 build 20230208172133 
                                                                                               Fri Sep 08 01:35:45 2023

Microchip MPLAB XC8 C Compiler v2.41 (Free license) build 20230208172133 Og1 
     1                           	processor	16F1939
     2                           	pagewidth 120
     3                           	opt	flic
     4                           	psect	idataBANK0,global,class=CODE,delta=2,noexec
     5                           	psect	cinit,global,class=CODE,merge=1,delta=2
     6                           	psect	bssCOMMON,global,class=COMMON,space=1,delta=1,noexec
     7                           	psect	dataBANK0,global,class=BANK0,space=1,delta=1,noexec
     8                           	psect	inittext,global,class=CODE,delta=2
     9                           	psect	cstackCOMMON,global,class=COMMON,space=1,delta=1,noexec
    10                           	psect	maintext,global,class=CODE,merge=1,split=1,delta=2
    11                           	psect	config,global,abs,ovrld,class=CONFIG,space=4,delta=2,noexec
    12                           	dabs	1,0x7E,2
    13     0000                     
    14                           ; Generated 06/07/2023 GMT
    15                           ; 
    16                           ; Copyright © 2023, Microchip Technology Inc. and its subsidiaries ("Microchip")
    17                           ; All rights reserved.
    18                           ; 
    19                           ; This software is developed by Microchip Technology Inc. and its subsidiaries ("Microch
      +                          ip").
    20                           ; 
    21                           ; Redistribution and use in source and binary forms, with or without modification, are
    22                           ; permitted provided that the following conditions are met:
    23                           ; 
    24                           ;     1. Redistributions of source code must retain the above copyright notice, this lis
      +                          t of
    25                           ;        conditions and the following disclaimer.
    26                           ; 
    27                           ;     2. Redistributions in binary form must reproduce the above copyright notice, this 
      +                          list
    28                           ;        of conditions and the following disclaimer in the documentation and/or other
    29                           ;        materials provided with the distribution. Publication is not required when
    30                           ;        this file is used in an embedded application.
    31                           ; 
    32                           ;     3. Microchip's name may not be used to endorse or promote products derived from th
      +                          is
    33                           ;        software without specific prior written permission.
    34                           ; 
    35                           ; THIS SOFTWARE IS PROVIDED BY MICROCHIP "AS IS" AND ANY EXPRESS OR IMPLIED WARRANTIES,
    36                           ; INCLUDING, BUT NOT LIMITED TO, THE IMPLIED WARRANTIES OF MERCHANTABILITY AND FITNESS F
      +                          OR
    37                           ; PURPOSE ARE DISCLAIMED.  IN NO EVENT SHALL MICROCHIP BE LIABLE FOR ANY DIRECT, INDIREC
      +                          T,
    38                           ; INCIDENTAL, SPECIAL, EXEMPLARY, OR CONSEQUENTIAL DAMAGES (INCLUDING BUT NOT LIMITED TO
    39                           ; PROCUREMENT OF SUBSTITUTE GOODS OR SERVICES; LOSS OF USE, DATA OR PROFITS; OR BUSINESS
    40                           ; INTERRUPTION) HOWSOEVER CAUSED AND ON ANY THEORY OF LIABILITY, WHETHER IN CONTRACT, ST
      +                          RICT
    41                           ; LIABILITY, OR TORT (INCLUDING NEGLIGENCE OR OTHERWISE) ARISING IN ANY WAY OUT OF THE U
      +                          SE OF
    42                           ; THIS SOFTWARE, EVEN IF ADVISED OF THE POSSIBILITY OF SUCH DAMAGE.
    43                           ; 
    44                           ; 
    45                           ; Code-generator required, PIC16F1939 Definitions
    46                           ; 
    47                           ; SFR Addresses
    48     0000                     	;# 
    49     0001                     	;# 
    50     0002                     	;# 
    51     0003                     	;# 
    52     0004                     	;# 
    53     0005                     	;# 
    54     0006                     	;# 
    55     0007                     	;# 
    56     0008                     	;# 
    57     0009                     	;# 
    58     000A                     	;# 
    59     000B                     	;# 
    60     000C                     	;# 
    61     000D                     	;# 
    62     000E                     	;# 
    63     000F                     	;# 
    64     0010                     	;# 
    65     0011                     	;# 
    66     0012                     	;# 
    67     0013                     	;# 
    68     0015                     	;# 
    69     0016                     	;# 
    70     0016                     	;# 
    71     0017                     	;# 
    72     0018                     	;# 
    73     0019                     	;# 
    74     001A                     	;# 
    75     001B                     	;# 
    76     001C                     	;# 
    77     001E                     	;# 
    78     001F                     	;# 
    79     008C                     	;# 
    80     008D                     	;# 
    81     008E                     	;# 
    82     008F                     	;# 
    83     0090                     	;# 
    84     0091                     	;# 
    85     0092                     	;# 
    86     0093                     	;# 
    87     0095                     	;# 
    88     0096                     	;# 
    89     0097                     	;# 
    90     0098                     	;# 
    91     0099                     	;# 
    92     009A                     	;# 
    93     009B                     	;# 
    94     009B                     	;# 
    95     009C                     	;# 
    96     009D                     	;# 
    97     009E                     	;# 
    98     010C                     	;# 
    99     010D                     	;# 
   100     010E                     	;# 
   101     010F                     	;# 
   102     0110                     	;# 
   103     0111                     	;# 
   104     0112                     	;# 
   105     0113                     	;# 
   106     0114                     	;# 
   107     0115                     	;# 
   108     0116                     	;# 
   109     0117                     	;# 
   110     0118                     	;# 
   111     0119                     	;# 
   112     011A                     	;# 
   113     011B                     	;# 
   114     011D                     	;# 
   115     018C                     	;# 
   116     018D                     	;# 
   117     018F                     	;# 
   118     0190                     	;# 
   119     0191                     	;# 
   120     0191                     	;# 
   121     0192                     	;# 
   122     0193                     	;# 
   123     0193                     	;# 
   124     0193                     	;# 
   125     0194                     	;# 
   126     0195                     	;# 
   127     0196                     	;# 
   128     0199                     	;# 
   129     019A                     	;# 
   130     019B                     	;# 
   131     019B                     	;# 
   132     019B                     	;# 
   133     019B                     	;# 
   134     019C                     	;# 
   135     019C                     	;# 
   136     019D                     	;# 
   137     019E                     	;# 
   138     019F                     	;# 
   139     020D                     	;# 
   140     0210                     	;# 
   141     0211                     	;# 
   142     0212                     	;# 
   143     0213                     	;# 
   144     0214                     	;# 
   145     0215                     	;# 
   146     0215                     	;# 
   147     0216                     	;# 
   148     0217                     	;# 
   149     0291                     	;# 
   150     0291                     	;# 
   151     0292                     	;# 
   152     0293                     	;# 
   153     0294                     	;# 
   154     0295                     	;# 
   155     0295                     	;# 
   156     0296                     	;# 
   157     0298                     	;# 
   158     0298                     	;# 
   159     0299                     	;# 
   160     029A                     	;# 
   161     029B                     	;# 
   162     029C                     	;# 
   163     029C                     	;# 
   164     029D                     	;# 
   165     029E                     	;# 
   166     029F                     	;# 
   167     0311                     	;# 
   168     0311                     	;# 
   169     0312                     	;# 
   170     0313                     	;# 
   171     0314                     	;# 
   172     0315                     	;# 
   173     0315                     	;# 
   174     0316                     	;# 
   175     0318                     	;# 
   176     0318                     	;# 
   177     0319                     	;# 
   178     031A                     	;# 
   179     031C                     	;# 
   180     031C                     	;# 
   181     031D                     	;# 
   182     031E                     	;# 
   183     0394                     	;# 
   184     0395                     	;# 
   185     0396                     	;# 
   186     0415                     	;# 
   187     0416                     	;# 
   188     0417                     	;# 
   189     041C                     	;# 
   190     041D                     	;# 
   191     041E                     	;# 
   192     0791                     	;# 
   193     0792                     	;# 
   194     0793                     	;# 
   195     0794                     	;# 
   196     0795                     	;# 
   197     0798                     	;# 
   198     0799                     	;# 
   199     079A                     	;# 
   200     07A0                     	;# 
   201     07A1                     	;# 
   202     07A2                     	;# 
   203     07A3                     	;# 
   204     07A4                     	;# 
   205     07A5                     	;# 
   206     07A6                     	;# 
   207     07A7                     	;# 
   208     07A8                     	;# 
   209     07A9                     	;# 
   210     07AA                     	;# 
   211     07AB                     	;# 
   212     0FE4                     	;# 
   213     0FE5                     	;# 
   214     0FE6                     	;# 
   215     0FE7                     	;# 
   216     0FE8                     	;# 
   217     0FE9                     	;# 
   218     0FEA                     	;# 
   219     0FEB                     	;# 
   220     0FED                     	;# 
   221     0FEE                     	;# 
   222     0FEF                     	;# 
   223     0000                     	;# 
   224     0001                     	;# 
   225     0002                     	;# 
   226     0003                     	;# 
   227     0004                     	;# 
   228     0005                     	;# 
   229     0006                     	;# 
   230     0007                     	;# 
   231     0008                     	;# 
   232     0009                     	;# 
   233     000A                     	;# 
   234     000B                     	;# 
   235     000C                     	;# 
   236     000D                     	;# 
   237     000E                     	;# 
   238     000F                     	;# 
   239     0010                     	;# 
   240     0011                     	;# 
   241     0012                     	;# 
   242     0013                     	;# 
   243     0015                     	;# 
   244     0016                     	;# 
   245     0016                     	;# 
   246     0017                     	;# 
   247     0018                     	;# 
   248     0019                     	;# 
   249     001A                     	;# 
   250     001B                     	;# 
   251     001C                     	;# 
   252     001E                     	;# 
   253     001F                     	;# 
   254     008C                     	;# 
   255     008D                     	;# 
   256     008E                     	;# 
   257     008F                     	;# 
   258     0090                     	;# 
   259     0091                     	;# 
   260     0092                     	;# 
   261     0093                     	;# 
   262     0095                     	;# 
   263     0096                     	;# 
   264     0097                     	;# 
   265     0098                     	;# 
   266     0099                     	;# 
   267     009A                     	;# 
   268     009B                     	;# 
   269     009B                     	;# 
   270     009C                     	;# 
   271     009D                     	;# 
   272     009E                     	;# 
   273     010C                     	;# 
   274     010D                     	;# 
   275     010E                     	;# 
   276     010F                     	;# 
   277     0110                     	;# 
   278     0111                     	;# 
   279     0112                     	;# 
   280     0113                     	;# 
   281     0114                     	;# 
   282     0115                     	;# 
   283     0116                     	;# 
   284     0117                     	;# 
   285     0118                     	;# 
   286     0119                     	;# 
   287     011A                     	;# 
   288     011B                     	;# 
   289     011D                     	;# 
   290     018C                     	;# 
   291     018D                     	;# 
   292     018F                     	;# 
   293     0190                     	;# 
   294     0191                     	;# 
   295     0191                     	;# 
   296     0192                     	;# 
   297     0193                     	;# 
   298     0193                     	;# 
   299     0193                     	;# 
   300     0194                     	;# 
   301     0195                     	;# 
   302     0196                     	;# 
   303     0199                     	;# 
   304     019A                     	;# 
   305     019B                     	;# 
   306     019B                     	;# 
   307     019B                     	;# 
   308     019B                     	;# 
   309     019C                     	;# 
   310     019C                     	;# 
   311     019D                     	;# 
   312     019E                     	;# 
   313     019F                     	;# 
   314     020D                     	;# 
   315     0210                     	;# 
   316     0211                     	;# 
   317     0212                     	;# 
   318     0213                     	;# 
   319     0214                     	;# 
   320     0215                     	;# 
   321     0215                     	;# 
   322     0216                     	;# 
   323     0217                     	;# 
   324     0291                     	;# 
   325     0291                     	;# 
   326     0292                     	;# 
   327     0293                     	;# 
   328     0294                     	;# 
   329     0295                     	;# 
   330     0295                     	;# 
   331     0296                     	;# 
   332     0298                     	;# 
   333     0298                     	;# 
   334     0299                     	;# 
   335     029A                     	;# 
   336     029B                     	;# 
   337     029C                     	;# 
   338     029C                     	;# 
   339     029D                     	;# 
   340     029E                     	;# 
   341     029F                     	;# 
   342     0311                     	;# 
   343     0311                     	;# 
   344     0312                     	;# 
   345     0313                     	;# 
   346     0314                     	;# 
   347     0315                     	;# 
   348     0315                     	;# 
   349     0316                     	;# 
   350     0318                     	;# 
   351     0318                     	;# 
   352     0319                     	;# 
   353     031A                     	;# 
   354     031C                     	;# 
   355     031C                     	;# 
   356     031D                     	;# 
   357     031E                     	;# 
   358     0394                     	;# 
   359     0395                     	;# 
   360     0396                     	;# 
   361     0415                     	;# 
   362     0416                     	;# 
   363     0417                     	;# 
   364     041C                     	;# 
   365     041D                     	;# 
   366     041E                     	;# 
   367     0791                     	;# 
   368     0792                     	;# 
   369     0793                     	;# 
   370     0794                     	;# 
   371     0795                     	;# 
   372     0798                     	;# 
   373     0799                     	;# 
   374     079A                     	;# 
   375     07A0                     	;# 
   376     07A1                     	;# 
   377     07A2                     	;# 
   378     07A3                     	;# 
   379     07A4                     	;# 
   380     07A5                     	;# 
   381     07A6                     	;# 
   382     07A7                     	;# 
   383     07A8                     	;# 
   384     07A9                     	;# 
   385     07AA                     	;# 
   386     07AB                     	;# 
   387     0FE4                     	;# 
   388     0FE5                     	;# 
   389     0FE6                     	;# 
   390     0FE7                     	;# 
   391     0FE8                     	;# 
   392     0FE9                     	;# 
   393     0FEA                     	;# 
   394     0FEB                     	;# 
   395     0FED                     	;# 
   396     0FEE                     	;# 
   397     0FEF                     	;# 
   398     0000                     	;# 
   399     0001                     	;# 
   400     0002                     	;# 
   401     0003                     	;# 
   402     0004                     	;# 
   403     0005                     	;# 
   404     0006                     	;# 
   405     0007                     	;# 
   406     0008                     	;# 
   407     0009                     	;# 
   408     000A                     	;# 
   409     000B                     	;# 
   410     000C                     	;# 
   411     000D                     	;# 
   412     000E                     	;# 
   413     000F                     	;# 
   414     0010                     	;# 
   415     0011                     	;# 
   416     0012                     	;# 
   417     0013                     	;# 
   418     0015                     	;# 
   419     0016                     	;# 
   420     0016                     	;# 
   421     0017                     	;# 
   422     0018                     	;# 
   423     0019                     	;# 
   424     001A                     	;# 
   425     001B                     	;# 
   426     001C                     	;# 
   427     001E                     	;# 
   428     001F                     	;# 
   429     008C                     	;# 
   430     008D                     	;# 
   431     008E                     	;# 
   432     008F                     	;# 
   433     0090                     	;# 
   434     0091                     	;# 
   435     0092                     	;# 
   436     0093                     	;# 
   437     0095                     	;# 
   438     0096                     	;# 
   439     0097                     	;# 
   440     0098                     	;# 
   441     0099                     	;# 
   442     009A                     	;# 
   443     009B                     	;# 
   444     009B                     	;# 
   445     009C                     	;# 
   446     009D                     	;# 
   447     009E                     	;# 
   448     010C                     	;# 
   449     010D                     	;# 
   450     010E                     	;# 
   451     010F                     	;# 
   452     0110                     	;# 
   453     0111                     	;# 
   454     0112                     	;# 
   455     0113                     	;# 
   456     0114                     	;# 
   457     0115                     	;# 
   458     0116                     	;# 
   459     0117                     	;# 
   460     0118                     	;# 
   461     0119                     	;# 
   462     011A                     	;# 
   463     011B                     	;# 
   464     011D                     	;# 
   465     018C                     	;# 
   466     018D                     	;# 
   467     018F                     	;# 
   468     0190                     	;# 
   469     0191                     	;# 
   470     0191                     	;# 
   471     0192                     	;# 
   472     0193                     	;# 
   473     0193                     	;# 
   474     0193                     	;# 
   475     0194                     	;# 
   476     0195                     	;# 
   477     0196                     	;# 
   478     0199                     	;# 
   479     019A                     	;# 
   480     019B                     	;# 
   481     019B                     	;# 
   482     019B                     	;# 
   483     019B                     	;# 
   484     019C                     	;# 
   485     019C                     	;# 
   486     019D                     	;# 
   487     019E                     	;# 
   488     019F                     	;# 
   489     020D                     	;# 
   490     0210                     	;# 
   491     0211                     	;# 
   492     0212                     	;# 
   493     0213                     	;# 
   494     0214                     	;# 
   495     0215                     	;# 
   496     0215                     	;# 
   497     0216                     	;# 
   498     0217                     	;# 
   499     0291                     	;# 
   500     0291                     	;# 
   501     0292                     	;# 
   502     0293                     	;# 
   503     0294                     	;# 
   504     0295                     	;# 
   505     0295                     	;# 
   506     0296                     	;# 
   507     0298                     	;# 
   508     0298                     	;# 
   509     0299                     	;# 
   510     029A                     	;# 
   511     029B                     	;# 
   512     029C                     	;# 
   513     029C                     	;# 
   514     029D                     	;# 
   515     029E                     	;# 
   516     029F                     	;# 
   517     0311                     	;# 
   518     0311                     	;# 
   519     0312                     	;# 
   520     0313                     	;# 
   521     0314                     	;# 
   522     0315                     	;# 
   523     0315                     	;# 
   524     0316                     	;# 
   525     0318                     	;# 
   526     0318                     	;# 
   527     0319                     	;# 
   528     031A                     	;# 
   529     031C                     	;# 
   530     031C                     	;# 
   531     031D                     	;# 
   532     031E                     	;# 
   533     0394                     	;# 
   534     0395                     	;# 
   535     0396                     	;# 
   536     0415                     	;# 
   537     0416                     	;# 
   538     0417                     	;# 
   539     041C                     	;# 
   540     041D                     	;# 
   541     041E                     	;# 
   542     0791                     	;# 
   543     0792                     	;# 
   544     0793                     	;# 
   545     0794                     	;# 
   546     0795                     	;# 
   547     0798                     	;# 
   548     0799                     	;# 
   549     079A                     	;# 
   550     07A0                     	;# 
   551     07A1                     	;# 
   552     07A2                     	;# 
   553     07A3                     	;# 
   554     07A4                     	;# 
   555     07A5                     	;# 
   556     07A6                     	;# 
   557     07A7                     	;# 
   558     07A8                     	;# 
   559     07A9                     	;# 
   560     07AA                     	;# 
   561     07AB                     	;# 
   562     0FE4                     	;# 
   563     0FE5                     	;# 
   564     0FE6                     	;# 
   565     0FE7                     	;# 
   566     0FE8                     	;# 
   567     0FE9                     	;# 
   568     0FEA                     	;# 
   569     0FEB                     	;# 
   570     0FED                     	;# 
   571     0FEE                     	;# 
   572     0FEF                     	;# 
   573     0000                     	;# 
   574     0001                     	;# 
   575     0002                     	;# 
   576     0003                     	;# 
   577     0004                     	;# 
   578     0005                     	;# 
   579     0006                     	;# 
   580     0007                     	;# 
   581     0008                     	;# 
   582     0009                     	;# 
   583     000A                     	;# 
   584     000B                     	;# 
   585     000C                     	;# 
   586     000D                     	;# 
   587     000E                     	;# 
   588     000F                     	;# 
   589     0010                     	;# 
   590     0011                     	;# 
   591     0012                     	;# 
   592     0013                     	;# 
   593     0015                     	;# 
   594     0016                     	;# 
   595     0016                     	;# 
   596     0017                     	;# 
   597     0018                     	;# 
   598     0019                     	;# 
   599     001A                     	;# 
   600     001B                     	;# 
   601     001C                     	;# 
   602     001E                     	;# 
   603     001F                     	;# 
   604     008C                     	;# 
   605     008D                     	;# 
   606     008E                     	;# 
   607     008F                     	;# 
   608     0090                     	;# 
   609     0091                     	;# 
   610     0092                     	;# 
   611     0093                     	;# 
   612     0095                     	;# 
   613     0096                     	;# 
   614     0097                     	;# 
   615     0098                     	;# 
   616     0099                     	;# 
   617     009A                     	;# 
   618     009B                     	;# 
   619     009B                     	;# 
   620     009C                     	;# 
   621     009D                     	;# 
   622     009E                     	;# 
   623     010C                     	;# 
   624     010D                     	;# 
   625     010E                     	;# 
   626     010F                     	;# 
   627     0110                     	;# 
   628     0111                     	;# 
   629     0112                     	;# 
   630     0113                     	;# 
   631     0114                     	;# 
   632     0115                     	;# 
   633     0116                     	;# 
   634     0117                     	;# 
   635     0118                     	;# 
   636     0119                     	;# 
   637     011A                     	;# 
   638     011B                     	;# 
   639     011D                     	;# 
   640     018C                     	;# 
   641     018D                     	;# 
   642     018F                     	;# 
   643     0190                     	;# 
   644     0191                     	;# 
   645     0191                     	;# 
   646     0192                     	;# 
   647     0193                     	;# 
   648     0193                     	;# 
   649     0193                     	;# 
   650     0194                     	;# 
   651     0195                     	;# 
   652     0196                     	;# 
   653     0199                     	;# 
   654     019A                     	;# 
   655     019B                     	;# 
   656     019B                     	;# 
   657     019B                     	;# 
   658     019B                     	;# 
   659     019C                     	;# 
   660     019C                     	;# 
   661     019D                     	;# 
   662     019E                     	;# 
   663     019F                     	;# 
   664     020D                     	;# 
   665     0210                     	;# 
   666     0211                     	;# 
   667     0212                     	;# 
   668     0213                     	;# 
   669     0214                     	;# 
   670     0215                     	;# 
   671     0215                     	;# 
   672     0216                     	;# 
   673     0217                     	;# 
   674     0291                     	;# 
   675     0291                     	;# 
   676     0292                     	;# 
   677     0293                     	;# 
   678     0294                     	;# 
   679     0295                     	;# 
   680     0295                     	;# 
   681     0296                     	;# 
   682     0298                     	;# 
   683     0298                     	;# 
   684     0299                     	;# 
   685     029A                     	;# 
   686     029B                     	;# 
   687     029C                     	;# 
   688     029C                     	;# 
   689     029D                     	;# 
   690     029E                     	;# 
   691     029F                     	;# 
   692     0311                     	;# 
   693     0311                     	;# 
   694     0312                     	;# 
   695     0313                     	;# 
   696     0314                     	;# 
   697     0315                     	;# 
   698     0315                     	;# 
   699     0316                     	;# 
   700     0318                     	;# 
   701     0318                     	;# 
   702     0319                     	;# 
   703     031A                     	;# 
   704     031C                     	;# 
   705     031C                     	;# 
   706     031D                     	;# 
   707     031E                     	;# 
   708     0394                     	;# 
   709     0395                     	;# 
   710     0396                     	;# 
   711     0415                     	;# 
   712     0416                     	;# 
   713     0417                     	;# 
   714     041C                     	;# 
   715     041D                     	;# 
   716     041E                     	;# 
   717     0791                     	;# 
   718     0792                     	;# 
   719     0793                     	;# 
   720     0794                     	;# 
   721     0795                     	;# 
   722     0798                     	;# 
   723     0799                     	;# 
   724     079A                     	;# 
   725     07A0                     	;# 
   726     07A1                     	;# 
   727     07A2                     	;# 
   728     07A3                     	;# 
   729     07A4                     	;# 
   730     07A5                     	;# 
   731     07A6                     	;# 
   732     07A7                     	;# 
   733     07A8                     	;# 
   734     07A9                     	;# 
   735     07AA                     	;# 
   736     07AB                     	;# 
   737     0FE4                     	;# 
   738     0FE5                     	;# 
   739     0FE6                     	;# 
   740     0FE7                     	;# 
   741     0FE8                     	;# 
   742     0FE9                     	;# 
   743     0FEA                     	;# 
   744     0FEB                     	;# 
   745     0FED                     	;# 
   746     0FEE                     	;# 
   747     0FEF                     	;# 
   748                           
   749                           	psect	idataBANK0
   750     0637                     __pidataBANK0:
   751                           
   752                           ;initializer for _decoAC
   753     0637  3440               	retlw	64
   754     0638  3479               	retlw	121
   755     0639  3424               	retlw	36
   756     063A  3430               	retlw	48
   757     063B  3419               	retlw	25
   758     063C  3412               	retlw	18
   759     063D  3402               	retlw	2
   760     063E  3478               	retlw	120
   761     063F  3400               	retlw	0
   762     0640  3418               	retlw	24
   763                           
   764                           ;initializer for _decoCC
   765     0641  34BF               	retlw	191
   766     0642  3486               	retlw	134
   767     0643  34DB               	retlw	219
   768     0644  34CF               	retlw	207
   769     0645  34E6               	retlw	230
   770     0646  34ED               	retlw	237
   771     0647  34FD               	retlw	253
   772     0648  3487               	retlw	135
   773     0649  34FF               	retlw	255
   774     064A  34E7               	retlw	231
   775     000C                     _PORTAbits	set	12
   776     008D                     _TRISBbits	set	141
   777     008C                     _TRISAbits	set	140
   778     008D                     _TRISB	set	141
   779     010D                     _LATBbits	set	269
   780     010D                     _LATB	set	269
   781     010C                     _LATAbits	set	268
   782     018C                     _ANSELAbits	set	396
   783     018D                     _ANSELB	set	397
   784                           
   785                           	psect	cinit
   786     07EA                     start_initialization:	
   787                           ; #config settings
   788                           
   789     07EA                     __initialization:
   790                           
   791                           ; Initialize objects allocated to BANK0
   792     07EA  3037               	movlw	low __pidataBANK0
   793     07EB  0084               	movwf	4
   794     07EC  3086               	movlw	(high __pidataBANK0)| (0+128)
   795     07ED  0085               	movwf	5
   796     07EE  3020               	movlw	low __pdataBANK0
   797     07EF  0086               	movwf	6
   798     07F0  3000               	movlw	high __pdataBANK0
   799     07F1  0087               	movwf	7
   800     07F2  3014               	movlw	20
   801     07F3  3186  2631  3187   	fcall	init_ram
   802                           
   803                           ; Clear objects allocated to COMMON
   804     07F6  01F0               	clrf	__pbssCOMMON& (0+127)
   805     07F7  01F1               	clrf	(__pbssCOMMON+1)& (0+127)
   806     07F8  01F2               	clrf	(__pbssCOMMON+2)& (0+127)
   807     07F9  01F3               	clrf	(__pbssCOMMON+3)& (0+127)
   808     07FA  01F4               	clrf	(__pbssCOMMON+4)& (0+127)
   809     07FB  01F5               	clrf	(__pbssCOMMON+5)& (0+127)
   810     07FC  01F6               	clrf	(__pbssCOMMON+6)& (0+127)
   811     07FD                     end_of_initialization:	
   812                           ;End of C runtime variable initialization code
   813                           
   814     07FD                     __end_of__initialization:
   815     07FD  0020               	movlb	0
   816     07FE  3186  2E4B         	ljmp	_main	;jump to C main() function
   817                           
   818                           	psect	bssCOMMON
   819     0070                     __pbssCOMMON:
   820     0070                     _num:
   821     0070                     	ds	2
   822     0072                     _decena:
   823     0072                     	ds	2
   824     0074                     _unidad:
   825     0074                     	ds	2
   826     0076                     _cont:
   827     0076                     	ds	1
   828                           
   829                           	psect	dataBANK0
   830     0020                     __pdataBANK0:
   831     0020                     _decoAC:
   832     0020                     	ds	10
   833     002A                     _decoCC:
   834     002A                     	ds	10
   835                           
   836                           	psect	inittext
   837     0631                     init_ram:
   838     0631  00FE               	movwf	btemp
   839     0632                     initloop:
   840     0632  0012               	moviw fsr0++
   841     0633  001E               	movwi fsr1++
   842     0634  0BFE               	decfsz	btemp,f
   843     0635  2E32               	goto	initloop
   844     0636  3400               	retlw	0
   845                           
   846                           	psect	cstackCOMMON
   847     0077                     __pcstackCOMMON:
   848     0077                     ??_main:
   849     0077                     ?_main:	
   850                           ; 1 bytes @ 0x0
   851                           
   852                           
   853                           ; 2 bytes @ 0x0
   854     0077                     	ds	1
   855                           
   856                           	psect	maintext
   857     064B                     __pmaintext:	
   858 ;;
   859 ;;Main: autosize = 0, tempsize = 1, incstack = 0, save=0
   860 ;;
   861 ;; *************** function _main *****************
   862 ;; Defined at:
   863 ;;		line 11 in file "main.c"
   864 ;; Parameters:    Size  Location     Type
   865 ;;		None
   866 ;; Auto vars:     Size  Location     Type
   867 ;;		None
   868 ;; Return value:  Size  Location     Type
   869 ;;                  2   32[None  ] int 
   870 ;; Registers used:
   871 ;;		wreg, fsr1l, fsr1h, status,2, status,0
   872 ;; Tracked objects:
   873 ;;		On entry : B1F/0
   874 ;;		On exit  : 0/0
   875 ;;		Unchanged: 0/0
   876 ;; Data sizes:     COMMON   BANK0   BANK1   BANK2   BANK3   BANK4   BANK5   BANK6   BANK7   BANK8   BANK9  BANK10  BANK1
      +1  BANK12
   877 ;;      Params:         0       0       0       0       0       0       0       0       0       0       0       0       
      +0       0
   878 ;;      Locals:         0       0       0       0       0       0       0       0       0       0       0       0       
      +0       0
   879 ;;      Temps:          1       0       0       0       0       0       0       0       0       0       0       0       
      +0       0
   880 ;;      Totals:         1       0       0       0       0       0       0       0       0       0       0       0       
      +0       0
   881 ;;Total ram usage:        1 bytes
   882 ;; This function calls:
   883 ;;		Nothing
   884 ;; This function is called by:
   885 ;;		Startup code after reset
   886 ;; This function uses a non-reentrant model
   887 ;;
   888                           
   889     064B                     _main:	
   890                           ;psect for function _main
   891                           
   892     064B                     l888:	
   893                           ;incstack = 0
   894                           ; Regs used in _main: [wreg+fsr1l+fsr1h+status,2+status,0]
   895                           
   896                           
   897                           ;main.c: 13:  TRISB= 0x00;
   898     064B  0021               	movlb	1	; select bank1
   899     064C  018D               	clrf	13	;volatile
   900                           
   901                           ;main.c: 14:     ANSELB =0x00;
   902     064D  0023               	movlb	3	; select bank3
   903     064E  018D               	clrf	13	;volatile
   904     064F                     l890:
   905                           
   906                           ;main.c: 16:     TRISAbits.TRISA0=0;
   907     064F  0021               	movlb	1	; select bank1
   908     0650  100C               	bcf	12,0	;volatile
   909     0651                     l892:
   910                           
   911                           ;main.c: 17:     TRISAbits.TRISA1=0;
   912     0651  108C               	bcf	12,1	;volatile
   913     0652                     l894:
   914                           
   915                           ;main.c: 18:     TRISAbits.TRISA2=1;
   916     0652  150C               	bsf	12,2	;volatile
   917     0653                     l896:
   918                           
   919                           ;main.c: 19:     TRISAbits.TRISA3=1;
   920     0653  158C               	bsf	12,3	;volatile
   921     0654                     l898:
   922                           
   923                           ;main.c: 21:     ANSELAbits.ANSA0=0;
   924     0654  0023               	movlb	3	; select bank3
   925     0655  100C               	bcf	12,0	;volatile
   926     0656                     l900:
   927                           
   928                           ;main.c: 22:     ANSELAbits.ANSA1=0;
   929     0656  108C               	bcf	12,1	;volatile
   930     0657                     l902:
   931                           
   932                           ;main.c: 23:     ANSELAbits.ANSA2=0;
   933     0657  110C               	bcf	12,2	;volatile
   934     0658                     l904:
   935                           
   936                           ;main.c: 24:     ANSELAbits.ANSA3=0;
   937     0658  118C               	bcf	12,3	;volatile
   938     0659                     l906:
   939                           
   940                           ;main.c: 27:     {if(PORTAbits.RA2 == 1 && PORTAbits.RA3 == 0){
   941     0659  0020               	movlb	0	; select bank0
   942     065A  1D0C               	btfss	12,2	;volatile
   943     065B  2E5D               	goto	u201
   944     065C  2E5E               	goto	u200
   945     065D                     u201:
   946     065D  2EA0               	goto	l940
   947     065E                     u200:
   948     065E                     l908:
   949     065E  198C               	btfsc	12,3	;volatile
   950     065F  2E61               	goto	u211
   951     0660  2E62               	goto	u210
   952     0661                     u211:
   953     0661  2EA0               	goto	l940
   954     0662                     u210:
   955     0662                     l910:
   956                           
   957                           ;main.c: 28:             num=0;
   958     0662  01F0               	clrf	_num
   959     0663  01F1               	clrf	_num+1
   960     0664                     l912:
   961                           
   962                           ;main.c: 30:             LATAbits.LATA0 = 1;
   963     0664  0022               	movlb	2	; select bank2
   964     0665  140C               	bsf	12,0	;volatile
   965     0666                     l914:
   966                           
   967                           ;main.c: 31:             LATAbits.LATA1 = 0;
   968     0666  108C               	bcf	12,1	;volatile
   969     0667                     l916:
   970                           
   971                           ;main.c: 32:             LATB = decoCC[decena];
   972     0667  0872               	movf	_decena,w
   973     0668  3E2A               	addlw	(low (_decoCC| 0))& (0+255)
   974     0669  0086               	movwf	6
   975     066A  0187               	clrf	7
   976     066B  0801               	movf	1,w
   977     066C  008D               	movwf	13	;volatile
   978     066D                     l918:
   979                           
   980                           ;main.c: 33:             _delay((unsigned long)((20)*(20000000UL/4000.0)));
   981     066D  3082               	movlw	130
   982     066E  00F7               	movwf	??_main
   983     066F  30DE               	movlw	222
   984     0670                     u397:
   985     0670  0B89               	decfsz	9,f
   986     0671  2E70               	goto	u397
   987     0672  0BF7               	decfsz	??_main,f
   988     0673  2E70               	goto	u397
   989     0674                     l920:
   990                           
   991                           ;main.c: 35:             LATAbits.LATA0 = 0;
   992     0674  0022               	movlb	2	; select bank2
   993     0675  100C               	bcf	12,0	;volatile
   994     0676                     l922:
   995                           
   996                           ;main.c: 36:             LATAbits.LATA1 = 1;
   997     0676  148C               	bsf	12,1	;volatile
   998     0677                     l924:
   999                           
  1000                           ;main.c: 37:             LATB = decoCC[unidad];
  1001     0677  0874               	movf	_unidad,w
  1002     0678  3E2A               	addlw	(low (_decoCC| 0))& (0+255)
  1003     0679  0086               	movwf	6
  1004     067A  0187               	clrf	7
  1005     067B  0801               	movf	1,w
  1006     067C  008D               	movwf	13	;volatile
  1007     067D                     l926:
  1008                           
  1009                           ;main.c: 38:             _delay((unsigned long)((20)*(20000000UL/4000.0)));
  1010     067D  3082               	movlw	130
  1011     067E  00F7               	movwf	??_main
  1012     067F  30DE               	movlw	222
  1013     0680                     u407:
  1014     0680  0B89               	decfsz	9,f
  1015     0681  2E80               	goto	u407
  1016     0682  0BF7               	decfsz	??_main,f
  1017     0683  2E80               	goto	u407
  1018     0684                     l928:
  1019                           
  1020                           ;main.c: 39:             unidad++;
  1021     0684  3001               	movlw	1
  1022     0685  07F4               	addwf	_unidad,f
  1023     0686  3000               	movlw	0
  1024     0687  3DF5               	addwfc	_unidad+1,f
  1025     0688                     l930:
  1026                           
  1027                           ;main.c: 41:     if(unidad==9){
  1028     0688  3009               	movlw	9
  1029     0689  0674               	xorwf	_unidad,w
  1030     068A  0475               	iorwf	_unidad+1,w
  1031     068B  1D03               	btfss	3,2
  1032     068C  2E8E               	goto	u221
  1033     068D  2E8F               	goto	u220
  1034     068E                     u221:
  1035     068E  2E95               	goto	l936
  1036     068F                     u220:
  1037     068F                     l932:
  1038                           
  1039                           ;main.c: 42:             decena++;
  1040     068F  3001               	movlw	1
  1041     0690  07F2               	addwf	_decena,f
  1042     0691  3000               	movlw	0
  1043     0692  3DF3               	addwfc	_decena+1,f
  1044     0693                     l934:
  1045                           
  1046                           ;main.c: 43:             unidad=0;
  1047     0693  01F4               	clrf	_unidad
  1048     0694  01F5               	clrf	_unidad+1
  1049     0695                     l936:
  1050                           
  1051                           ;main.c: 45:     if(decena==10){
  1052     0695  300A               	movlw	10
  1053     0696  0672               	xorwf	_decena,w
  1054     0697  0473               	iorwf	_decena+1,w
  1055     0698  1D03               	btfss	3,2
  1056     0699  2E9B               	goto	u231
  1057     069A  2E9C               	goto	u230
  1058     069B                     u231:
  1059     069B  2EA0               	goto	l940
  1060     069C                     u230:
  1061     069C                     l938:
  1062                           
  1063                           ;main.c: 46:             decena=0;
  1064     069C  01F2               	clrf	_decena
  1065     069D  01F3               	clrf	_decena+1
  1066                           
  1067                           ;main.c: 47:             unidad=0;
  1068     069E  01F4               	clrf	_unidad
  1069     069F  01F5               	clrf	_unidad+1
  1070     06A0                     l940:
  1071                           
  1072                           ;main.c: 50:     if(PORTAbits.RA2 == 0 && PORTAbits.RA3 == 1){
  1073     06A0  0020               	movlb	0	; select bank0
  1074     06A1  190C               	btfsc	12,2	;volatile
  1075     06A2  2EA4               	goto	u241
  1076     06A3  2EA5               	goto	u240
  1077     06A4                     u241:
  1078     06A4  2EED               	goto	l970
  1079     06A5                     u240:
  1080     06A5                     l942:
  1081     06A5  1D8C               	btfss	12,3	;volatile
  1082     06A6  2EA8               	goto	u251
  1083     06A7  2EA9               	goto	u250
  1084     06A8                     u251:
  1085     06A8  2EED               	goto	l970
  1086     06A9                     u250:
  1087     06A9                     l944:
  1088                           
  1089                           ;main.c: 51:             num=1;
  1090     06A9  3001               	movlw	1
  1091     06AA  00F0               	movwf	_num
  1092     06AB  3000               	movlw	0
  1093     06AC  00F1               	movwf	_num+1
  1094     06AD                     l946:
  1095                           
  1096                           ;main.c: 52:             LATAbits.LATA0 = 1;
  1097     06AD  0022               	movlb	2	; select bank2
  1098     06AE  140C               	bsf	12,0	;volatile
  1099     06AF                     l948:
  1100                           
  1101                           ;main.c: 53:             LATAbits.LATA1 = 0;
  1102     06AF  108C               	bcf	12,1	;volatile
  1103     06B0                     l950:
  1104                           
  1105                           ;main.c: 54:             LATB = decoCC[decena];
  1106     06B0  0872               	movf	_decena,w
  1107     06B1  3E2A               	addlw	(low (_decoCC| 0))& (0+255)
  1108     06B2  0086               	movwf	6
  1109     06B3  0187               	clrf	7
  1110     06B4  0801               	movf	1,w
  1111     06B5  008D               	movwf	13	;volatile
  1112     06B6                     l952:
  1113                           
  1114                           ;main.c: 55:             _delay((unsigned long)((20)*(20000000UL/4000.0)));
  1115     06B6  3082               	movlw	130
  1116     06B7  00F7               	movwf	??_main
  1117     06B8  30DE               	movlw	222
  1118     06B9                     u417:
  1119     06B9  0B89               	decfsz	9,f
  1120     06BA  2EB9               	goto	u417
  1121     06BB  0BF7               	decfsz	??_main,f
  1122     06BC  2EB9               	goto	u417
  1123     06BD                     l954:
  1124                           
  1125                           ;main.c: 57:             LATAbits.LATA0 = 0;
  1126     06BD  0022               	movlb	2	; select bank2
  1127     06BE  100C               	bcf	12,0	;volatile
  1128     06BF                     l956:
  1129                           
  1130                           ;main.c: 58:             LATAbits.LATA1 = 1;
  1131     06BF  148C               	bsf	12,1	;volatile
  1132                           
  1133                           ;main.c: 59:             LATB = decoCC[unidad];
  1134     06C0  0874               	movf	_unidad,w
  1135     06C1  3E2A               	addlw	(low (_decoCC| 0))& (0+255)
  1136     06C2  0086               	movwf	6
  1137     06C3  0187               	clrf	7
  1138     06C4  0801               	movf	1,w
  1139     06C5  008D               	movwf	13	;volatile
  1140     06C6                     l958:
  1141                           
  1142                           ;main.c: 60:             _delay((unsigned long)((20)*(20000000UL/4000.0)));
  1143     06C6  3082               	movlw	130
  1144     06C7  00F7               	movwf	??_main
  1145     06C8  30DE               	movlw	222
  1146     06C9                     u427:
  1147     06C9  0B89               	decfsz	9,f
  1148     06CA  2EC9               	goto	u427
  1149     06CB  0BF7               	decfsz	??_main,f
  1150     06CC  2EC9               	goto	u427
  1151     06CD                     l960:
  1152                           
  1153                           ;main.c: 61:             unidad--;
  1154     06CD  30FF               	movlw	255
  1155     06CE  07F4               	addwf	_unidad,f
  1156     06CF  30FF               	movlw	255
  1157     06D0  3DF5               	addwfc	_unidad+1,f
  1158     06D1                     l962:
  1159                           
  1160                           ;main.c: 63:     if(unidad==0){
  1161     06D1  0874               	movf	_unidad,w
  1162     06D2  0475               	iorwf	_unidad+1,w
  1163     06D3  1D03               	btfss	3,2
  1164     06D4  2ED6               	goto	u261
  1165     06D5  2ED7               	goto	u260
  1166     06D6                     u261:
  1167     06D6  2EDF               	goto	l966
  1168     06D7                     u260:
  1169     06D7                     l964:
  1170                           
  1171                           ;main.c: 64:             decena--;
  1172     06D7  30FF               	movlw	255
  1173     06D8  07F2               	addwf	_decena,f
  1174     06D9  30FF               	movlw	255
  1175     06DA  3DF3               	addwfc	_decena+1,f
  1176                           
  1177                           ;main.c: 65:             unidad=9;
  1178     06DB  3009               	movlw	9
  1179     06DC  00F4               	movwf	_unidad
  1180     06DD  3000               	movlw	0
  1181     06DE  00F5               	movwf	_unidad+1
  1182     06DF                     l966:
  1183                           
  1184                           ;main.c: 67:     if(decena==0){
  1185     06DF  0872               	movf	_decena,w
  1186     06E0  0473               	iorwf	_decena+1,w
  1187     06E1  1D03               	btfss	3,2
  1188     06E2  2EE4               	goto	u271
  1189     06E3  2EE5               	goto	u270
  1190     06E4                     u271:
  1191     06E4  2EED               	goto	l970
  1192     06E5                     u270:
  1193     06E5                     l968:
  1194                           
  1195                           ;main.c: 68:             decena=9;
  1196     06E5  3009               	movlw	9
  1197     06E6  00F2               	movwf	_decena
  1198     06E7  3000               	movlw	0
  1199     06E8  00F3               	movwf	_decena+1
  1200                           
  1201                           ;main.c: 69:             unidad=9;
  1202     06E9  3009               	movlw	9
  1203     06EA  00F4               	movwf	_unidad
  1204     06EB  3000               	movlw	0
  1205     06EC  00F5               	movwf	_unidad+1
  1206     06ED                     l970:
  1207                           
  1208                           ;main.c: 72:     if(PORTAbits.RA2 == 1 && PORTAbits.RA3 == 1){
  1209     06ED  0020               	movlb	0	; select bank0
  1210     06EE  1D0C               	btfss	12,2	;volatile
  1211     06EF  2EF1               	goto	u281
  1212     06F0  2EF2               	goto	u280
  1213     06F1                     u281:
  1214     06F1  2F1A               	goto	l990
  1215     06F2                     u280:
  1216     06F2                     l972:
  1217     06F2  1D8C               	btfss	12,3	;volatile
  1218     06F3  2EF5               	goto	u291
  1219     06F4  2EF6               	goto	u290
  1220     06F5                     u291:
  1221     06F5  2F1A               	goto	l990
  1222     06F6                     u290:
  1223     06F6                     l974:
  1224                           
  1225                           ;main.c: 73:             num=2;
  1226     06F6  3002               	movlw	2
  1227     06F7  00F0               	movwf	_num
  1228     06F8  3000               	movlw	0
  1229     06F9  00F1               	movwf	_num+1
  1230     06FA                     l976:
  1231                           
  1232                           ;main.c: 74:             LATAbits.LATA0 = 1;
  1233     06FA  0022               	movlb	2	; select bank2
  1234     06FB  140C               	bsf	12,0	;volatile
  1235     06FC                     l978:
  1236                           
  1237                           ;main.c: 75:             LATAbits.LATA1 = 0;
  1238     06FC  108C               	bcf	12,1	;volatile
  1239     06FD                     l980:
  1240                           
  1241                           ;main.c: 76:             LATB = decoCC[decena];
  1242     06FD  0872               	movf	_decena,w
  1243     06FE  3E2A               	addlw	(low (_decoCC| 0))& (0+255)
  1244     06FF  0086               	movwf	6
  1245     0700  0187               	clrf	7
  1246     0701  0801               	movf	1,w
  1247     0702  008D               	movwf	13	;volatile
  1248     0703                     l982:
  1249                           
  1250                           ;main.c: 77:             _delay((unsigned long)((20)*(20000000UL/4000.0)));
  1251     0703  3082               	movlw	130
  1252     0704  00F7               	movwf	??_main
  1253     0705  30DE               	movlw	222
  1254     0706                     u437:
  1255     0706  0B89               	decfsz	9,f
  1256     0707  2F06               	goto	u437
  1257     0708  0BF7               	decfsz	??_main,f
  1258     0709  2F06               	goto	u437
  1259     070A                     l984:
  1260                           
  1261                           ;main.c: 78:             LATAbits.LATA1 = 1;
  1262     070A  0022               	movlb	2	; select bank2
  1263     070B  148C               	bsf	12,1	;volatile
  1264     070C                     l986:
  1265                           
  1266                           ;main.c: 79:             LATAbits.LATA0 = 0;
  1267     070C  100C               	bcf	12,0	;volatile
  1268                           
  1269                           ;main.c: 80:             LATB = decoCC[unidad];
  1270     070D  0874               	movf	_unidad,w
  1271     070E  3E2A               	addlw	(low (_decoCC| 0))& (0+255)
  1272     070F  0086               	movwf	6
  1273     0710  0187               	clrf	7
  1274     0711  0801               	movf	1,w
  1275     0712  008D               	movwf	13	;volatile
  1276     0713                     l988:
  1277                           
  1278                           ;main.c: 81:             _delay((unsigned long)((20)*(20000000UL/4000.0)));
  1279     0713  3082               	movlw	130
  1280     0714  00F7               	movwf	??_main
  1281     0715  30DE               	movlw	222
  1282     0716                     u447:
  1283     0716  0B89               	decfsz	9,f
  1284     0717  2F16               	goto	u447
  1285     0718  0BF7               	decfsz	??_main,f
  1286     0719  2F16               	goto	u447
  1287     071A                     l990:
  1288                           
  1289                           ;main.c: 83:     if(PORTAbits.RA2 == 0 && PORTAbits.RA3 == 0){
  1290     071A  0020               	movlb	0	; select bank0
  1291     071B  190C               	btfsc	12,2	;volatile
  1292     071C  2F1E               	goto	u301
  1293     071D  2F1F               	goto	u300
  1294     071E                     u301:
  1295     071E  2E59               	goto	l906
  1296     071F                     u300:
  1297     071F                     l992:
  1298     071F  198C               	btfsc	12,3	;volatile
  1299     0720  2F22               	goto	u311
  1300     0721  2F23               	goto	u310
  1301     0722                     u311:
  1302     0722  2E59               	goto	l906
  1303     0723                     u310:
  1304     0723                     l994:
  1305                           
  1306                           ;main.c: 84:         if(num==0){
  1307     0723  0870               	movf	_num,w
  1308     0724  0471               	iorwf	_num+1,w
  1309     0725  1D03               	btfss	3,2
  1310     0726  2F28               	goto	u321
  1311     0727  2F29               	goto	u320
  1312     0728                     u321:
  1313     0728  2F73               	goto	l1020
  1314     0729                     u320:
  1315     0729                     l996:
  1316                           
  1317                           ;main.c: 85:             LATAbits.LATA1 = 0;
  1318     0729  0022               	movlb	2	; select bank2
  1319     072A  108C               	bcf	12,1	;volatile
  1320                           
  1321                           ;main.c: 86:             LATAbits.LATA0 = 1;
  1322     072B  140C               	bsf	12,0	;volatile
  1323     072C                     l998:
  1324                           
  1325                           ;main.c: 87:             LATB = decoCC[decena];
  1326     072C  0872               	movf	_decena,w
  1327     072D  3E2A               	addlw	(low (_decoCC| 0))& (0+255)
  1328     072E  0086               	movwf	6
  1329     072F  0187               	clrf	7
  1330     0730  0801               	movf	1,w
  1331     0731  008D               	movwf	13	;volatile
  1332     0732                     l1000:
  1333                           
  1334                           ;main.c: 88:             _delay((unsigned long)((20)*(20000000UL/4000.0)));
  1335     0732  3082               	movlw	130
  1336     0733  00F7               	movwf	??_main
  1337     0734  30DE               	movlw	222
  1338     0735                     u457:
  1339     0735  0B89               	decfsz	9,f
  1340     0736  2F35               	goto	u457
  1341     0737  0BF7               	decfsz	??_main,f
  1342     0738  2F35               	goto	u457
  1343     0739                     l1002:
  1344                           
  1345                           ;main.c: 89:             LATAbits.LATA1 = 1;
  1346     0739  0022               	movlb	2	; select bank2
  1347     073A  148C               	bsf	12,1	;volatile
  1348     073B                     l1004:
  1349                           
  1350                           ;main.c: 90:             LATAbits.LATA0 = 0;
  1351     073B  100C               	bcf	12,0	;volatile
  1352     073C                     l1006:
  1353                           
  1354                           ;main.c: 91:             LATB = decoCC[unidad];
  1355     073C  0874               	movf	_unidad,w
  1356     073D  3E2A               	addlw	(low (_decoCC| 0))& (0+255)
  1357     073E  0086               	movwf	6
  1358     073F  0187               	clrf	7
  1359     0740  0801               	movf	1,w
  1360     0741  008D               	movwf	13	;volatile
  1361                           
  1362                           ;main.c: 92:             _delay((unsigned long)((20)*(20000000UL/4000.0)));
  1363     0742  3082               	movlw	130
  1364     0743  00F7               	movwf	??_main
  1365     0744  30DE               	movlw	222
  1366     0745                     u467:
  1367     0745  0B89               	decfsz	9,f
  1368     0746  2F45               	goto	u467
  1369     0747  0BF7               	decfsz	??_main,f
  1370     0748  2F45               	goto	u467
  1371     0749                     l1008:
  1372                           
  1373                           ;main.c: 93:             unidad=unidad+2;
  1374     0749  0874               	movf	_unidad,w
  1375     074A  3E02               	addlw	2
  1376     074B  00F4               	movwf	_unidad
  1377     074C  3000               	movlw	0
  1378     074D  3D75               	addwfc	_unidad+1,w
  1379     074E  00F5               	movwf	_unidad+1
  1380     074F                     l1010:
  1381                           
  1382                           ;main.c: 94:         if(unidad>9){
  1383     074F  0875               	movf	_unidad+1,w
  1384     0750  3A80               	xorlw	128
  1385     0751  00F7               	movwf	??_main
  1386     0752  3080               	movlw	128
  1387     0753  0277               	subwf	??_main,w
  1388     0754  1D03               	skipz
  1389     0755  2F58               	goto	u335
  1390     0756  300A               	movlw	10
  1391     0757  0274               	subwf	_unidad,w
  1392     0758                     u335:
  1393     0758  1C03               	skipc
  1394     0759  2F5B               	goto	u331
  1395     075A  2F5C               	goto	u330
  1396     075B                     u331:
  1397     075B  2F62               	goto	l1016
  1398     075C                     u330:
  1399     075C                     l1012:
  1400                           
  1401                           ;main.c: 95:             decena++;
  1402     075C  3001               	movlw	1
  1403     075D  07F2               	addwf	_decena,f
  1404     075E  3000               	movlw	0
  1405     075F  3DF3               	addwfc	_decena+1,f
  1406     0760                     l1014:
  1407                           
  1408                           ;main.c: 96:             unidad=0;
  1409     0760  01F4               	clrf	_unidad
  1410     0761  01F5               	clrf	_unidad+1
  1411     0762                     l1016:
  1412                           
  1413                           ;main.c: 98:         if(decena>9){
  1414     0762  0873               	movf	_decena+1,w
  1415     0763  3A80               	xorlw	128
  1416     0764  00F7               	movwf	??_main
  1417     0765  3080               	movlw	128
  1418     0766  0277               	subwf	??_main,w
  1419     0767  1D03               	skipz
  1420     0768  2F6B               	goto	u345
  1421     0769  300A               	movlw	10
  1422     076A  0272               	subwf	_decena,w
  1423     076B                     u345:
  1424     076B  1C03               	skipc
  1425     076C  2F6E               	goto	u341
  1426     076D  2F6F               	goto	u340
  1427     076E                     u341:
  1428     076E  2F73               	goto	l1020
  1429     076F                     u340:
  1430     076F                     l1018:
  1431                           
  1432                           ;main.c: 99:             decena=0;
  1433     076F  01F2               	clrf	_decena
  1434     0770  01F3               	clrf	_decena+1
  1435                           
  1436                           ;main.c: 100:             unidad=0;
  1437     0771  01F4               	clrf	_unidad
  1438     0772  01F5               	clrf	_unidad+1
  1439     0773                     l1020:
  1440                           
  1441                           ;main.c: 103:         if(num==1){
  1442     0773  0370               	decf	_num,w
  1443     0774  0471               	iorwf	_num+1,w
  1444     0775  1D03               	btfss	3,2
  1445     0776  2F78               	goto	u351
  1446     0777  2F79               	goto	u350
  1447     0778                     u351:
  1448     0778  2FC0               	goto	l1044
  1449     0779                     u350:
  1450     0779                     l1022:
  1451                           
  1452                           ;main.c: 104:             LATAbits.LATA1 = 0;
  1453     0779  0022               	movlb	2	; select bank2
  1454     077A  108C               	bcf	12,1	;volatile
  1455                           
  1456                           ;main.c: 105:             LATAbits.LATA0 = 1;
  1457     077B  140C               	bsf	12,0	;volatile
  1458     077C                     l1024:
  1459                           
  1460                           ;main.c: 106:             LATB = decoCC[decena];
  1461     077C  0872               	movf	_decena,w
  1462     077D  3E2A               	addlw	(low (_decoCC| 0))& (0+255)
  1463     077E  0086               	movwf	6
  1464     077F  0187               	clrf	7
  1465     0780  0801               	movf	1,w
  1466     0781  008D               	movwf	13	;volatile
  1467     0782                     l1026:
  1468                           
  1469                           ;main.c: 107:             _delay((unsigned long)((20)*(20000000UL/4000.0)));
  1470     0782  3082               	movlw	130
  1471     0783  00F7               	movwf	??_main
  1472     0784  30DE               	movlw	222
  1473     0785                     u477:
  1474     0785  0B89               	decfsz	9,f
  1475     0786  2F85               	goto	u477
  1476     0787  0BF7               	decfsz	??_main,f
  1477     0788  2F85               	goto	u477
  1478     0789                     l1028:
  1479                           
  1480                           ;main.c: 108:             LATAbits.LATA1 = 1;
  1481     0789  0022               	movlb	2	; select bank2
  1482     078A  148C               	bsf	12,1	;volatile
  1483     078B                     l1030:
  1484                           
  1485                           ;main.c: 109:             LATAbits.LATA0 = 0;
  1486     078B  100C               	bcf	12,0	;volatile
  1487     078C                     l1032:
  1488                           
  1489                           ;main.c: 110:             LATB = decoCC[unidad];
  1490     078C  0874               	movf	_unidad,w
  1491     078D  3E2A               	addlw	(low (_decoCC| 0))& (0+255)
  1492     078E  0086               	movwf	6
  1493     078F  0187               	clrf	7
  1494     0790  0801               	movf	1,w
  1495     0791  008D               	movwf	13	;volatile
  1496                           
  1497                           ;main.c: 111:             _delay((unsigned long)((20)*(20000000UL/4000.0)));
  1498     0792  3082               	movlw	130
  1499     0793  00F7               	movwf	??_main
  1500     0794  30DE               	movlw	222
  1501     0795                     u487:
  1502     0795  0B89               	decfsz	9,f
  1503     0796  2F95               	goto	u487
  1504     0797  0BF7               	decfsz	??_main,f
  1505     0798  2F95               	goto	u487
  1506     0799                     l1034:
  1507                           
  1508                           ;main.c: 112:             unidad=unidad-2;
  1509     0799  0874               	movf	_unidad,w
  1510     079A  3EFE               	addlw	254
  1511     079B  00F4               	movwf	_unidad
  1512     079C  30FF               	movlw	255
  1513     079D  3D75               	addwfc	_unidad+1,w
  1514     079E  00F5               	movwf	_unidad+1
  1515     079F                     l1036:
  1516                           
  1517                           ;main.c: 113:         if(unidad<=0){
  1518     079F  0875               	movf	_unidad+1,w
  1519     07A0  3A80               	xorlw	128
  1520     07A1  00F7               	movwf	??_main
  1521     07A2  3080               	movlw	128
  1522     07A3  0277               	subwf	??_main,w
  1523     07A4  1D03               	skipz
  1524     07A5  2FA8               	goto	u365
  1525     07A6  3001               	movlw	1
  1526     07A7  0274               	subwf	_unidad,w
  1527     07A8                     u365:
  1528     07A8  1803               	skipnc
  1529     07A9  2FAB               	goto	u361
  1530     07AA  2FAC               	goto	u360
  1531     07AB                     u361:
  1532     07AB  2FB4               	goto	l1040
  1533     07AC                     u360:
  1534     07AC                     l1038:
  1535                           
  1536                           ;main.c: 114:                     decena--;
  1537     07AC  30FF               	movlw	255
  1538     07AD  07F2               	addwf	_decena,f
  1539     07AE  30FF               	movlw	255
  1540     07AF  3DF3               	addwfc	_decena+1,f
  1541                           
  1542                           ;main.c: 115:                     unidad=9;
  1543     07B0  3009               	movlw	9
  1544     07B1  00F4               	movwf	_unidad
  1545     07B2  3000               	movlw	0
  1546     07B3  00F5               	movwf	_unidad+1
  1547     07B4                     l1040:
  1548                           
  1549                           ;main.c: 117:         if(decena<0){
  1550     07B4  1FF3               	btfss	_decena+1,7
  1551     07B5  2FB7               	goto	u371
  1552     07B6  2FB8               	goto	u370
  1553     07B7                     u371:
  1554     07B7  2FC0               	goto	l1044
  1555     07B8                     u370:
  1556     07B8                     l1042:
  1557                           
  1558                           ;main.c: 118:                     decena=9;
  1559     07B8  3009               	movlw	9
  1560     07B9  00F2               	movwf	_decena
  1561     07BA  3000               	movlw	0
  1562     07BB  00F3               	movwf	_decena+1
  1563                           
  1564                           ;main.c: 119:                     unidad=9;
  1565     07BC  3009               	movlw	9
  1566     07BD  00F4               	movwf	_unidad
  1567     07BE  3000               	movlw	0
  1568     07BF  00F5               	movwf	_unidad+1
  1569     07C0                     l1044:
  1570                           
  1571                           ;main.c: 122:         if(num==2){
  1572     07C0  3002               	movlw	2
  1573     07C1  0670               	xorwf	_num,w
  1574     07C2  0471               	iorwf	_num+1,w
  1575     07C3  1D03               	btfss	3,2
  1576     07C4  2FC6               	goto	u381
  1577     07C5  2FC7               	goto	u380
  1578     07C6                     u381:
  1579     07C6  2E59               	goto	l906
  1580     07C7                     u380:
  1581     07C7                     l1046:
  1582                           
  1583                           ;main.c: 123:             LATAbits.LATA1 = 0;
  1584     07C7  0022               	movlb	2	; select bank2
  1585     07C8  108C               	bcf	12,1	;volatile
  1586                           
  1587                           ;main.c: 124:             LATAbits.LATA0 = 1;
  1588     07C9  140C               	bsf	12,0	;volatile
  1589     07CA                     l1048:
  1590                           
  1591                           ;main.c: 125:             LATB = decoCC[decena];
  1592     07CA  0872               	movf	_decena,w
  1593     07CB  3E2A               	addlw	(low (_decoCC| 0))& (0+255)
  1594     07CC  0086               	movwf	6
  1595     07CD  0187               	clrf	7
  1596     07CE  0801               	movf	1,w
  1597     07CF  008D               	movwf	13	;volatile
  1598     07D0                     l1050:
  1599                           
  1600                           ;main.c: 126:             _delay((unsigned long)((20)*(20000000UL/4000.0)));
  1601     07D0  3082               	movlw	130
  1602     07D1  00F7               	movwf	??_main
  1603     07D2  30DE               	movlw	222
  1604     07D3                     u497:
  1605     07D3  0B89               	decfsz	9,f
  1606     07D4  2FD3               	goto	u497
  1607     07D5  0BF7               	decfsz	??_main,f
  1608     07D6  2FD3               	goto	u497
  1609     07D7                     l1052:
  1610                           
  1611                           ;main.c: 127:             LATAbits.LATA1 = 1;
  1612     07D7  0022               	movlb	2	; select bank2
  1613     07D8  148C               	bsf	12,1	;volatile
  1614     07D9                     l1054:
  1615                           
  1616                           ;main.c: 128:             LATAbits.LATA0 = 0;
  1617     07D9  100C               	bcf	12,0	;volatile
  1618     07DA                     l1056:
  1619                           
  1620                           ;main.c: 129:             LATB = decoCC[unidad];
  1621     07DA  0874               	movf	_unidad,w
  1622     07DB  3E2A               	addlw	(low (_decoCC| 0))& (0+255)
  1623     07DC  0086               	movwf	6
  1624     07DD  0187               	clrf	7
  1625     07DE  0801               	movf	1,w
  1626     07DF  008D               	movwf	13	;volatile
  1627                           
  1628                           ;main.c: 130:                 _delay((unsigned long)((20)*(20000000UL/4000.0)));
  1629     07E0  3082               	movlw	130
  1630     07E1  00F7               	movwf	??_main
  1631     07E2  30DE               	movlw	222
  1632     07E3                     u507:
  1633     07E3  0B89               	decfsz	9,f
  1634     07E4  2FE3               	goto	u507
  1635     07E5  0BF7               	decfsz	??_main,f
  1636     07E6  2FE3               	goto	u507
  1637     07E7  2E59               	goto	l906
  1638     07E8  3180  2802         	ljmp	start
  1639     07EA                     __end_of_main:
  1640     007E                     btemp	set	126	;btemp
  1641     007E                     wtemp0	set	126
  1642                           
  1643                           	psect	config
  1644                           
  1645                           ;Config register CONFIG1 @ 0x8007
  1646                           ;	Oscillator Selection
  1647                           ;	FOSC = HS, HS Oscillator, High-speed crystal/resonator connected between OSC1 and OSC2
      +                           pins
  1648                           ;	Watchdog Timer Enable
  1649                           ;	WDTE = OFF, WDT disabled
  1650                           ;	Power-up Timer Enable
  1651                           ;	PWRTE = OFF, PWRT disabled
  1652                           ;	MCLR Pin Function Select
  1653                           ;	MCLRE = ON, MCLR/VPP pin function is MCLR
  1654                           ;	Flash Program Memory Code Protection
  1655                           ;	CP = OFF, Program memory code protection is disabled
  1656                           ;	Data Memory Code Protection
  1657                           ;	CPD = OFF, Data memory code protection is disabled
  1658                           ;	Brown-out Reset Enable
  1659                           ;	BOREN = ON, Brown-out Reset enabled
  1660                           ;	Clock Out Enable
  1661                           ;	CLKOUTEN = OFF, CLKOUT function is disabled. I/O or oscillator function on the CLKOUT 
      +                          pin
  1662                           ;	Internal/External Switchover
  1663                           ;	IESO = ON, Internal/External Switchover mode is enabled
  1664                           ;	Fail-Safe Clock Monitor Enable
  1665                           ;	FCMEN = ON, Fail-Safe Clock Monitor is enabled
  1666     8007                     	org	32775
  1667     8007  3FE2               	dw	16354
  1668                           
  1669                           ;Config register CONFIG2 @ 0x8008
  1670                           ;	Flash Memory Self-Write Protection
  1671                           ;	WRT = OFF, Write protection off
  1672                           ;	Voltage Regulator Capacitor Enable
  1673                           ;	VCAPEN = OFF, All VCAP pin functionality is disabled
  1674                           ;	PLL Enable
  1675                           ;	PLLEN = OFF, 4x PLL disabled
  1676                           ;	Stack Overflow/Underflow Reset Enable
  1677                           ;	STVREN = ON, Stack Overflow or Underflow will cause a Reset
  1678                           ;	Brown-out Reset Voltage Selection
  1679                           ;	BORV = LO, Brown-out Reset Voltage (Vbor), low trip point selected.
  1680                           ;	Low-Voltage Programming Enable
  1681                           ;	LVP = ON, Low-voltage programming enabled
  1682     8008                     	org	32776
  1683     8008  3EFF               	dw	16127

Data Sizes:
    Strings     0
    Constant    0
    Data        20
    BSS         7
    Persistent  32
    Stack       0

Auto Spaces:
    Space          Size  Autos    Used
    COMMON           14      1       8
    BANK0            80      0      20
    BANK1            80      0       0
    BANK2            80      0       0
    BANK3            80      0       0
    BANK4            80      0       0
    BANK5            80      0       0
    BANK6            80      0       0
    BANK7            80      0       0
    BANK8            80      0       0
    BANK9            80      0       0
    BANK10           80      0       0
    BANK11           80      0       0
    BANK12           48      0       0

Pointer List with Targets:

    None.

Critical Paths under _main in COMMON

    None.

Critical Paths under _main in BANK0

    None.

Critical Paths under _main in BANK1

    None.

Critical Paths under _main in BANK2

    None.

Critical Paths under _main in BANK3

    None.

Critical Paths under _main in BANK4

    None.

Critical Paths under _main in BANK5

    None.

Critical Paths under _main in BANK6

    None.

Critical Paths under _main in BANK7

    None.

Critical Paths under _main in BANK8

    None.

Critical Paths under _main in BANK9

    None.

Critical Paths under _main in BANK10

    None.

Critical Paths under _main in BANK11

    None.

Critical Paths under _main in BANK12

    None.

Call Graph Tables:

 ---------------------------------------------------------------------------------
 (Depth) Function   	        Calls       Base Space   Used Autos Params    Refs
 ---------------------------------------------------------------------------------
 (0) _main                                                 1     1      0       0
                                              0 COMMON     1     1      0
 ---------------------------------------------------------------------------------
 Estimated maximum stack depth 0
 ---------------------------------------------------------------------------------

 Call Graph Graphs:

 _main (ROOT)

 Address spaces:
Name               Size   Autos  Total    Cost      Usage
BIGRAM             3F0      0       0       0        0.0%
EEDATA             100      0       0       0        0.0%
NULL                 0      0       0       0        0.0%
CODE                 0      0       0       0        0.0%
BITCOMMON            E      0       0       1        0.0%
BITSFR0              0      0       0       1        0.0%
SFR0                 0      0       0       1        0.0%
COMMON               E      1       8       2       57.1%
BITSFR1              0      0       0       2        0.0%
SFR1                 0      0       0       2        0.0%
BITSFR2              0      0       0       3        0.0%
SFR2                 0      0       0       3        0.0%
STACK                0      0       0       3        0.0%
BITBANK0            50      0       0       4        0.0%
BITSFR3              0      0       0       4        0.0%
SFR3                 0      0       0       4        0.0%
BANK0               50      0      14       5       25.0%
BITSFR4              0      0       0       5        0.0%
SFR4                 0      0       0       5        0.0%
BITBANK1            50      0       0       6        0.0%
BITSFR5              0      0       0       6        0.0%
SFR5                 0      0       0       6        0.0%
BANK1               50      0       0       7        0.0%
BITSFR6              0      0       0       7        0.0%
SFR6                 0      0       0       7        0.0%
BITBANK2            50      0       0       8        0.0%
BITSFR7              0      0       0       8        0.0%
SFR7                 0      0       0       8        0.0%
BANK2               50      0       0       9        0.0%
BITSFR8              0      0       0       9        0.0%
SFR8                 0      0       0       9        0.0%
BITBANK3            50      0       0      10        0.0%
BITSFR9              0      0       0      10        0.0%
SFR9                 0      0       0      10        0.0%
BANK3               50      0       0      11        0.0%
BITSFR10             0      0       0      11        0.0%
SFR10                0      0       0      11        0.0%
BITBANK4            50      0       0      12        0.0%
BITSFR11             0      0       0      12        0.0%
SFR11                0      0       0      12        0.0%
BANK4               50      0       0      13        0.0%
BITSFR12             0      0       0      13        0.0%
SFR12                0      0       0      13        0.0%
BITBANK5            50      0       0      14        0.0%
BITSFR13             0      0       0      14        0.0%
SFR13                0      0       0      14        0.0%
BANK5               50      0       0      15        0.0%
BITSFR14             0      0       0      15        0.0%
SFR14                0      0       0      15        0.0%
BITBANK6            50      0       0      16        0.0%
BITSFR15             0      0       0      16        0.0%
SFR15                0      0       0      16        0.0%
BANK6               50      0       0      17        0.0%
BITSFR16             0      0       0      17        0.0%
SFR16                0      0       0      17        0.0%
BITBANK7            50      0       0      18        0.0%
BITSFR17             0      0       0      18        0.0%
SFR17                0      0       0      18        0.0%
BANK7               50      0       0      19        0.0%
BITSFR18             0      0       0      19        0.0%
SFR18                0      0       0      19        0.0%
BITSFR19             0      0       0      20        0.0%
SFR19                0      0       0      20        0.0%
ABS                  0      0      1C      20        0.0%
BITBANK8            50      0       0      21        0.0%
BITSFR20             0      0       0      21        0.0%
SFR20                0      0       0      21        0.0%
BANK8               50      0       0      22        0.0%
BITSFR21             0      0       0      22        0.0%
SFR21                0      0       0      22        0.0%
BITBANK9            50      0       0      23        0.0%
BITSFR22             0      0       0      23        0.0%
SFR22                0      0       0      23        0.0%
BANK9               50      0       0      24        0.0%
BITSFR23             0      0       0      24        0.0%
SFR23                0      0       0      24        0.0%
BITBANK10           50      0       0      25        0.0%
BITSFR24             0      0       0      25        0.0%
SFR24                0      0       0      25        0.0%
BANK10              50      0       0      26        0.0%
BITSFR25             0      0       0      26        0.0%
SFR25                0      0       0      26        0.0%
BITBANK11           50      0       0      27        0.0%
BITSFR26             0      0       0      27        0.0%
SFR26                0      0       0      27        0.0%
BANK11              50      0       0      28        0.0%
BITSFR27             0      0       0      28        0.0%
SFR27                0      0       0      28        0.0%
BITBANK12           30      0       0      29        0.0%
BITSFR28             0      0       0      29        0.0%
SFR28                0      0       0      29        0.0%
BANK12              30      0       0      30        0.0%
BITSFR29             0      0       0      30        0.0%
SFR29                0      0       0      30        0.0%
BITSFR30             0      0       0      31        0.0%
SFR30                0      0       0      31        0.0%
DATA                 0      0      1C      31        0.0%
BITSFR31             0      0       0      32        0.0%
SFR31                0      0       0      32        0.0%


Microchip Technology PIC Macro Assembler V2.41 build 20230208172133 
Symbol Table                                                                                   Fri Sep 08 01:35:45 2023

                    l900 0656                      l910 0662                      l902 0657  
                    l920 0674                      l912 0664                      l904 0658  
                    l930 0688                      l922 0676                      l914 0666  
                    l906 0659                      l932 068F                      l924 0677  
                    l916 0667                      l908 065E                      l940 06A0  
                    l950 06B0                      l942 06A5                      l934 0693  
                    l926 067D                      l918 066D                      l960 06CD  
                    l952 06B6                      l944 06A9                      l936 0695  
                    l928 0684                      l962 06D1                      l954 06BD  
                    l946 06AD                      l970 06ED                      l938 069C  
                    l890 064F                      l980 06FD                      l972 06F2  
                    l964 06D7                      l956 06BF                      l948 06AF  
                    l892 0651                      l982 0703                      l974 06F6  
                    l990 071A                      l966 06DF                      l958 06C6  
                    l894 0652                      l992 071F                      l984 070A  
                    l976 06FA                      l968 06E5                      l896 0653  
                    l888 064B                      l994 0723                      l986 070C  
                    l978 06FC                      l898 0654                      l996 0729  
                    l988 0713                      l998 072C                      u200 065E  
                    u201 065D                      u210 0662                      u211 0661  
                    u300 071F                      u220 068F                      u301 071E  
                    u221 068E                      u310 0723                      u230 069C  
                    u311 0722                      u231 069B                      u320 0729  
                    u240 06A5                      u321 0728                      u241 06A4  
                    u330 075C                      u250 06A9                      u331 075B  
                    u251 06A8                      u340 076F                      u260 06D7  
                    u341 076E                      u261 06D6                      u350 0779  
                    u270 06E5                      u351 0778                      u335 0758  
                    u271 06E4                      u407 0680                      u360 07AC  
                    u280 06F2                      u361 07AB                      u345 076B  
                    u281 06F1                      u417 06B9                      u370 07B8  
                    u290 06F6                      u507 07E3                      u371 07B7  
                    u291 06F5                      u427 06C9                      u380 07C7  
                    u381 07C6                      u365 07A8                      u437 0706  
                    u447 0716                      u457 0735                      u467 0745  
                    u477 0785                      u397 0670                      u487 0795  
                    u497 07D3                      _num 0070                      wreg 0009  
                   l1000 0732                     l1010 074F                     l1002 0739  
                   l1012 075C                     l1004 073B                     l1020 0773  
                   l1030 078B                     l1022 0779                     l1014 0760  
                   l1006 073C                     l1040 07B4                     l1032 078C  
                   l1024 077C                     l1016 0762                     l1008 0749  
                   l1050 07D0                     l1042 07B8                     l1034 0799  
                   l1026 0782                     l1018 076F                     l1052 07D7  
                   l1036 079F                     l1028 0789                     l1044 07C0  
                   l1054 07D9                     l1046 07C7                     l1038 07AC  
                   l1056 07DA                     l1048 07CA                     _LATB 010D  
                   _cont 0076                     _main 064B                     fsr0h 0005  
                   fsr1h 0007                     fsr0l 0004                     indf1 0001  
                   fsr1l 0006                     btemp 007E                     start 0002  
                  ?_main 0077                    _TRISB 008D                    status 0003  
                  wtemp0 007E          __initialization 07EA             __end_of_main 07EA  
                 ??_main 0077                   _ANSELB 018D                   _decoAC 0020  
                 _decoCC 002A                   _decena 0072                   _unidad 0074  
__end_of__initialization 07FD           __pcstackCOMMON 0077             __pidataBANK0 0637  
             __pmaintext 064B     end_of_initialization 07FD                  init_ram 0631  
                initloop 0632                _PORTAbits 000C                _TRISAbits 008C  
              _TRISBbits 008D      start_initialization 07EA              __pdataBANK0 0020  
            __pbssCOMMON 0070                ___latbits 0003                 _LATAbits 010C  
               _LATBbits 010D               _ANSELAbits 018C  
