

Microchip MPLAB XC8 Assembler V2.41 build 20230208172133 
                                                                                               Thu Sep 07 23:28:57 2023

Microchip MPLAB XC8 C Compiler v2.41 (Free license) build 20230208172133 Og1 
     1                           	processor	16F1939
     2                           	pagewidth 120
     3                           	opt	flic
     4                           	psect	cinit,global,class=CODE,merge=1,delta=2
     5                           	psect	cstackCOMMON,global,class=COMMON,space=1,delta=1,noexec
     6                           	psect	maintext,global,class=CODE,merge=1,split=1,delta=2
     7                           	psect	text1,local,class=CODE,merge=1,delta=2
     8                           	psect	text2,local,class=CODE,merge=1,delta=2
     9                           	psect	text3,local,class=CODE,merge=1,delta=2
    10                           	psect	config,global,abs,ovrld,class=CONFIG,space=4,delta=2,noexec
    11                           	dabs	1,0x7E,2
    12     0000                     
    13                           ; Generated 06/07/2023 GMT
    14                           ; 
    15                           ; Copyright © 2023, Microchip Technology Inc. and its subsidiaries ("Microchip")
    16                           ; All rights reserved.
    17                           ; 
    18                           ; This software is developed by Microchip Technology Inc. and its subsidiaries ("Microch
      +                          ip").
    19                           ; 
    20                           ; Redistribution and use in source and binary forms, with or without modification, are
    21                           ; permitted provided that the following conditions are met:
    22                           ; 
    23                           ;     1. Redistributions of source code must retain the above copyright notice, this lis
      +                          t of
    24                           ;        conditions and the following disclaimer.
    25                           ; 
    26                           ;     2. Redistributions in binary form must reproduce the above copyright notice, this 
      +                          list
    27                           ;        of conditions and the following disclaimer in the documentation and/or other
    28                           ;        materials provided with the distribution. Publication is not required when
    29                           ;        this file is used in an embedded application.
    30                           ; 
    31                           ;     3. Microchip's name may not be used to endorse or promote products derived from th
      +                          is
    32                           ;        software without specific prior written permission.
    33                           ; 
    34                           ; THIS SOFTWARE IS PROVIDED BY MICROCHIP "AS IS" AND ANY EXPRESS OR IMPLIED WARRANTIES,
    35                           ; INCLUDING, BUT NOT LIMITED TO, THE IMPLIED WARRANTIES OF MERCHANTABILITY AND FITNESS F
      +                          OR
    36                           ; PURPOSE ARE DISCLAIMED.  IN NO EVENT SHALL MICROCHIP BE LIABLE FOR ANY DIRECT, INDIREC
      +                          T,
    37                           ; INCIDENTAL, SPECIAL, EXEMPLARY, OR CONSEQUENTIAL DAMAGES (INCLUDING BUT NOT LIMITED TO
    38                           ; PROCUREMENT OF SUBSTITUTE GOODS OR SERVICES; LOSS OF USE, DATA OR PROFITS; OR BUSINESS
    39                           ; INTERRUPTION) HOWSOEVER CAUSED AND ON ANY THEORY OF LIABILITY, WHETHER IN CONTRACT, ST
      +                          RICT
    40                           ; LIABILITY, OR TORT (INCLUDING NEGLIGENCE OR OTHERWISE) ARISING IN ANY WAY OUT OF THE U
      +                          SE OF
    41                           ; THIS SOFTWARE, EVEN IF ADVISED OF THE POSSIBILITY OF SUCH DAMAGE.
    42                           ; 
    43                           ; 
    44                           ; Code-generator required, PIC16F1939 Definitions
    45                           ; 
    46                           ; SFR Addresses
    47     0000                     	;# 
    48     0001                     	;# 
    49     0002                     	;# 
    50     0003                     	;# 
    51     0004                     	;# 
    52     0005                     	;# 
    53     0006                     	;# 
    54     0007                     	;# 
    55     0008                     	;# 
    56     0009                     	;# 
    57     000A                     	;# 
    58     000B                     	;# 
    59     000C                     	;# 
    60     000D                     	;# 
    61     000E                     	;# 
    62     000F                     	;# 
    63     0010                     	;# 
    64     0011                     	;# 
    65     0012                     	;# 
    66     0013                     	;# 
    67     0015                     	;# 
    68     0016                     	;# 
    69     0016                     	;# 
    70     0017                     	;# 
    71     0018                     	;# 
    72     0019                     	;# 
    73     001A                     	;# 
    74     001B                     	;# 
    75     001C                     	;# 
    76     001E                     	;# 
    77     001F                     	;# 
    78     008C                     	;# 
    79     008D                     	;# 
    80     008E                     	;# 
    81     008F                     	;# 
    82     0090                     	;# 
    83     0091                     	;# 
    84     0092                     	;# 
    85     0093                     	;# 
    86     0095                     	;# 
    87     0096                     	;# 
    88     0097                     	;# 
    89     0098                     	;# 
    90     0099                     	;# 
    91     009A                     	;# 
    92     009B                     	;# 
    93     009B                     	;# 
    94     009C                     	;# 
    95     009D                     	;# 
    96     009E                     	;# 
    97     010C                     	;# 
    98     010D                     	;# 
    99     010E                     	;# 
   100     010F                     	;# 
   101     0110                     	;# 
   102     0111                     	;# 
   103     0112                     	;# 
   104     0113                     	;# 
   105     0114                     	;# 
   106     0115                     	;# 
   107     0116                     	;# 
   108     0117                     	;# 
   109     0118                     	;# 
   110     0119                     	;# 
   111     011A                     	;# 
   112     011B                     	;# 
   113     011D                     	;# 
   114     018C                     	;# 
   115     018D                     	;# 
   116     018F                     	;# 
   117     0190                     	;# 
   118     0191                     	;# 
   119     0191                     	;# 
   120     0192                     	;# 
   121     0193                     	;# 
   122     0193                     	;# 
   123     0193                     	;# 
   124     0194                     	;# 
   125     0195                     	;# 
   126     0196                     	;# 
   127     0199                     	;# 
   128     019A                     	;# 
   129     019B                     	;# 
   130     019B                     	;# 
   131     019B                     	;# 
   132     019B                     	;# 
   133     019C                     	;# 
   134     019C                     	;# 
   135     019D                     	;# 
   136     019E                     	;# 
   137     019F                     	;# 
   138     020D                     	;# 
   139     0210                     	;# 
   140     0211                     	;# 
   141     0212                     	;# 
   142     0213                     	;# 
   143     0214                     	;# 
   144     0215                     	;# 
   145     0215                     	;# 
   146     0216                     	;# 
   147     0217                     	;# 
   148     0291                     	;# 
   149     0291                     	;# 
   150     0292                     	;# 
   151     0293                     	;# 
   152     0294                     	;# 
   153     0295                     	;# 
   154     0295                     	;# 
   155     0296                     	;# 
   156     0298                     	;# 
   157     0298                     	;# 
   158     0299                     	;# 
   159     029A                     	;# 
   160     029B                     	;# 
   161     029C                     	;# 
   162     029C                     	;# 
   163     029D                     	;# 
   164     029E                     	;# 
   165     029F                     	;# 
   166     0311                     	;# 
   167     0311                     	;# 
   168     0312                     	;# 
   169     0313                     	;# 
   170     0314                     	;# 
   171     0315                     	;# 
   172     0315                     	;# 
   173     0316                     	;# 
   174     0318                     	;# 
   175     0318                     	;# 
   176     0319                     	;# 
   177     031A                     	;# 
   178     031C                     	;# 
   179     031C                     	;# 
   180     031D                     	;# 
   181     031E                     	;# 
   182     0394                     	;# 
   183     0395                     	;# 
   184     0396                     	;# 
   185     0415                     	;# 
   186     0416                     	;# 
   187     0417                     	;# 
   188     041C                     	;# 
   189     041D                     	;# 
   190     041E                     	;# 
   191     0791                     	;# 
   192     0792                     	;# 
   193     0793                     	;# 
   194     0794                     	;# 
   195     0795                     	;# 
   196     0798                     	;# 
   197     0799                     	;# 
   198     079A                     	;# 
   199     07A0                     	;# 
   200     07A1                     	;# 
   201     07A2                     	;# 
   202     07A3                     	;# 
   203     07A4                     	;# 
   204     07A5                     	;# 
   205     07A6                     	;# 
   206     07A7                     	;# 
   207     07A8                     	;# 
   208     07A9                     	;# 
   209     07AA                     	;# 
   210     07AB                     	;# 
   211     0FE4                     	;# 
   212     0FE5                     	;# 
   213     0FE6                     	;# 
   214     0FE7                     	;# 
   215     0FE8                     	;# 
   216     0FE9                     	;# 
   217     0FEA                     	;# 
   218     0FEB                     	;# 
   219     0FED                     	;# 
   220     0FEE                     	;# 
   221     0FEF                     	;# 
   222     0000                     	;# 
   223     0001                     	;# 
   224     0002                     	;# 
   225     0003                     	;# 
   226     0004                     	;# 
   227     0005                     	;# 
   228     0006                     	;# 
   229     0007                     	;# 
   230     0008                     	;# 
   231     0009                     	;# 
   232     000A                     	;# 
   233     000B                     	;# 
   234     000C                     	;# 
   235     000D                     	;# 
   236     000E                     	;# 
   237     000F                     	;# 
   238     0010                     	;# 
   239     0011                     	;# 
   240     0012                     	;# 
   241     0013                     	;# 
   242     0015                     	;# 
   243     0016                     	;# 
   244     0016                     	;# 
   245     0017                     	;# 
   246     0018                     	;# 
   247     0019                     	;# 
   248     001A                     	;# 
   249     001B                     	;# 
   250     001C                     	;# 
   251     001E                     	;# 
   252     001F                     	;# 
   253     008C                     	;# 
   254     008D                     	;# 
   255     008E                     	;# 
   256     008F                     	;# 
   257     0090                     	;# 
   258     0091                     	;# 
   259     0092                     	;# 
   260     0093                     	;# 
   261     0095                     	;# 
   262     0096                     	;# 
   263     0097                     	;# 
   264     0098                     	;# 
   265     0099                     	;# 
   266     009A                     	;# 
   267     009B                     	;# 
   268     009B                     	;# 
   269     009C                     	;# 
   270     009D                     	;# 
   271     009E                     	;# 
   272     010C                     	;# 
   273     010D                     	;# 
   274     010E                     	;# 
   275     010F                     	;# 
   276     0110                     	;# 
   277     0111                     	;# 
   278     0112                     	;# 
   279     0113                     	;# 
   280     0114                     	;# 
   281     0115                     	;# 
   282     0116                     	;# 
   283     0117                     	;# 
   284     0118                     	;# 
   285     0119                     	;# 
   286     011A                     	;# 
   287     011B                     	;# 
   288     011D                     	;# 
   289     018C                     	;# 
   290     018D                     	;# 
   291     018F                     	;# 
   292     0190                     	;# 
   293     0191                     	;# 
   294     0191                     	;# 
   295     0192                     	;# 
   296     0193                     	;# 
   297     0193                     	;# 
   298     0193                     	;# 
   299     0194                     	;# 
   300     0195                     	;# 
   301     0196                     	;# 
   302     0199                     	;# 
   303     019A                     	;# 
   304     019B                     	;# 
   305     019B                     	;# 
   306     019B                     	;# 
   307     019B                     	;# 
   308     019C                     	;# 
   309     019C                     	;# 
   310     019D                     	;# 
   311     019E                     	;# 
   312     019F                     	;# 
   313     020D                     	;# 
   314     0210                     	;# 
   315     0211                     	;# 
   316     0212                     	;# 
   317     0213                     	;# 
   318     0214                     	;# 
   319     0215                     	;# 
   320     0215                     	;# 
   321     0216                     	;# 
   322     0217                     	;# 
   323     0291                     	;# 
   324     0291                     	;# 
   325     0292                     	;# 
   326     0293                     	;# 
   327     0294                     	;# 
   328     0295                     	;# 
   329     0295                     	;# 
   330     0296                     	;# 
   331     0298                     	;# 
   332     0298                     	;# 
   333     0299                     	;# 
   334     029A                     	;# 
   335     029B                     	;# 
   336     029C                     	;# 
   337     029C                     	;# 
   338     029D                     	;# 
   339     029E                     	;# 
   340     029F                     	;# 
   341     0311                     	;# 
   342     0311                     	;# 
   343     0312                     	;# 
   344     0313                     	;# 
   345     0314                     	;# 
   346     0315                     	;# 
   347     0315                     	;# 
   348     0316                     	;# 
   349     0318                     	;# 
   350     0318                     	;# 
   351     0319                     	;# 
   352     031A                     	;# 
   353     031C                     	;# 
   354     031C                     	;# 
   355     031D                     	;# 
   356     031E                     	;# 
   357     0394                     	;# 
   358     0395                     	;# 
   359     0396                     	;# 
   360     0415                     	;# 
   361     0416                     	;# 
   362     0417                     	;# 
   363     041C                     	;# 
   364     041D                     	;# 
   365     041E                     	;# 
   366     0791                     	;# 
   367     0792                     	;# 
   368     0793                     	;# 
   369     0794                     	;# 
   370     0795                     	;# 
   371     0798                     	;# 
   372     0799                     	;# 
   373     079A                     	;# 
   374     07A0                     	;# 
   375     07A1                     	;# 
   376     07A2                     	;# 
   377     07A3                     	;# 
   378     07A4                     	;# 
   379     07A5                     	;# 
   380     07A6                     	;# 
   381     07A7                     	;# 
   382     07A8                     	;# 
   383     07A9                     	;# 
   384     07AA                     	;# 
   385     07AB                     	;# 
   386     0FE4                     	;# 
   387     0FE5                     	;# 
   388     0FE6                     	;# 
   389     0FE7                     	;# 
   390     0FE8                     	;# 
   391     0FE9                     	;# 
   392     0FEA                     	;# 
   393     0FEB                     	;# 
   394     0FED                     	;# 
   395     0FEE                     	;# 
   396     0FEF                     	;# 
   397     0000                     	;# 
   398     0001                     	;# 
   399     0002                     	;# 
   400     0003                     	;# 
   401     0004                     	;# 
   402     0005                     	;# 
   403     0006                     	;# 
   404     0007                     	;# 
   405     0008                     	;# 
   406     0009                     	;# 
   407     000A                     	;# 
   408     000B                     	;# 
   409     000C                     	;# 
   410     000D                     	;# 
   411     000E                     	;# 
   412     000F                     	;# 
   413     0010                     	;# 
   414     0011                     	;# 
   415     0012                     	;# 
   416     0013                     	;# 
   417     0015                     	;# 
   418     0016                     	;# 
   419     0016                     	;# 
   420     0017                     	;# 
   421     0018                     	;# 
   422     0019                     	;# 
   423     001A                     	;# 
   424     001B                     	;# 
   425     001C                     	;# 
   426     001E                     	;# 
   427     001F                     	;# 
   428     008C                     	;# 
   429     008D                     	;# 
   430     008E                     	;# 
   431     008F                     	;# 
   432     0090                     	;# 
   433     0091                     	;# 
   434     0092                     	;# 
   435     0093                     	;# 
   436     0095                     	;# 
   437     0096                     	;# 
   438     0097                     	;# 
   439     0098                     	;# 
   440     0099                     	;# 
   441     009A                     	;# 
   442     009B                     	;# 
   443     009B                     	;# 
   444     009C                     	;# 
   445     009D                     	;# 
   446     009E                     	;# 
   447     010C                     	;# 
   448     010D                     	;# 
   449     010E                     	;# 
   450     010F                     	;# 
   451     0110                     	;# 
   452     0111                     	;# 
   453     0112                     	;# 
   454     0113                     	;# 
   455     0114                     	;# 
   456     0115                     	;# 
   457     0116                     	;# 
   458     0117                     	;# 
   459     0118                     	;# 
   460     0119                     	;# 
   461     011A                     	;# 
   462     011B                     	;# 
   463     011D                     	;# 
   464     018C                     	;# 
   465     018D                     	;# 
   466     018F                     	;# 
   467     0190                     	;# 
   468     0191                     	;# 
   469     0191                     	;# 
   470     0192                     	;# 
   471     0193                     	;# 
   472     0193                     	;# 
   473     0193                     	;# 
   474     0194                     	;# 
   475     0195                     	;# 
   476     0196                     	;# 
   477     0199                     	;# 
   478     019A                     	;# 
   479     019B                     	;# 
   480     019B                     	;# 
   481     019B                     	;# 
   482     019B                     	;# 
   483     019C                     	;# 
   484     019C                     	;# 
   485     019D                     	;# 
   486     019E                     	;# 
   487     019F                     	;# 
   488     020D                     	;# 
   489     0210                     	;# 
   490     0211                     	;# 
   491     0212                     	;# 
   492     0213                     	;# 
   493     0214                     	;# 
   494     0215                     	;# 
   495     0215                     	;# 
   496     0216                     	;# 
   497     0217                     	;# 
   498     0291                     	;# 
   499     0291                     	;# 
   500     0292                     	;# 
   501     0293                     	;# 
   502     0294                     	;# 
   503     0295                     	;# 
   504     0295                     	;# 
   505     0296                     	;# 
   506     0298                     	;# 
   507     0298                     	;# 
   508     0299                     	;# 
   509     029A                     	;# 
   510     029B                     	;# 
   511     029C                     	;# 
   512     029C                     	;# 
   513     029D                     	;# 
   514     029E                     	;# 
   515     029F                     	;# 
   516     0311                     	;# 
   517     0311                     	;# 
   518     0312                     	;# 
   519     0313                     	;# 
   520     0314                     	;# 
   521     0315                     	;# 
   522     0315                     	;# 
   523     0316                     	;# 
   524     0318                     	;# 
   525     0318                     	;# 
   526     0319                     	;# 
   527     031A                     	;# 
   528     031C                     	;# 
   529     031C                     	;# 
   530     031D                     	;# 
   531     031E                     	;# 
   532     0394                     	;# 
   533     0395                     	;# 
   534     0396                     	;# 
   535     0415                     	;# 
   536     0416                     	;# 
   537     0417                     	;# 
   538     041C                     	;# 
   539     041D                     	;# 
   540     041E                     	;# 
   541     0791                     	;# 
   542     0792                     	;# 
   543     0793                     	;# 
   544     0794                     	;# 
   545     0795                     	;# 
   546     0798                     	;# 
   547     0799                     	;# 
   548     079A                     	;# 
   549     07A0                     	;# 
   550     07A1                     	;# 
   551     07A2                     	;# 
   552     07A3                     	;# 
   553     07A4                     	;# 
   554     07A5                     	;# 
   555     07A6                     	;# 
   556     07A7                     	;# 
   557     07A8                     	;# 
   558     07A9                     	;# 
   559     07AA                     	;# 
   560     07AB                     	;# 
   561     0FE4                     	;# 
   562     0FE5                     	;# 
   563     0FE6                     	;# 
   564     0FE7                     	;# 
   565     0FE8                     	;# 
   566     0FE9                     	;# 
   567     0FEA                     	;# 
   568     0FEB                     	;# 
   569     0FED                     	;# 
   570     0FEE                     	;# 
   571     0FEF                     	;# 
   572     000E                     _PORTC	set	14
   573     000D                     _PORTB	set	13
   574     000F                     _PORTD	set	15
   575     008E                     _TRISC	set	142
   576     008D                     _TRISB	set	141
   577     008F                     _TRISD	set	143
   578                           
   579                           	psect	cinit
   580     07FD                     start_initialization:	
   581                           ; #config settings
   582                           
   583     07FD                     __initialization:
   584     07FD                     end_of_initialization:	
   585                           ;End of C runtime variable initialization code
   586                           
   587     07FD                     __end_of__initialization:
   588     07FD  0020               	movlb	0
   589     07FE  3186  2EAA         	ljmp	_main	;jump to C main() function
   590                           
   591                           	psect	cstackCOMMON
   592     0070                     __pcstackCOMMON:
   593     0070                     ?_semaforo1:
   594     0070                     ??_semaforo1:	
   595                           ; 1 bytes @ 0x0
   596                           
   597     0070                     ?_semaforo2:	
   598                           ; 1 bytes @ 0x0
   599                           
   600     0070                     ??_semaforo2:	
   601                           ; 1 bytes @ 0x0
   602                           
   603     0070                     ?_semaforo3:	
   604                           ; 1 bytes @ 0x0
   605                           
   606     0070                     ??_semaforo3:	
   607                           ; 1 bytes @ 0x0
   608                           
   609     0070                     ?_main:	
   610                           ; 1 bytes @ 0x0
   611                           
   612                           
   613                           ; 2 bytes @ 0x0
   614     0070                     	ds	2
   615     0072                     ??_main:
   616                           
   617                           ; 1 bytes @ 0x2
   618     0072                     	ds	2
   619                           
   620                           	psect	maintext
   621     06AA                     __pmaintext:	
   622 ;;
   623 ;;Main: autosize = 0, tempsize = 2, incstack = 0, save=0
   624 ;;
   625 ;; *************** function _main *****************
   626 ;; Defined at:
   627 ;;		line 12 in file "main.c"
   628 ;; Parameters:    Size  Location     Type
   629 ;;		None
   630 ;; Auto vars:     Size  Location     Type
   631 ;;		None
   632 ;; Return value:  Size  Location     Type
   633 ;;                  2   24[None  ] int 
   634 ;; Registers used:
   635 ;;		wreg, status,2, status,0, pclath, cstack
   636 ;; Tracked objects:
   637 ;;		On entry : B1F/0
   638 ;;		On exit  : 0/0
   639 ;;		Unchanged: 0/0
   640 ;; Data sizes:     COMMON   BANK0   BANK1   BANK2   BANK3   BANK4   BANK5   BANK6   BANK7   BANK8   BANK9  BANK10  BANK1
      +1  BANK12
   641 ;;      Params:         0       0       0       0       0       0       0       0       0       0       0       0       
      +0       0
   642 ;;      Locals:         0       0       0       0       0       0       0       0       0       0       0       0       
      +0       0
   643 ;;      Temps:          2       0       0       0       0       0       0       0       0       0       0       0       
      +0       0
   644 ;;      Totals:         2       0       0       0       0       0       0       0       0       0       0       0       
      +0       0
   645 ;;Total ram usage:        2 bytes
   646 ;; Hardware stack levels required when called: 1
   647 ;; This function calls:
   648 ;;		_semaforo1
   649 ;;		_semaforo2
   650 ;;		_semaforo3
   651 ;; This function is called by:
   652 ;;		Startup code after reset
   653 ;; This function uses a non-reentrant model
   654 ;;
   655                           
   656     06AA                     _main:	
   657                           ;psect for function _main
   658                           
   659     06AA                     l717:	
   660                           ;incstack = 0
   661                           ; Regs used in _main: [wreg+status,2+status,0+pclath+cstack]
   662                           
   663                           
   664                           ;main.c: 14:     TRISD = 0b00000000;
   665     06AA  0021               	movlb	1	; select bank1
   666     06AB  018F               	clrf	15	;volatile
   667                           
   668                           ;main.c: 15:  TRISB = 0b00000000;
   669     06AC  018D               	clrf	13	;volatile
   670                           
   671                           ;main.c: 16:  TRISC = 0b00000000;
   672     06AD  018E               	clrf	14	;volatile
   673     06AE                     l719:
   674                           
   675                           ;main.c: 18:     {;main.c: 19:   semaforo1();
   676     06AE  3187  2798  3186   	fcall	_semaforo1
   677     06B1                     l721:
   678                           
   679                           ;main.c: 20:   _delay((unsigned long)((500)*(20000000UL/4000.0)));
   680     06B1  300D               	movlw	13
   681     06B2  00F3               	movwf	??_main+1
   682     06B3  30AF               	movlw	175
   683     06B4  00F2               	movwf	??_main
   684     06B5  30B6               	movlw	182
   685     06B6                     u17:
   686     06B6  0B89               	decfsz	9,f
   687     06B7  2EB6               	goto	u17
   688     06B8  0BF2               	decfsz	??_main,f
   689     06B9  2EB6               	goto	u17
   690     06BA  0BF3               	decfsz	??_main+1,f
   691     06BB  2EB6               	goto	u17
   692     06BC  3200               	nop2
   693     06BD                     l723:
   694                           
   695                           ;main.c: 21:   semaforo2();
   696     06BD  3186  26DE  3186   	fcall	_semaforo2
   697     06C0                     l725:
   698                           
   699                           ;main.c: 22:   _delay((unsigned long)((500)*(20000000UL/4000.0)));
   700     06C0  300D               	movlw	13
   701     06C1  00F3               	movwf	??_main+1
   702     06C2  30AF               	movlw	175
   703     06C3  00F2               	movwf	??_main
   704     06C4  30B6               	movlw	182
   705     06C5                     u27:
   706     06C5  0B89               	decfsz	9,f
   707     06C6  2EC5               	goto	u27
   708     06C7  0BF2               	decfsz	??_main,f
   709     06C8  2EC5               	goto	u27
   710     06C9  0BF3               	decfsz	??_main+1,f
   711     06CA  2EC5               	goto	u27
   712     06CB  3200               	nop2
   713     06CC                     l727:
   714                           
   715                           ;main.c: 23:   semaforo3();
   716     06CC  3187  2735  3186   	fcall	_semaforo3
   717     06CF                     l729:
   718                           
   719                           ;main.c: 24:   _delay((unsigned long)((500)*(20000000UL/4000.0)));
   720     06CF  300D               	movlw	13
   721     06D0  00F3               	movwf	??_main+1
   722     06D1  30AF               	movlw	175
   723     06D2  00F2               	movwf	??_main
   724     06D3  30B6               	movlw	182
   725     06D4                     u37:
   726     06D4  0B89               	decfsz	9,f
   727     06D5  2ED4               	goto	u37
   728     06D6  0BF2               	decfsz	??_main,f
   729     06D7  2ED4               	goto	u37
   730     06D8  0BF3               	decfsz	??_main+1,f
   731     06D9  2ED4               	goto	u37
   732     06DA  3200               	nop2
   733     06DB  2EAE               	goto	l719
   734     06DC  3180  2802         	ljmp	start
   735     06DE                     __end_of_main:
   736                           
   737                           	psect	text1
   738     0735                     __ptext1:	
   739 ;; *************** function _semaforo3 *****************
   740 ;; Defined at:
   741 ;;		line 69 in file "main.c"
   742 ;; Parameters:    Size  Location     Type
   743 ;;		None
   744 ;; Auto vars:     Size  Location     Type
   745 ;;		None
   746 ;; Return value:  Size  Location     Type
   747 ;;                  1    wreg      void 
   748 ;; Registers used:
   749 ;;		wreg, status,2
   750 ;; Tracked objects:
   751 ;;		On entry : 0/0
   752 ;;		On exit  : 0/0
   753 ;;		Unchanged: 0/0
   754 ;; Data sizes:     COMMON   BANK0   BANK1   BANK2   BANK3   BANK4   BANK5   BANK6   BANK7   BANK8   BANK9  BANK10  BANK1
      +1  BANK12
   755 ;;      Params:         0       0       0       0       0       0       0       0       0       0       0       0       
      +0       0
   756 ;;      Locals:         0       0       0       0       0       0       0       0       0       0       0       0       
      +0       0
   757 ;;      Temps:          2       0       0       0       0       0       0       0       0       0       0       0       
      +0       0
   758 ;;      Totals:         2       0       0       0       0       0       0       0       0       0       0       0       
      +0       0
   759 ;;Total ram usage:        2 bytes
   760 ;; Hardware stack levels used: 1
   761 ;; This function calls:
   762 ;;		Nothing
   763 ;; This function is called by:
   764 ;;		_main
   765 ;; This function uses a non-reentrant model
   766 ;;
   767                           
   768     0735                     _semaforo3:	
   769                           ;psect for function _semaforo3
   770                           
   771     0735                     l693:	
   772                           ;incstack = 0
   773                           ; Regs used in _semaforo3: [wreg+status,2]
   774                           
   775                           
   776                           ;main.c: 71:  PORTD = (1<<0);
   777     0735  3001               	movlw	1
   778     0736  0020               	movlb	0	; select bank0
   779     0737  008F               	movwf	15	;volatile
   780                           
   781                           ;main.c: 72:  PORTB = (1<<0);
   782     0738  3001               	movlw	1
   783     0739  008D               	movwf	13	;volatile
   784                           
   785                           ;main.c: 73:  _delay((unsigned long)((300)*(20000000UL/4000.0)));
   786     073A  3008               	movlw	8
   787     073B  00F1               	movwf	??_semaforo3+1
   788     073C  309D               	movlw	157
   789     073D  00F0               	movwf	??_semaforo3
   790     073E  3006               	movlw	6
   791     073F                     u47:
   792     073F  0B89               	decfsz	9,f
   793     0740  2F3F               	goto	u47
   794     0741  0BF0               	decfsz	??_semaforo3,f
   795     0742  2F3F               	goto	u47
   796     0743  0BF1               	decfsz	??_semaforo3+1,f
   797     0744  2F3F               	goto	u47
   798     0745                     l695:
   799                           
   800                           ;main.c: 74:  PORTC = 0x00;
   801     0745  0020               	movlb	0	; select bank0
   802     0746  018E               	clrf	14	;volatile
   803     0747                     l697:
   804                           
   805                           ;main.c: 75:  _delay((unsigned long)((20)*(20000000UL/4000.0)));
   806     0747  3082               	movlw	130
   807     0748  00F0               	movwf	??_semaforo3
   808     0749  30DE               	movlw	222
   809     074A                     u57:
   810     074A  0B89               	decfsz	9,f
   811     074B  2F4A               	goto	u57
   812     074C  0BF0               	decfsz	??_semaforo3,f
   813     074D  2F4A               	goto	u57
   814     074E                     l699:
   815                           
   816                           ;main.c: 76:  PORTC = (1<<1);
   817     074E  3002               	movlw	2
   818     074F  0020               	movlb	0	; select bank0
   819     0750  008E               	movwf	14	;volatile
   820     0751                     l701:
   821                           
   822                           ;main.c: 77:  _delay((unsigned long)((300)*(20000000UL/4000.0)));
   823     0751  3008               	movlw	8
   824     0752  00F1               	movwf	??_semaforo3+1
   825     0753  309D               	movlw	157
   826     0754  00F0               	movwf	??_semaforo3
   827     0755  3006               	movlw	6
   828     0756                     u67:
   829     0756  0B89               	decfsz	9,f
   830     0757  2F56               	goto	u67
   831     0758  0BF0               	decfsz	??_semaforo3,f
   832     0759  2F56               	goto	u67
   833     075A  0BF1               	decfsz	??_semaforo3+1,f
   834     075B  2F56               	goto	u67
   835                           
   836                           ;main.c: 78:  PORTC = 0x00;
   837     075C  0020               	movlb	0	; select bank0
   838     075D  018E               	clrf	14	;volatile
   839     075E                     l703:
   840                           
   841                           ;main.c: 79:  _delay((unsigned long)((20)*(20000000UL/4000.0)));
   842     075E  3082               	movlw	130
   843     075F  00F0               	movwf	??_semaforo3
   844     0760  30DE               	movlw	222
   845     0761                     u77:
   846     0761  0B89               	decfsz	9,f
   847     0762  2F61               	goto	u77
   848     0763  0BF0               	decfsz	??_semaforo3,f
   849     0764  2F61               	goto	u77
   850     0765                     l705:
   851                           
   852                           ;main.c: 80:  PORTC = (1<<2);
   853     0765  3004               	movlw	4
   854     0766  0020               	movlb	0	; select bank0
   855     0767  008E               	movwf	14	;volatile
   856     0768                     l707:
   857                           
   858                           ;main.c: 81:  _delay((unsigned long)((500)*(20000000UL/4000.0)));
   859     0768  300D               	movlw	13
   860     0769  00F1               	movwf	??_semaforo3+1
   861     076A  30AF               	movlw	175
   862     076B  00F0               	movwf	??_semaforo3
   863     076C  30B6               	movlw	182
   864     076D                     u87:
   865     076D  0B89               	decfsz	9,f
   866     076E  2F6D               	goto	u87
   867     076F  0BF0               	decfsz	??_semaforo3,f
   868     0770  2F6D               	goto	u87
   869     0771  0BF1               	decfsz	??_semaforo3+1,f
   870     0772  2F6D               	goto	u87
   871     0773  3200               	nop2
   872     0774                     l709:
   873                           
   874                           ;main.c: 82:  PORTC = 0x00;
   875     0774  0020               	movlb	0	; select bank0
   876     0775  018E               	clrf	14	;volatile
   877                           
   878                           ;main.c: 83:  _delay((unsigned long)((20)*(20000000UL/4000.0)));
   879     0776  3082               	movlw	130
   880     0777  00F0               	movwf	??_semaforo3
   881     0778  30DE               	movlw	222
   882     0779                     u97:
   883     0779  0B89               	decfsz	9,f
   884     077A  2F79               	goto	u97
   885     077B  0BF0               	decfsz	??_semaforo3,f
   886     077C  2F79               	goto	u97
   887                           
   888                           ;main.c: 84:  PORTC = (1<<1);
   889     077D  3002               	movlw	2
   890     077E  0020               	movlb	0	; select bank0
   891     077F  008E               	movwf	14	;volatile
   892                           
   893                           ;main.c: 85:  _delay((unsigned long)((300)*(20000000UL/4000.0)));
   894     0780  3008               	movlw	8
   895     0781  00F1               	movwf	??_semaforo3+1
   896     0782  309D               	movlw	157
   897     0783  00F0               	movwf	??_semaforo3
   898     0784  3006               	movlw	6
   899     0785                     u107:
   900     0785  0B89               	decfsz	9,f
   901     0786  2F85               	goto	u107
   902     0787  0BF0               	decfsz	??_semaforo3,f
   903     0788  2F85               	goto	u107
   904     0789  0BF1               	decfsz	??_semaforo3+1,f
   905     078A  2F85               	goto	u107
   906     078B                     l711:
   907                           
   908                           ;main.c: 86:  PORTC = 0x00;
   909     078B  0020               	movlb	0	; select bank0
   910     078C  018E               	clrf	14	;volatile
   911     078D                     l713:
   912                           
   913                           ;main.c: 87:  _delay((unsigned long)((20)*(20000000UL/4000.0)));
   914     078D  3082               	movlw	130
   915     078E  00F0               	movwf	??_semaforo3
   916     078F  30DE               	movlw	222
   917     0790                     u117:
   918     0790  0B89               	decfsz	9,f
   919     0791  2F90               	goto	u117
   920     0792  0BF0               	decfsz	??_semaforo3,f
   921     0793  2F90               	goto	u117
   922     0794                     l715:
   923                           
   924                           ;main.c: 88:  PORTC = (1<<0);
   925     0794  3001               	movlw	1
   926     0795  0020               	movlb	0	; select bank0
   927     0796  008E               	movwf	14	;volatile
   928     0797                     l37:
   929     0797  0008               	return
   930     0798                     __end_of_semaforo3:
   931                           
   932                           	psect	text2
   933     06DE                     __ptext2:	
   934 ;; *************** function _semaforo2 *****************
   935 ;; Defined at:
   936 ;;		line 49 in file "main.c"
   937 ;; Parameters:    Size  Location     Type
   938 ;;		None
   939 ;; Auto vars:     Size  Location     Type
   940 ;;		None
   941 ;; Return value:  Size  Location     Type
   942 ;;                  1    wreg      void 
   943 ;; Registers used:
   944 ;;		wreg, status,2
   945 ;; Tracked objects:
   946 ;;		On entry : 0/0
   947 ;;		On exit  : 0/0
   948 ;;		Unchanged: 0/0
   949 ;; Data sizes:     COMMON   BANK0   BANK1   BANK2   BANK3   BANK4   BANK5   BANK6   BANK7   BANK8   BANK9  BANK10  BANK1
      +1  BANK12
   950 ;;      Params:         0       0       0       0       0       0       0       0       0       0       0       0       
      +0       0
   951 ;;      Locals:         0       0       0       0       0       0       0       0       0       0       0       0       
      +0       0
   952 ;;      Temps:          2       0       0       0       0       0       0       0       0       0       0       0       
      +0       0
   953 ;;      Totals:         2       0       0       0       0       0       0       0       0       0       0       0       
      +0       0
   954 ;;Total ram usage:        2 bytes
   955 ;; Hardware stack levels used: 1
   956 ;; This function calls:
   957 ;;		Nothing
   958 ;; This function is called by:
   959 ;;		_main
   960 ;; This function uses a non-reentrant model
   961 ;;
   962                           
   963     06DE                     _semaforo2:	
   964                           ;psect for function _semaforo2
   965                           
   966     06DE                     l669:	
   967                           ;incstack = 0
   968                           ; Regs used in _semaforo2: [wreg+status,2]
   969                           
   970                           
   971                           ;main.c: 51:  PORTD = (1<<0);
   972     06DE  3001               	movlw	1
   973     06DF  0020               	movlb	0	; select bank0
   974     06E0  008F               	movwf	15	;volatile
   975                           
   976                           ;main.c: 52:  PORTC = (1<<0);
   977     06E1  3001               	movlw	1
   978     06E2  008E               	movwf	14	;volatile
   979     06E3                     l671:
   980                           
   981                           ;main.c: 53:  PORTB = 0x00;
   982     06E3  018D               	clrf	13	;volatile
   983     06E4                     l673:
   984                           
   985                           ;main.c: 54:  _delay((unsigned long)((20)*(20000000UL/4000.0)));
   986     06E4  3082               	movlw	130
   987     06E5  00F0               	movwf	??_semaforo2
   988     06E6  30DE               	movlw	222
   989     06E7                     u127:
   990     06E7  0B89               	decfsz	9,f
   991     06E8  2EE7               	goto	u127
   992     06E9  0BF0               	decfsz	??_semaforo2,f
   993     06EA  2EE7               	goto	u127
   994     06EB                     l675:
   995                           
   996                           ;main.c: 55:  PORTB = (1<<1);
   997     06EB  3002               	movlw	2
   998     06EC  0020               	movlb	0	; select bank0
   999     06ED  008D               	movwf	13	;volatile
  1000     06EE                     l677:
  1001                           
  1002                           ;main.c: 56:  _delay((unsigned long)((300)*(20000000UL/4000.0)));
  1003     06EE  3008               	movlw	8
  1004     06EF  00F1               	movwf	??_semaforo2+1
  1005     06F0  309D               	movlw	157
  1006     06F1  00F0               	movwf	??_semaforo2
  1007     06F2  3006               	movlw	6
  1008     06F3                     u137:
  1009     06F3  0B89               	decfsz	9,f
  1010     06F4  2EF3               	goto	u137
  1011     06F5  0BF0               	decfsz	??_semaforo2,f
  1012     06F6  2EF3               	goto	u137
  1013     06F7  0BF1               	decfsz	??_semaforo2+1,f
  1014     06F8  2EF3               	goto	u137
  1015                           
  1016                           ;main.c: 57:  PORTB = 0x00;
  1017     06F9  0020               	movlb	0	; select bank0
  1018     06FA  018D               	clrf	13	;volatile
  1019     06FB                     l679:
  1020                           
  1021                           ;main.c: 58:  _delay((unsigned long)((20)*(20000000UL/4000.0)));
  1022     06FB  3082               	movlw	130
  1023     06FC  00F0               	movwf	??_semaforo2
  1024     06FD  30DE               	movlw	222
  1025     06FE                     u147:
  1026     06FE  0B89               	decfsz	9,f
  1027     06FF  2EFE               	goto	u147
  1028     0700  0BF0               	decfsz	??_semaforo2,f
  1029     0701  2EFE               	goto	u147
  1030     0702                     l681:
  1031                           
  1032                           ;main.c: 59:  PORTB = (1<<2);
  1033     0702  3004               	movlw	4
  1034     0703  0020               	movlb	0	; select bank0
  1035     0704  008D               	movwf	13	;volatile
  1036     0705                     l683:
  1037                           
  1038                           ;main.c: 60:  _delay((unsigned long)((500)*(20000000UL/4000.0)));
  1039     0705  300D               	movlw	13
  1040     0706  00F1               	movwf	??_semaforo2+1
  1041     0707  30AF               	movlw	175
  1042     0708  00F0               	movwf	??_semaforo2
  1043     0709  30B6               	movlw	182
  1044     070A                     u157:
  1045     070A  0B89               	decfsz	9,f
  1046     070B  2F0A               	goto	u157
  1047     070C  0BF0               	decfsz	??_semaforo2,f
  1048     070D  2F0A               	goto	u157
  1049     070E  0BF1               	decfsz	??_semaforo2+1,f
  1050     070F  2F0A               	goto	u157
  1051     0710  3200               	nop2
  1052     0711                     l685:
  1053                           
  1054                           ;main.c: 61:  PORTB = 0x00;
  1055     0711  0020               	movlb	0	; select bank0
  1056     0712  018D               	clrf	13	;volatile
  1057                           
  1058                           ;main.c: 62:  _delay((unsigned long)((20)*(20000000UL/4000.0)));
  1059     0713  3082               	movlw	130
  1060     0714  00F0               	movwf	??_semaforo2
  1061     0715  30DE               	movlw	222
  1062     0716                     u167:
  1063     0716  0B89               	decfsz	9,f
  1064     0717  2F16               	goto	u167
  1065     0718  0BF0               	decfsz	??_semaforo2,f
  1066     0719  2F16               	goto	u167
  1067                           
  1068                           ;main.c: 63:  PORTB = (1<<1);
  1069     071A  3002               	movlw	2
  1070     071B  0020               	movlb	0	; select bank0
  1071     071C  008D               	movwf	13	;volatile
  1072                           
  1073                           ;main.c: 64:  _delay((unsigned long)((300)*(20000000UL/4000.0)));
  1074     071D  3008               	movlw	8
  1075     071E  00F1               	movwf	??_semaforo2+1
  1076     071F  309D               	movlw	157
  1077     0720  00F0               	movwf	??_semaforo2
  1078     0721  3006               	movlw	6
  1079     0722                     u177:
  1080     0722  0B89               	decfsz	9,f
  1081     0723  2F22               	goto	u177
  1082     0724  0BF0               	decfsz	??_semaforo2,f
  1083     0725  2F22               	goto	u177
  1084     0726  0BF1               	decfsz	??_semaforo2+1,f
  1085     0727  2F22               	goto	u177
  1086     0728                     l687:
  1087                           
  1088                           ;main.c: 65:  PORTB = 0x00;
  1089     0728  0020               	movlb	0	; select bank0
  1090     0729  018D               	clrf	13	;volatile
  1091     072A                     l689:
  1092                           
  1093                           ;main.c: 66:  _delay((unsigned long)((20)*(20000000UL/4000.0)));
  1094     072A  3082               	movlw	130
  1095     072B  00F0               	movwf	??_semaforo2
  1096     072C  30DE               	movlw	222
  1097     072D                     u187:
  1098     072D  0B89               	decfsz	9,f
  1099     072E  2F2D               	goto	u187
  1100     072F  0BF0               	decfsz	??_semaforo2,f
  1101     0730  2F2D               	goto	u187
  1102     0731                     l691:
  1103                           
  1104                           ;main.c: 67:  PORTB = (1<<0);
  1105     0731  3001               	movlw	1
  1106     0732  0020               	movlb	0	; select bank0
  1107     0733  008D               	movwf	13	;volatile
  1108     0734                     l34:
  1109     0734  0008               	return
  1110     0735                     __end_of_semaforo2:
  1111                           
  1112                           	psect	text3
  1113     0798                     __ptext3:	
  1114 ;; *************** function _semaforo1 *****************
  1115 ;; Defined at:
  1116 ;;		line 27 in file "main.c"
  1117 ;; Parameters:    Size  Location     Type
  1118 ;;		None
  1119 ;; Auto vars:     Size  Location     Type
  1120 ;;		None
  1121 ;; Return value:  Size  Location     Type
  1122 ;;                  1    wreg      void 
  1123 ;; Registers used:
  1124 ;;		wreg, status,2
  1125 ;; Tracked objects:
  1126 ;;		On entry : 0/0
  1127 ;;		On exit  : 0/0
  1128 ;;		Unchanged: 0/0
  1129 ;; Data sizes:     COMMON   BANK0   BANK1   BANK2   BANK3   BANK4   BANK5   BANK6   BANK7   BANK8   BANK9  BANK10  BANK1
      +1  BANK12
  1130 ;;      Params:         0       0       0       0       0       0       0       0       0       0       0       0       
      +0       0
  1131 ;;      Locals:         0       0       0       0       0       0       0       0       0       0       0       0       
      +0       0
  1132 ;;      Temps:          2       0       0       0       0       0       0       0       0       0       0       0       
      +0       0
  1133 ;;      Totals:         2       0       0       0       0       0       0       0       0       0       0       0       
      +0       0
  1134 ;;Total ram usage:        2 bytes
  1135 ;; Hardware stack levels used: 1
  1136 ;; This function calls:
  1137 ;;		Nothing
  1138 ;; This function is called by:
  1139 ;;		_main
  1140 ;; This function uses a non-reentrant model
  1141 ;;
  1142                           
  1143     0798                     _semaforo1:	
  1144                           ;psect for function _semaforo1
  1145                           
  1146     0798                     l645:	
  1147                           ;incstack = 0
  1148                           ; Regs used in _semaforo1: [wreg+status,2]
  1149                           
  1150                           
  1151                           ;main.c: 29:  PORTD = (1<<0);
  1152     0798  3001               	movlw	1
  1153     0799  0020               	movlb	0	; select bank0
  1154     079A  008F               	movwf	15	;volatile
  1155                           
  1156                           ;main.c: 30:  PORTB = (1<<0);
  1157     079B  3001               	movlw	1
  1158     079C  008D               	movwf	13	;volatile
  1159                           
  1160                           ;main.c: 31:  PORTC = (1<<0);
  1161     079D  3001               	movlw	1
  1162     079E  008E               	movwf	14	;volatile
  1163                           
  1164                           ;main.c: 32:  _delay((unsigned long)((300)*(20000000UL/4000.0)));
  1165     079F  3008               	movlw	8
  1166     07A0  00F1               	movwf	??_semaforo1+1
  1167     07A1  309D               	movlw	157
  1168     07A2  00F0               	movwf	??_semaforo1
  1169     07A3  3006               	movlw	6
  1170     07A4                     u197:
  1171     07A4  0B89               	decfsz	9,f
  1172     07A5  2FA4               	goto	u197
  1173     07A6  0BF0               	decfsz	??_semaforo1,f
  1174     07A7  2FA4               	goto	u197
  1175     07A8  0BF1               	decfsz	??_semaforo1+1,f
  1176     07A9  2FA4               	goto	u197
  1177     07AA                     l647:
  1178                           
  1179                           ;main.c: 33:  PORTD = 0x00;
  1180     07AA  0020               	movlb	0	; select bank0
  1181     07AB  018F               	clrf	15	;volatile
  1182     07AC                     l649:
  1183                           
  1184                           ;main.c: 34:  _delay((unsigned long)((20)*(20000000UL/4000.0)));
  1185     07AC  3082               	movlw	130
  1186     07AD  00F0               	movwf	??_semaforo1
  1187     07AE  30DE               	movlw	222
  1188     07AF                     u207:
  1189     07AF  0B89               	decfsz	9,f
  1190     07B0  2FAF               	goto	u207
  1191     07B1  0BF0               	decfsz	??_semaforo1,f
  1192     07B2  2FAF               	goto	u207
  1193     07B3                     l651:
  1194                           
  1195                           ;main.c: 35:  PORTD = (1<<1);
  1196     07B3  3002               	movlw	2
  1197     07B4  0020               	movlb	0	; select bank0
  1198     07B5  008F               	movwf	15	;volatile
  1199     07B6                     l653:
  1200                           
  1201                           ;main.c: 36:  _delay((unsigned long)((300)*(20000000UL/4000.0)));
  1202     07B6  3008               	movlw	8
  1203     07B7  00F1               	movwf	??_semaforo1+1
  1204     07B8  309D               	movlw	157
  1205     07B9  00F0               	movwf	??_semaforo1
  1206     07BA  3006               	movlw	6
  1207     07BB                     u217:
  1208     07BB  0B89               	decfsz	9,f
  1209     07BC  2FBB               	goto	u217
  1210     07BD  0BF0               	decfsz	??_semaforo1,f
  1211     07BE  2FBB               	goto	u217
  1212     07BF  0BF1               	decfsz	??_semaforo1+1,f
  1213     07C0  2FBB               	goto	u217
  1214                           
  1215                           ;main.c: 37:  PORTD = 0x00;
  1216     07C1  0020               	movlb	0	; select bank0
  1217     07C2  018F               	clrf	15	;volatile
  1218     07C3                     l655:
  1219                           
  1220                           ;main.c: 38:  _delay((unsigned long)((20)*(20000000UL/4000.0)));
  1221     07C3  3082               	movlw	130
  1222     07C4  00F0               	movwf	??_semaforo1
  1223     07C5  30DE               	movlw	222
  1224     07C6                     u227:
  1225     07C6  0B89               	decfsz	9,f
  1226     07C7  2FC6               	goto	u227
  1227     07C8  0BF0               	decfsz	??_semaforo1,f
  1228     07C9  2FC6               	goto	u227
  1229     07CA                     l657:
  1230                           
  1231                           ;main.c: 39:  PORTD = (1<<2);
  1232     07CA  3004               	movlw	4
  1233     07CB  0020               	movlb	0	; select bank0
  1234     07CC  008F               	movwf	15	;volatile
  1235     07CD                     l659:
  1236                           
  1237                           ;main.c: 40:  _delay((unsigned long)((500)*(20000000UL/4000.0)));
  1238     07CD  300D               	movlw	13
  1239     07CE  00F1               	movwf	??_semaforo1+1
  1240     07CF  30AF               	movlw	175
  1241     07D0  00F0               	movwf	??_semaforo1
  1242     07D1  30B6               	movlw	182
  1243     07D2                     u237:
  1244     07D2  0B89               	decfsz	9,f
  1245     07D3  2FD2               	goto	u237
  1246     07D4  0BF0               	decfsz	??_semaforo1,f
  1247     07D5  2FD2               	goto	u237
  1248     07D6  0BF1               	decfsz	??_semaforo1+1,f
  1249     07D7  2FD2               	goto	u237
  1250     07D8  3200               	nop2
  1251     07D9                     l661:
  1252                           
  1253                           ;main.c: 41:  PORTD = 0x00;
  1254     07D9  0020               	movlb	0	; select bank0
  1255     07DA  018F               	clrf	15	;volatile
  1256                           
  1257                           ;main.c: 42:  _delay((unsigned long)((20)*(20000000UL/4000.0)));
  1258     07DB  3082               	movlw	130
  1259     07DC  00F0               	movwf	??_semaforo1
  1260     07DD  30DE               	movlw	222
  1261     07DE                     u247:
  1262     07DE  0B89               	decfsz	9,f
  1263     07DF  2FDE               	goto	u247
  1264     07E0  0BF0               	decfsz	??_semaforo1,f
  1265     07E1  2FDE               	goto	u247
  1266                           
  1267                           ;main.c: 43:  PORTD = (1<<1);
  1268     07E2  3002               	movlw	2
  1269     07E3  0020               	movlb	0	; select bank0
  1270     07E4  008F               	movwf	15	;volatile
  1271                           
  1272                           ;main.c: 44:  _delay((unsigned long)((300)*(20000000UL/4000.0)));
  1273     07E5  3008               	movlw	8
  1274     07E6  00F1               	movwf	??_semaforo1+1
  1275     07E7  309D               	movlw	157
  1276     07E8  00F0               	movwf	??_semaforo1
  1277     07E9  3006               	movlw	6
  1278     07EA                     u257:
  1279     07EA  0B89               	decfsz	9,f
  1280     07EB  2FEA               	goto	u257
  1281     07EC  0BF0               	decfsz	??_semaforo1,f
  1282     07ED  2FEA               	goto	u257
  1283     07EE  0BF1               	decfsz	??_semaforo1+1,f
  1284     07EF  2FEA               	goto	u257
  1285     07F0                     l663:
  1286                           
  1287                           ;main.c: 45:  PORTD = 0x00;
  1288     07F0  0020               	movlb	0	; select bank0
  1289     07F1  018F               	clrf	15	;volatile
  1290     07F2                     l665:
  1291                           
  1292                           ;main.c: 46:  _delay((unsigned long)((20)*(20000000UL/4000.0)));
  1293     07F2  3082               	movlw	130
  1294     07F3  00F0               	movwf	??_semaforo1
  1295     07F4  30DE               	movlw	222
  1296     07F5                     u267:
  1297     07F5  0B89               	decfsz	9,f
  1298     07F6  2FF5               	goto	u267
  1299     07F7  0BF0               	decfsz	??_semaforo1,f
  1300     07F8  2FF5               	goto	u267
  1301     07F9                     l667:
  1302                           
  1303                           ;main.c: 47:  PORTD = (1<<0);
  1304     07F9  3001               	movlw	1
  1305     07FA  0020               	movlb	0	; select bank0
  1306     07FB  008F               	movwf	15	;volatile
  1307     07FC                     l31:
  1308     07FC  0008               	return
  1309     07FD                     __end_of_semaforo1:
  1310     007E                     btemp	set	126	;btemp
  1311     007E                     wtemp0	set	126
  1312                           
  1313                           	psect	config
  1314                           
  1315                           ;Config register CONFIG1 @ 0x8007
  1316                           ;	Oscillator Selection
  1317                           ;	FOSC = HS, HS Oscillator, High-speed crystal/resonator connected between OSC1 and OSC2
      +                           pins
  1318                           ;	Watchdog Timer Enable
  1319                           ;	WDTE = OFF, WDT disabled
  1320                           ;	Power-up Timer Enable
  1321                           ;	PWRTE = OFF, PWRT disabled
  1322                           ;	MCLR Pin Function Select
  1323                           ;	MCLRE = ON, MCLR/VPP pin function is MCLR
  1324                           ;	Flash Program Memory Code Protection
  1325                           ;	CP = OFF, Program memory code protection is disabled
  1326                           ;	Data Memory Code Protection
  1327                           ;	CPD = OFF, Data memory code protection is disabled
  1328                           ;	Brown-out Reset Enable
  1329                           ;	BOREN = ON, Brown-out Reset enabled
  1330                           ;	Clock Out Enable
  1331                           ;	CLKOUTEN = OFF, CLKOUT function is disabled. I/O or oscillator function on the CLKOUT 
      +                          pin
  1332                           ;	Internal/External Switchover
  1333                           ;	IESO = ON, Internal/External Switchover mode is enabled
  1334                           ;	Fail-Safe Clock Monitor Enable
  1335                           ;	FCMEN = ON, Fail-Safe Clock Monitor is enabled
  1336     8007                     	org	32775
  1337     8007  3FE2               	dw	16354
  1338                           
  1339                           ;Config register CONFIG2 @ 0x8008
  1340                           ;	Flash Memory Self-Write Protection
  1341                           ;	WRT = OFF, Write protection off
  1342                           ;	Voltage Regulator Capacitor Enable
  1343                           ;	VCAPEN = OFF, All VCAP pin functionality is disabled
  1344                           ;	PLL Enable
  1345                           ;	PLLEN = OFF, 4x PLL disabled
  1346                           ;	Stack Overflow/Underflow Reset Enable
  1347                           ;	STVREN = ON, Stack Overflow or Underflow will cause a Reset
  1348                           ;	Brown-out Reset Voltage Selection
  1349                           ;	BORV = LO, Brown-out Reset Voltage (Vbor), low trip point selected.
  1350                           ;	Low-Voltage Programming Enable
  1351                           ;	LVP = ON, Low-voltage programming enabled
  1352     8008                     	org	32776
  1353     8008  3EFF               	dw	16127

Data Sizes:
    Strings     0
    Constant    0
    Data        0
    BSS         0
    Persistent  32
    Stack       0

Auto Spaces:
    Space          Size  Autos    Used
    COMMON           14      4       4
    BANK0            80      0       0
    BANK1            80      0       0
    BANK2            80      0       0
    BANK3            80      0       0
    BANK4            80      0       0
    BANK5            80      0       0
    BANK6            80      0       0
    BANK7            80      0       0
    BANK8            80      0       0
    BANK9            80      0       0
    BANK10           80      0       0
    BANK11           80      0       0
    BANK12           48      0       0

Pointer List with Targets:

    None.

Critical Paths under _main in COMMON

    _main->_semaforo1
    _main->_semaforo2
    _main->_semaforo3

Critical Paths under _main in BANK0

    None.

Critical Paths under _main in BANK1

    None.

Critical Paths under _main in BANK2

    None.

Critical Paths under _main in BANK3

    None.

Critical Paths under _main in BANK4

    None.

Critical Paths under _main in BANK5

    None.

Critical Paths under _main in BANK6

    None.

Critical Paths under _main in BANK7

    None.

Critical Paths under _main in BANK8

    None.

Critical Paths under _main in BANK9

    None.

Critical Paths under _main in BANK10

    None.

Critical Paths under _main in BANK11

    None.

Critical Paths under _main in BANK12

    None.

Call Graph Tables:

 ---------------------------------------------------------------------------------
 (Depth) Function   	        Calls       Base Space   Used Autos Params    Refs
 ---------------------------------------------------------------------------------
 (0) _main                                                 2     2      0       0
                                              2 COMMON     2     2      0
                          _semaforo1
                          _semaforo2
                          _semaforo3
 ---------------------------------------------------------------------------------
 (1) _semaforo3                                            2     2      0       0
                                              0 COMMON     2     2      0
 ---------------------------------------------------------------------------------
 (1) _semaforo2                                            2     2      0       0
                                              0 COMMON     2     2      0
 ---------------------------------------------------------------------------------
 (1) _semaforo1                                            2     2      0       0
                                              0 COMMON     2     2      0
 ---------------------------------------------------------------------------------
 Estimated maximum stack depth 1
 ---------------------------------------------------------------------------------

 Call Graph Graphs:

 _main (ROOT)
   _semaforo1
   _semaforo2
   _semaforo3

 Address spaces:
Name               Size   Autos  Total    Cost      Usage
BIGRAM             3F0      0       0       0        0.0%
EEDATA             100      0       0       0        0.0%
NULL                 0      0       0       0        0.0%
CODE                 0      0       0       0        0.0%
BITCOMMON            E      0       0       1        0.0%
BITSFR0              0      0       0       1        0.0%
SFR0                 0      0       0       1        0.0%
COMMON               E      4       4       2       28.6%
BITSFR1              0      0       0       2        0.0%
SFR1                 0      0       0       2        0.0%
BITSFR2              0      0       0       3        0.0%
SFR2                 0      0       0       3        0.0%
STACK                0      0       0       3        0.0%
BITBANK0            50      0       0       4        0.0%
BITSFR3              0      0       0       4        0.0%
SFR3                 0      0       0       4        0.0%
BANK0               50      0       0       5        0.0%
BITSFR4              0      0       0       5        0.0%
SFR4                 0      0       0       5        0.0%
BITBANK1            50      0       0       6        0.0%
BITSFR5              0      0       0       6        0.0%
SFR5                 0      0       0       6        0.0%
BANK1               50      0       0       7        0.0%
BITSFR6              0      0       0       7        0.0%
SFR6                 0      0       0       7        0.0%
BITBANK2            50      0       0       8        0.0%
BITSFR7              0      0       0       8        0.0%
SFR7                 0      0       0       8        0.0%
BANK2               50      0       0       9        0.0%
BITSFR8              0      0       0       9        0.0%
SFR8                 0      0       0       9        0.0%
BITBANK3            50      0       0      10        0.0%
BITSFR9              0      0       0      10        0.0%
SFR9                 0      0       0      10        0.0%
BANK3               50      0       0      11        0.0%
BITSFR10             0      0       0      11        0.0%
SFR10                0      0       0      11        0.0%
BITBANK4            50      0       0      12        0.0%
BITSFR11             0      0       0      12        0.0%
SFR11                0      0       0      12        0.0%
BANK4               50      0       0      13        0.0%
BITSFR12             0      0       0      13        0.0%
SFR12                0      0       0      13        0.0%
BITBANK5            50      0       0      14        0.0%
BITSFR13             0      0       0      14        0.0%
SFR13                0      0       0      14        0.0%
BANK5               50      0       0      15        0.0%
BITSFR14             0      0       0      15        0.0%
SFR14                0      0       0      15        0.0%
BITBANK6            50      0       0      16        0.0%
BITSFR15             0      0       0      16        0.0%
SFR15                0      0       0      16        0.0%
BANK6               50      0       0      17        0.0%
BITSFR16             0      0       0      17        0.0%
SFR16                0      0       0      17        0.0%
BITBANK7            50      0       0      18        0.0%
BITSFR17             0      0       0      18        0.0%
SFR17                0      0       0      18        0.0%
BANK7               50      0       0      19        0.0%
BITSFR18             0      0       0      19        0.0%
SFR18                0      0       0      19        0.0%
BITSFR19             0      0       0      20        0.0%
SFR19                0      0       0      20        0.0%
ABS                  0      0       0      20        0.0%
BITBANK8            50      0       0      21        0.0%
BITSFR20             0      0       0      21        0.0%
SFR20                0      0       0      21        0.0%
BANK8               50      0       0      22        0.0%
BITSFR21             0      0       0      22        0.0%
SFR21                0      0       0      22        0.0%
BITBANK9            50      0       0      23        0.0%
BITSFR22             0      0       0      23        0.0%
SFR22                0      0       0      23        0.0%
BANK9               50      0       0      24        0.0%
BITSFR23             0      0       0      24        0.0%
SFR23                0      0       0      24        0.0%
BITBANK10           50      0       0      25        0.0%
BITSFR24             0      0       0      25        0.0%
SFR24                0      0       0      25        0.0%
BANK10              50      0       0      26        0.0%
BITSFR25             0      0       0      26        0.0%
SFR25                0      0       0      26        0.0%
BITBANK11           50      0       0      27        0.0%
BITSFR26             0      0       0      27        0.0%
SFR26                0      0       0      27        0.0%
BANK11              50      0       0      28        0.0%
BITSFR27             0      0       0      28        0.0%
SFR27                0      0       0      28        0.0%
BITBANK12           30      0       0      29        0.0%
BITSFR28             0      0       0      29        0.0%
SFR28                0      0       0      29        0.0%
BANK12              30      0       0      30        0.0%
BITSFR29             0      0       0      30        0.0%
SFR29                0      0       0      30        0.0%
BITSFR30             0      0       0      31        0.0%
SFR30                0      0       0      31        0.0%
DATA                 0      0       0      31        0.0%
BITSFR31             0      0       0      32        0.0%
SFR31                0      0       0      32        0.0%


Microchip Technology PIC Macro Assembler V2.41 build 20230208172133 
Symbol Table                                                                                   Thu Sep 07 23:28:57 2023

                     l31 07FC                       l34 0734                       l37 0797  
                     u17 06B6                       u27 06C5                       u37 06D4  
                     u47 073F                       u57 074A                       u67 0756  
                     u77 0761                       u87 076D                       u97 0779  
                    l701 0751                      l711 078B                      l703 075E  
                    l713 078D                      l705 0765                      l721 06B1  
                    l651 07B3                      l715 0794                      l707 0768  
                    l723 06BD                      l661 07D9                      l653 07B6  
                    l645 0798                      l709 0774                      l725 06C0  
                    l717 06AA                      l663 07F0                      l655 07C3  
                    l647 07AA                      l671 06E3                      l727 06CC  
                    l719 06AE                      l665 07F2                      l657 07CA  
                    l649 07AC                      l681 0702                      l673 06E4  
                    l729 06CF                      l667 07F9                      l659 07CD  
                    l691 0731                      l683 0705                      l675 06EB  
                    l685 0711                      l677 06EE                      l669 06DE  
                    l693 0735                      l687 0728                      l679 06FB  
                    l695 0745                      l689 072A                      l697 0747  
                    l699 074E                      u107 0785                      u117 0790  
                    u207 07AF                      u127 06E7                      u217 07BB  
                    u137 06F3                      u227 07C6                      u147 06FE  
                    u237 07D2                      u157 070A                      u247 07DE  
                    u167 0716                      u257 07EA                      u177 0722  
                    u267 07F5                      u187 072D                      u197 07A4  
                    wreg 0009                     _main 06AA                     btemp 007E  
                   start 0002                    ?_main 0070                    _PORTB 000D  
                  _PORTC 000E                    _PORTD 000F                    _TRISB 008D  
                  _TRISC 008E                    _TRISD 008F                    wtemp0 007E  
        __initialization 07FD             __end_of_main 06DE                   ??_main 0072  
__end_of__initialization 07FD           __pcstackCOMMON 0070               __pmaintext 06AA  
                __ptext1 0735                  __ptext2 06DE                  __ptext3 0798  
   end_of_initialization 07FD        __end_of_semaforo1 07FD        __end_of_semaforo2 0735  
      __end_of_semaforo3 0798      start_initialization 07FD                ___latbits 0003  
              _semaforo1 0798                _semaforo2 06DE                _semaforo3 0735  
             ?_semaforo1 0070               ?_semaforo2 0070               ?_semaforo3 0070  
            ??_semaforo1 0070              ??_semaforo2 0070              ??_semaforo3 0070  
