

Microchip MPLAB XC8 Assembler V2.41 build 20230208172133 
                                                                                               Fri Aug 18 09:40:46 2023

Microchip MPLAB XC8 C Compiler v2.41 (Free license) build 20230208172133 Og1 
     1                           	processor	16F1939
     2                           	pagewidth 120
     3                           	opt	flic
     4                           	psect	cinit,global,class=CODE,merge=1,delta=2
     5                           	psect	cstackCOMMON,global,class=COMMON,space=1,delta=1,noexec
     6                           	psect	maintext,global,class=CODE,merge=1,split=1,delta=2
     7                           	psect	config,global,abs,ovrld,class=CONFIG,space=4,delta=2,noexec
     8                           	dabs	1,0x7E,2
     9     0000                     
    10                           ; Generated 06/07/2023 GMT
    11                           ; 
    12                           ; Copyright © 2023, Microchip Technology Inc. and its subsidiaries ("Microchip")
    13                           ; All rights reserved.
    14                           ; 
    15                           ; This software is developed by Microchip Technology Inc. and its subsidiaries ("Microch
      +                          ip").
    16                           ; 
    17                           ; Redistribution and use in source and binary forms, with or without modification, are
    18                           ; permitted provided that the following conditions are met:
    19                           ; 
    20                           ;     1. Redistributions of source code must retain the above copyright notice, this lis
      +                          t of
    21                           ;        conditions and the following disclaimer.
    22                           ; 
    23                           ;     2. Redistributions in binary form must reproduce the above copyright notice, this 
      +                          list
    24                           ;        of conditions and the following disclaimer in the documentation and/or other
    25                           ;        materials provided with the distribution. Publication is not required when
    26                           ;        this file is used in an embedded application.
    27                           ; 
    28                           ;     3. Microchip's name may not be used to endorse or promote products derived from th
      +                          is
    29                           ;        software without specific prior written permission.
    30                           ; 
    31                           ; THIS SOFTWARE IS PROVIDED BY MICROCHIP "AS IS" AND ANY EXPRESS OR IMPLIED WARRANTIES,
    32                           ; INCLUDING, BUT NOT LIMITED TO, THE IMPLIED WARRANTIES OF MERCHANTABILITY AND FITNESS F
      +                          OR
    33                           ; PURPOSE ARE DISCLAIMED.  IN NO EVENT SHALL MICROCHIP BE LIABLE FOR ANY DIRECT, INDIREC
      +                          T,
    34                           ; INCIDENTAL, SPECIAL, EXEMPLARY, OR CONSEQUENTIAL DAMAGES (INCLUDING BUT NOT LIMITED TO
    35                           ; PROCUREMENT OF SUBSTITUTE GOODS OR SERVICES; LOSS OF USE, DATA OR PROFITS; OR BUSINESS
    36                           ; INTERRUPTION) HOWSOEVER CAUSED AND ON ANY THEORY OF LIABILITY, WHETHER IN CONTRACT, ST
      +                          RICT
    37                           ; LIABILITY, OR TORT (INCLUDING NEGLIGENCE OR OTHERWISE) ARISING IN ANY WAY OUT OF THE U
      +                          SE OF
    38                           ; THIS SOFTWARE, EVEN IF ADVISED OF THE POSSIBILITY OF SUCH DAMAGE.
    39                           ; 
    40                           ; 
    41                           ; Code-generator required, PIC16F1939 Definitions
    42                           ; 
    43                           ; SFR Addresses
    44     0000                     	;# 
    45     0001                     	;# 
    46     0002                     	;# 
    47     0003                     	;# 
    48     0004                     	;# 
    49     0005                     	;# 
    50     0006                     	;# 
    51     0007                     	;# 
    52     0008                     	;# 
    53     0009                     	;# 
    54     000A                     	;# 
    55     000B                     	;# 
    56     000C                     	;# 
    57     000D                     	;# 
    58     000E                     	;# 
    59     000F                     	;# 
    60     0010                     	;# 
    61     0011                     	;# 
    62     0012                     	;# 
    63     0013                     	;# 
    64     0015                     	;# 
    65     0016                     	;# 
    66     0016                     	;# 
    67     0017                     	;# 
    68     0018                     	;# 
    69     0019                     	;# 
    70     001A                     	;# 
    71     001B                     	;# 
    72     001C                     	;# 
    73     001E                     	;# 
    74     001F                     	;# 
    75     008C                     	;# 
    76     008D                     	;# 
    77     008E                     	;# 
    78     008F                     	;# 
    79     0090                     	;# 
    80     0091                     	;# 
    81     0092                     	;# 
    82     0093                     	;# 
    83     0095                     	;# 
    84     0096                     	;# 
    85     0097                     	;# 
    86     0098                     	;# 
    87     0099                     	;# 
    88     009A                     	;# 
    89     009B                     	;# 
    90     009B                     	;# 
    91     009C                     	;# 
    92     009D                     	;# 
    93     009E                     	;# 
    94     010C                     	;# 
    95     010D                     	;# 
    96     010E                     	;# 
    97     010F                     	;# 
    98     0110                     	;# 
    99     0111                     	;# 
   100     0112                     	;# 
   101     0113                     	;# 
   102     0114                     	;# 
   103     0115                     	;# 
   104     0116                     	;# 
   105     0117                     	;# 
   106     0118                     	;# 
   107     0119                     	;# 
   108     011A                     	;# 
   109     011B                     	;# 
   110     011D                     	;# 
   111     018C                     	;# 
   112     018D                     	;# 
   113     018F                     	;# 
   114     0190                     	;# 
   115     0191                     	;# 
   116     0191                     	;# 
   117     0192                     	;# 
   118     0193                     	;# 
   119     0193                     	;# 
   120     0193                     	;# 
   121     0194                     	;# 
   122     0195                     	;# 
   123     0196                     	;# 
   124     0199                     	;# 
   125     019A                     	;# 
   126     019B                     	;# 
   127     019B                     	;# 
   128     019B                     	;# 
   129     019B                     	;# 
   130     019C                     	;# 
   131     019C                     	;# 
   132     019D                     	;# 
   133     019E                     	;# 
   134     019F                     	;# 
   135     020D                     	;# 
   136     0210                     	;# 
   137     0211                     	;# 
   138     0212                     	;# 
   139     0213                     	;# 
   140     0214                     	;# 
   141     0215                     	;# 
   142     0215                     	;# 
   143     0216                     	;# 
   144     0217                     	;# 
   145     0291                     	;# 
   146     0291                     	;# 
   147     0292                     	;# 
   148     0293                     	;# 
   149     0294                     	;# 
   150     0295                     	;# 
   151     0295                     	;# 
   152     0296                     	;# 
   153     0298                     	;# 
   154     0298                     	;# 
   155     0299                     	;# 
   156     029A                     	;# 
   157     029B                     	;# 
   158     029C                     	;# 
   159     029C                     	;# 
   160     029D                     	;# 
   161     029E                     	;# 
   162     029F                     	;# 
   163     0311                     	;# 
   164     0311                     	;# 
   165     0312                     	;# 
   166     0313                     	;# 
   167     0314                     	;# 
   168     0315                     	;# 
   169     0315                     	;# 
   170     0316                     	;# 
   171     0318                     	;# 
   172     0318                     	;# 
   173     0319                     	;# 
   174     031A                     	;# 
   175     031C                     	;# 
   176     031C                     	;# 
   177     031D                     	;# 
   178     031E                     	;# 
   179     0394                     	;# 
   180     0395                     	;# 
   181     0396                     	;# 
   182     0415                     	;# 
   183     0416                     	;# 
   184     0417                     	;# 
   185     041C                     	;# 
   186     041D                     	;# 
   187     041E                     	;# 
   188     0791                     	;# 
   189     0792                     	;# 
   190     0793                     	;# 
   191     0794                     	;# 
   192     0795                     	;# 
   193     0798                     	;# 
   194     0799                     	;# 
   195     079A                     	;# 
   196     07A0                     	;# 
   197     07A1                     	;# 
   198     07A2                     	;# 
   199     07A3                     	;# 
   200     07A4                     	;# 
   201     07A5                     	;# 
   202     07A6                     	;# 
   203     07A7                     	;# 
   204     07A8                     	;# 
   205     07A9                     	;# 
   206     07AA                     	;# 
   207     07AB                     	;# 
   208     0FE4                     	;# 
   209     0FE5                     	;# 
   210     0FE6                     	;# 
   211     0FE7                     	;# 
   212     0FE8                     	;# 
   213     0FE9                     	;# 
   214     0FEA                     	;# 
   215     0FEB                     	;# 
   216     0FED                     	;# 
   217     0FEE                     	;# 
   218     0FEF                     	;# 
   219     0000                     	;# 
   220     0001                     	;# 
   221     0002                     	;# 
   222     0003                     	;# 
   223     0004                     	;# 
   224     0005                     	;# 
   225     0006                     	;# 
   226     0007                     	;# 
   227     0008                     	;# 
   228     0009                     	;# 
   229     000A                     	;# 
   230     000B                     	;# 
   231     000C                     	;# 
   232     000D                     	;# 
   233     000E                     	;# 
   234     000F                     	;# 
   235     0010                     	;# 
   236     0011                     	;# 
   237     0012                     	;# 
   238     0013                     	;# 
   239     0015                     	;# 
   240     0016                     	;# 
   241     0016                     	;# 
   242     0017                     	;# 
   243     0018                     	;# 
   244     0019                     	;# 
   245     001A                     	;# 
   246     001B                     	;# 
   247     001C                     	;# 
   248     001E                     	;# 
   249     001F                     	;# 
   250     008C                     	;# 
   251     008D                     	;# 
   252     008E                     	;# 
   253     008F                     	;# 
   254     0090                     	;# 
   255     0091                     	;# 
   256     0092                     	;# 
   257     0093                     	;# 
   258     0095                     	;# 
   259     0096                     	;# 
   260     0097                     	;# 
   261     0098                     	;# 
   262     0099                     	;# 
   263     009A                     	;# 
   264     009B                     	;# 
   265     009B                     	;# 
   266     009C                     	;# 
   267     009D                     	;# 
   268     009E                     	;# 
   269     010C                     	;# 
   270     010D                     	;# 
   271     010E                     	;# 
   272     010F                     	;# 
   273     0110                     	;# 
   274     0111                     	;# 
   275     0112                     	;# 
   276     0113                     	;# 
   277     0114                     	;# 
   278     0115                     	;# 
   279     0116                     	;# 
   280     0117                     	;# 
   281     0118                     	;# 
   282     0119                     	;# 
   283     011A                     	;# 
   284     011B                     	;# 
   285     011D                     	;# 
   286     018C                     	;# 
   287     018D                     	;# 
   288     018F                     	;# 
   289     0190                     	;# 
   290     0191                     	;# 
   291     0191                     	;# 
   292     0192                     	;# 
   293     0193                     	;# 
   294     0193                     	;# 
   295     0193                     	;# 
   296     0194                     	;# 
   297     0195                     	;# 
   298     0196                     	;# 
   299     0199                     	;# 
   300     019A                     	;# 
   301     019B                     	;# 
   302     019B                     	;# 
   303     019B                     	;# 
   304     019B                     	;# 
   305     019C                     	;# 
   306     019C                     	;# 
   307     019D                     	;# 
   308     019E                     	;# 
   309     019F                     	;# 
   310     020D                     	;# 
   311     0210                     	;# 
   312     0211                     	;# 
   313     0212                     	;# 
   314     0213                     	;# 
   315     0214                     	;# 
   316     0215                     	;# 
   317     0215                     	;# 
   318     0216                     	;# 
   319     0217                     	;# 
   320     0291                     	;# 
   321     0291                     	;# 
   322     0292                     	;# 
   323     0293                     	;# 
   324     0294                     	;# 
   325     0295                     	;# 
   326     0295                     	;# 
   327     0296                     	;# 
   328     0298                     	;# 
   329     0298                     	;# 
   330     0299                     	;# 
   331     029A                     	;# 
   332     029B                     	;# 
   333     029C                     	;# 
   334     029C                     	;# 
   335     029D                     	;# 
   336     029E                     	;# 
   337     029F                     	;# 
   338     0311                     	;# 
   339     0311                     	;# 
   340     0312                     	;# 
   341     0313                     	;# 
   342     0314                     	;# 
   343     0315                     	;# 
   344     0315                     	;# 
   345     0316                     	;# 
   346     0318                     	;# 
   347     0318                     	;# 
   348     0319                     	;# 
   349     031A                     	;# 
   350     031C                     	;# 
   351     031C                     	;# 
   352     031D                     	;# 
   353     031E                     	;# 
   354     0394                     	;# 
   355     0395                     	;# 
   356     0396                     	;# 
   357     0415                     	;# 
   358     0416                     	;# 
   359     0417                     	;# 
   360     041C                     	;# 
   361     041D                     	;# 
   362     041E                     	;# 
   363     0791                     	;# 
   364     0792                     	;# 
   365     0793                     	;# 
   366     0794                     	;# 
   367     0795                     	;# 
   368     0798                     	;# 
   369     0799                     	;# 
   370     079A                     	;# 
   371     07A0                     	;# 
   372     07A1                     	;# 
   373     07A2                     	;# 
   374     07A3                     	;# 
   375     07A4                     	;# 
   376     07A5                     	;# 
   377     07A6                     	;# 
   378     07A7                     	;# 
   379     07A8                     	;# 
   380     07A9                     	;# 
   381     07AA                     	;# 
   382     07AB                     	;# 
   383     0FE4                     	;# 
   384     0FE5                     	;# 
   385     0FE6                     	;# 
   386     0FE7                     	;# 
   387     0FE8                     	;# 
   388     0FE9                     	;# 
   389     0FEA                     	;# 
   390     0FEB                     	;# 
   391     0FED                     	;# 
   392     0FEE                     	;# 
   393     0FEF                     	;# 
   394     0000                     	;# 
   395     0001                     	;# 
   396     0002                     	;# 
   397     0003                     	;# 
   398     0004                     	;# 
   399     0005                     	;# 
   400     0006                     	;# 
   401     0007                     	;# 
   402     0008                     	;# 
   403     0009                     	;# 
   404     000A                     	;# 
   405     000B                     	;# 
   406     000C                     	;# 
   407     000D                     	;# 
   408     000E                     	;# 
   409     000F                     	;# 
   410     0010                     	;# 
   411     0011                     	;# 
   412     0012                     	;# 
   413     0013                     	;# 
   414     0015                     	;# 
   415     0016                     	;# 
   416     0016                     	;# 
   417     0017                     	;# 
   418     0018                     	;# 
   419     0019                     	;# 
   420     001A                     	;# 
   421     001B                     	;# 
   422     001C                     	;# 
   423     001E                     	;# 
   424     001F                     	;# 
   425     008C                     	;# 
   426     008D                     	;# 
   427     008E                     	;# 
   428     008F                     	;# 
   429     0090                     	;# 
   430     0091                     	;# 
   431     0092                     	;# 
   432     0093                     	;# 
   433     0095                     	;# 
   434     0096                     	;# 
   435     0097                     	;# 
   436     0098                     	;# 
   437     0099                     	;# 
   438     009A                     	;# 
   439     009B                     	;# 
   440     009B                     	;# 
   441     009C                     	;# 
   442     009D                     	;# 
   443     009E                     	;# 
   444     010C                     	;# 
   445     010D                     	;# 
   446     010E                     	;# 
   447     010F                     	;# 
   448     0110                     	;# 
   449     0111                     	;# 
   450     0112                     	;# 
   451     0113                     	;# 
   452     0114                     	;# 
   453     0115                     	;# 
   454     0116                     	;# 
   455     0117                     	;# 
   456     0118                     	;# 
   457     0119                     	;# 
   458     011A                     	;# 
   459     011B                     	;# 
   460     011D                     	;# 
   461     018C                     	;# 
   462     018D                     	;# 
   463     018F                     	;# 
   464     0190                     	;# 
   465     0191                     	;# 
   466     0191                     	;# 
   467     0192                     	;# 
   468     0193                     	;# 
   469     0193                     	;# 
   470     0193                     	;# 
   471     0194                     	;# 
   472     0195                     	;# 
   473     0196                     	;# 
   474     0199                     	;# 
   475     019A                     	;# 
   476     019B                     	;# 
   477     019B                     	;# 
   478     019B                     	;# 
   479     019B                     	;# 
   480     019C                     	;# 
   481     019C                     	;# 
   482     019D                     	;# 
   483     019E                     	;# 
   484     019F                     	;# 
   485     020D                     	;# 
   486     0210                     	;# 
   487     0211                     	;# 
   488     0212                     	;# 
   489     0213                     	;# 
   490     0214                     	;# 
   491     0215                     	;# 
   492     0215                     	;# 
   493     0216                     	;# 
   494     0217                     	;# 
   495     0291                     	;# 
   496     0291                     	;# 
   497     0292                     	;# 
   498     0293                     	;# 
   499     0294                     	;# 
   500     0295                     	;# 
   501     0295                     	;# 
   502     0296                     	;# 
   503     0298                     	;# 
   504     0298                     	;# 
   505     0299                     	;# 
   506     029A                     	;# 
   507     029B                     	;# 
   508     029C                     	;# 
   509     029C                     	;# 
   510     029D                     	;# 
   511     029E                     	;# 
   512     029F                     	;# 
   513     0311                     	;# 
   514     0311                     	;# 
   515     0312                     	;# 
   516     0313                     	;# 
   517     0314                     	;# 
   518     0315                     	;# 
   519     0315                     	;# 
   520     0316                     	;# 
   521     0318                     	;# 
   522     0318                     	;# 
   523     0319                     	;# 
   524     031A                     	;# 
   525     031C                     	;# 
   526     031C                     	;# 
   527     031D                     	;# 
   528     031E                     	;# 
   529     0394                     	;# 
   530     0395                     	;# 
   531     0396                     	;# 
   532     0415                     	;# 
   533     0416                     	;# 
   534     0417                     	;# 
   535     041C                     	;# 
   536     041D                     	;# 
   537     041E                     	;# 
   538     0791                     	;# 
   539     0792                     	;# 
   540     0793                     	;# 
   541     0794                     	;# 
   542     0795                     	;# 
   543     0798                     	;# 
   544     0799                     	;# 
   545     079A                     	;# 
   546     07A0                     	;# 
   547     07A1                     	;# 
   548     07A2                     	;# 
   549     07A3                     	;# 
   550     07A4                     	;# 
   551     07A5                     	;# 
   552     07A6                     	;# 
   553     07A7                     	;# 
   554     07A8                     	;# 
   555     07A9                     	;# 
   556     07AA                     	;# 
   557     07AB                     	;# 
   558     0FE4                     	;# 
   559     0FE5                     	;# 
   560     0FE6                     	;# 
   561     0FE7                     	;# 
   562     0FE8                     	;# 
   563     0FE9                     	;# 
   564     0FEA                     	;# 
   565     0FEB                     	;# 
   566     0FED                     	;# 
   567     0FEE                     	;# 
   568     0FEF                     	;# 
   569     000F                     _PORTD	set	15
   570     008F                     _TRISD	set	143
   571                           
   572                           	psect	cinit
   573     07FD                     start_initialization:	
   574                           ; #config settings
   575                           
   576     07FD                     __initialization:
   577     07FD                     end_of_initialization:	
   578                           ;End of C runtime variable initialization code
   579                           
   580     07FD                     __end_of__initialization:
   581     07FD  0020               	movlb	0
   582     07FE  3187  2F26         	ljmp	_main	;jump to C main() function
   583                           
   584                           	psect	cstackCOMMON
   585     0070                     __pcstackCOMMON:
   586     0070                     ?_main:
   587     0070                     ??_main:	
   588                           ; 1 bytes @ 0x0
   589                           
   590                           
   591                           ; 1 bytes @ 0x0
   592     0070                     	ds	2
   593                           
   594                           	psect	maintext
   595     0726                     __pmaintext:	
   596 ;;
   597 ;;Main: autosize = 0, tempsize = 2, incstack = 0, save=0
   598 ;;
   599 ;; *************** function _main *****************
   600 ;; Defined at:
   601 ;;		line 6 in file "main.c"
   602 ;; Parameters:    Size  Location     Type
   603 ;;		None
   604 ;; Auto vars:     Size  Location     Type
   605 ;;		None
   606 ;; Return value:  Size  Location     Type
   607 ;;                  1    wreg      void 
   608 ;; Registers used:
   609 ;;		wreg, status,2
   610 ;; Tracked objects:
   611 ;;		On entry : B1F/0
   612 ;;		On exit  : 0/0
   613 ;;		Unchanged: 0/0
   614 ;; Data sizes:     COMMON   BANK0   BANK1   BANK2   BANK3   BANK4   BANK5   BANK6   BANK7   BANK8   BANK9  BANK10  BANK1
      +1  BANK12
   615 ;;      Params:         0       0       0       0       0       0       0       0       0       0       0       0       
      +0       0
   616 ;;      Locals:         0       0       0       0       0       0       0       0       0       0       0       0       
      +0       0
   617 ;;      Temps:          2       0       0       0       0       0       0       0       0       0       0       0       
      +0       0
   618 ;;      Totals:         2       0       0       0       0       0       0       0       0       0       0       0       
      +0       0
   619 ;;Total ram usage:        2 bytes
   620 ;; This function calls:
   621 ;;		Nothing
   622 ;; This function is called by:
   623 ;;		Startup code after reset
   624 ;; This function uses a non-reentrant model
   625 ;;
   626                           
   627     0726                     _main:	
   628                           ;psect for function _main
   629                           
   630     0726                     l622:	
   631                           ;incstack = 0
   632                           ; Regs used in _main: [wreg+status,2]
   633                           
   634                           
   635                           ;main.c: 10: TRISD = 0b00000000;
   636     0726  0021               	movlb	1	; select bank1
   637     0727  018F               	clrf	15	;volatile
   638     0728                     l624:
   639                           
   640                           ;main.c: 15: PORTD = 0b00000001;
   641     0728  3001               	movlw	1
   642     0729  0020               	movlb	0	; select bank0
   643     072A  008F               	movwf	15	;volatile
   644     072B                     l626:
   645                           
   646                           ;main.c: 16: _delay((unsigned long)((100)*(20000000UL/4000.0)));
   647     072B  3003               	movlw	3
   648     072C  00F1               	movwf	??_main+1
   649     072D  308A               	movlw	138
   650     072E  00F0               	movwf	??_main
   651     072F  3056               	movlw	86
   652     0730                     u17:
   653     0730  0B89               	decfsz	9,f
   654     0731  2F30               	goto	u17
   655     0732  0BF0               	decfsz	??_main,f
   656     0733  2F30               	goto	u17
   657     0734  0BF1               	decfsz	??_main+1,f
   658     0735  2F30               	goto	u17
   659     0736                     l628:
   660                           
   661                           ;main.c: 17: PORTD = 0b00000011;
   662     0736  3003               	movlw	3
   663     0737  0020               	movlb	0	; select bank0
   664     0738  008F               	movwf	15	;volatile
   665     0739                     l630:
   666                           
   667                           ;main.c: 18: _delay((unsigned long)((100)*(20000000UL/4000.0)));
   668     0739  3003               	movlw	3
   669     073A  00F1               	movwf	??_main+1
   670     073B  308A               	movlw	138
   671     073C  00F0               	movwf	??_main
   672     073D  3056               	movlw	86
   673     073E                     u27:
   674     073E  0B89               	decfsz	9,f
   675     073F  2F3E               	goto	u27
   676     0740  0BF0               	decfsz	??_main,f
   677     0741  2F3E               	goto	u27
   678     0742  0BF1               	decfsz	??_main+1,f
   679     0743  2F3E               	goto	u27
   680     0744                     l632:
   681                           
   682                           ;main.c: 19: PORTD = 0b00000111;
   683     0744  3007               	movlw	7
   684     0745  0020               	movlb	0	; select bank0
   685     0746  008F               	movwf	15	;volatile
   686     0747                     l634:
   687                           
   688                           ;main.c: 20: _delay((unsigned long)((100)*(20000000UL/4000.0)));
   689     0747  3003               	movlw	3
   690     0748  00F1               	movwf	??_main+1
   691     0749  308A               	movlw	138
   692     074A  00F0               	movwf	??_main
   693     074B  3056               	movlw	86
   694     074C                     u37:
   695     074C  0B89               	decfsz	9,f
   696     074D  2F4C               	goto	u37
   697     074E  0BF0               	decfsz	??_main,f
   698     074F  2F4C               	goto	u37
   699     0750  0BF1               	decfsz	??_main+1,f
   700     0751  2F4C               	goto	u37
   701     0752                     l636:
   702                           
   703                           ;main.c: 21: PORTD = 0b00001111;
   704     0752  300F               	movlw	15
   705     0753  0020               	movlb	0	; select bank0
   706     0754  008F               	movwf	15	;volatile
   707     0755                     l638:
   708                           
   709                           ;main.c: 22: _delay((unsigned long)((100)*(20000000UL/4000.0)));
   710     0755  3003               	movlw	3
   711     0756  00F1               	movwf	??_main+1
   712     0757  308A               	movlw	138
   713     0758  00F0               	movwf	??_main
   714     0759  3056               	movlw	86
   715     075A                     u47:
   716     075A  0B89               	decfsz	9,f
   717     075B  2F5A               	goto	u47
   718     075C  0BF0               	decfsz	??_main,f
   719     075D  2F5A               	goto	u47
   720     075E  0BF1               	decfsz	??_main+1,f
   721     075F  2F5A               	goto	u47
   722     0760                     l640:
   723                           
   724                           ;main.c: 23: PORTD = 0b00011111;
   725     0760  301F               	movlw	31
   726     0761  0020               	movlb	0	; select bank0
   727     0762  008F               	movwf	15	;volatile
   728     0763                     l642:
   729                           
   730                           ;main.c: 24: _delay((unsigned long)((100)*(20000000UL/4000.0)));
   731     0763  3003               	movlw	3
   732     0764  00F1               	movwf	??_main+1
   733     0765  308A               	movlw	138
   734     0766  00F0               	movwf	??_main
   735     0767  3056               	movlw	86
   736     0768                     u57:
   737     0768  0B89               	decfsz	9,f
   738     0769  2F68               	goto	u57
   739     076A  0BF0               	decfsz	??_main,f
   740     076B  2F68               	goto	u57
   741     076C  0BF1               	decfsz	??_main+1,f
   742     076D  2F68               	goto	u57
   743     076E                     l644:
   744                           
   745                           ;main.c: 25: PORTD = 0b00111111;
   746     076E  303F               	movlw	63
   747     076F  0020               	movlb	0	; select bank0
   748     0770  008F               	movwf	15	;volatile
   749     0771                     l646:
   750                           
   751                           ;main.c: 26: _delay((unsigned long)((100)*(20000000UL/4000.0)));
   752     0771  3003               	movlw	3
   753     0772  00F1               	movwf	??_main+1
   754     0773  308A               	movlw	138
   755     0774  00F0               	movwf	??_main
   756     0775  3056               	movlw	86
   757     0776                     u67:
   758     0776  0B89               	decfsz	9,f
   759     0777  2F76               	goto	u67
   760     0778  0BF0               	decfsz	??_main,f
   761     0779  2F76               	goto	u67
   762     077A  0BF1               	decfsz	??_main+1,f
   763     077B  2F76               	goto	u67
   764     077C                     l648:
   765                           
   766                           ;main.c: 27: PORTD = 0b01111111;
   767     077C  307F               	movlw	127
   768     077D  0020               	movlb	0	; select bank0
   769     077E  008F               	movwf	15	;volatile
   770     077F                     l650:
   771                           
   772                           ;main.c: 28: _delay((unsigned long)((100)*(20000000UL/4000.0)));
   773     077F  3003               	movlw	3
   774     0780  00F1               	movwf	??_main+1
   775     0781  308A               	movlw	138
   776     0782  00F0               	movwf	??_main
   777     0783  3056               	movlw	86
   778     0784                     u77:
   779     0784  0B89               	decfsz	9,f
   780     0785  2F84               	goto	u77
   781     0786  0BF0               	decfsz	??_main,f
   782     0787  2F84               	goto	u77
   783     0788  0BF1               	decfsz	??_main+1,f
   784     0789  2F84               	goto	u77
   785     078A                     l652:
   786                           
   787                           ;main.c: 29: PORTD = 0b11111111;
   788     078A  30FF               	movlw	255
   789     078B  0020               	movlb	0	; select bank0
   790     078C  008F               	movwf	15	;volatile
   791     078D                     l654:
   792                           
   793                           ;main.c: 30: _delay((unsigned long)((100)*(20000000UL/4000.0)));
   794     078D  3003               	movlw	3
   795     078E  00F1               	movwf	??_main+1
   796     078F  308A               	movlw	138
   797     0790  00F0               	movwf	??_main
   798     0791  3056               	movlw	86
   799     0792                     u87:
   800     0792  0B89               	decfsz	9,f
   801     0793  2F92               	goto	u87
   802     0794  0BF0               	decfsz	??_main,f
   803     0795  2F92               	goto	u87
   804     0796  0BF1               	decfsz	??_main+1,f
   805     0797  2F92               	goto	u87
   806     0798                     l656:
   807                           
   808                           ;main.c: 31: PORTD = 0b01111111;
   809     0798  307F               	movlw	127
   810     0799  0020               	movlb	0	; select bank0
   811     079A  008F               	movwf	15	;volatile
   812     079B                     l658:
   813                           
   814                           ;main.c: 32: _delay((unsigned long)((100)*(20000000UL/4000.0)));
   815     079B  3003               	movlw	3
   816     079C  00F1               	movwf	??_main+1
   817     079D  308A               	movlw	138
   818     079E  00F0               	movwf	??_main
   819     079F  3056               	movlw	86
   820     07A0                     u97:
   821     07A0  0B89               	decfsz	9,f
   822     07A1  2FA0               	goto	u97
   823     07A2  0BF0               	decfsz	??_main,f
   824     07A3  2FA0               	goto	u97
   825     07A4  0BF1               	decfsz	??_main+1,f
   826     07A5  2FA0               	goto	u97
   827     07A6                     l660:
   828                           
   829                           ;main.c: 33: PORTD = 0b00111111;
   830     07A6  303F               	movlw	63
   831     07A7  0020               	movlb	0	; select bank0
   832     07A8  008F               	movwf	15	;volatile
   833     07A9                     l662:
   834                           
   835                           ;main.c: 34: _delay((unsigned long)((100)*(20000000UL/4000.0)));
   836     07A9  3003               	movlw	3
   837     07AA  00F1               	movwf	??_main+1
   838     07AB  308A               	movlw	138
   839     07AC  00F0               	movwf	??_main
   840     07AD  3056               	movlw	86
   841     07AE                     u107:
   842     07AE  0B89               	decfsz	9,f
   843     07AF  2FAE               	goto	u107
   844     07B0  0BF0               	decfsz	??_main,f
   845     07B1  2FAE               	goto	u107
   846     07B2  0BF1               	decfsz	??_main+1,f
   847     07B3  2FAE               	goto	u107
   848     07B4                     l664:
   849                           
   850                           ;main.c: 35: PORTD = 0b00011111;
   851     07B4  301F               	movlw	31
   852     07B5  0020               	movlb	0	; select bank0
   853     07B6  008F               	movwf	15	;volatile
   854     07B7                     l666:
   855                           
   856                           ;main.c: 36: _delay((unsigned long)((100)*(20000000UL/4000.0)));
   857     07B7  3003               	movlw	3
   858     07B8  00F1               	movwf	??_main+1
   859     07B9  308A               	movlw	138
   860     07BA  00F0               	movwf	??_main
   861     07BB  3056               	movlw	86
   862     07BC                     u117:
   863     07BC  0B89               	decfsz	9,f
   864     07BD  2FBC               	goto	u117
   865     07BE  0BF0               	decfsz	??_main,f
   866     07BF  2FBC               	goto	u117
   867     07C0  0BF1               	decfsz	??_main+1,f
   868     07C1  2FBC               	goto	u117
   869     07C2                     l668:
   870                           
   871                           ;main.c: 37: PORTD = 0b00001111;
   872     07C2  300F               	movlw	15
   873     07C3  0020               	movlb	0	; select bank0
   874     07C4  008F               	movwf	15	;volatile
   875     07C5                     l670:
   876                           
   877                           ;main.c: 38: _delay((unsigned long)((100)*(20000000UL/4000.0)));
   878     07C5  3003               	movlw	3
   879     07C6  00F1               	movwf	??_main+1
   880     07C7  308A               	movlw	138
   881     07C8  00F0               	movwf	??_main
   882     07C9  3056               	movlw	86
   883     07CA                     u127:
   884     07CA  0B89               	decfsz	9,f
   885     07CB  2FCA               	goto	u127
   886     07CC  0BF0               	decfsz	??_main,f
   887     07CD  2FCA               	goto	u127
   888     07CE  0BF1               	decfsz	??_main+1,f
   889     07CF  2FCA               	goto	u127
   890     07D0                     l672:
   891                           
   892                           ;main.c: 39: PORTD = 0b00000111;
   893     07D0  3007               	movlw	7
   894     07D1  0020               	movlb	0	; select bank0
   895     07D2  008F               	movwf	15	;volatile
   896     07D3                     l674:
   897                           
   898                           ;main.c: 40: _delay((unsigned long)((100)*(20000000UL/4000.0)));
   899     07D3  3003               	movlw	3
   900     07D4  00F1               	movwf	??_main+1
   901     07D5  308A               	movlw	138
   902     07D6  00F0               	movwf	??_main
   903     07D7  3056               	movlw	86
   904     07D8                     u137:
   905     07D8  0B89               	decfsz	9,f
   906     07D9  2FD8               	goto	u137
   907     07DA  0BF0               	decfsz	??_main,f
   908     07DB  2FD8               	goto	u137
   909     07DC  0BF1               	decfsz	??_main+1,f
   910     07DD  2FD8               	goto	u137
   911     07DE                     l676:
   912                           
   913                           ;main.c: 41: PORTD = 0b00000011;
   914     07DE  3003               	movlw	3
   915     07DF  0020               	movlb	0	; select bank0
   916     07E0  008F               	movwf	15	;volatile
   917     07E1                     l678:
   918                           
   919                           ;main.c: 42: _delay((unsigned long)((100)*(20000000UL/4000.0)));
   920     07E1  3003               	movlw	3
   921     07E2  00F1               	movwf	??_main+1
   922     07E3  308A               	movlw	138
   923     07E4  00F0               	movwf	??_main
   924     07E5  3056               	movlw	86
   925     07E6                     u147:
   926     07E6  0B89               	decfsz	9,f
   927     07E7  2FE6               	goto	u147
   928     07E8  0BF0               	decfsz	??_main,f
   929     07E9  2FE6               	goto	u147
   930     07EA  0BF1               	decfsz	??_main+1,f
   931     07EB  2FE6               	goto	u147
   932     07EC                     l680:
   933                           
   934                           ;main.c: 43: PORTD = 0b00000001;
   935     07EC  3001               	movlw	1
   936     07ED  0020               	movlb	0	; select bank0
   937     07EE  008F               	movwf	15	;volatile
   938     07EF                     l682:
   939                           
   940                           ;main.c: 44: _delay((unsigned long)((100)*(20000000UL/4000.0)));
   941     07EF  3003               	movlw	3
   942     07F0  00F1               	movwf	??_main+1
   943     07F1  308A               	movlw	138
   944     07F2  00F0               	movwf	??_main
   945     07F3  3056               	movlw	86
   946     07F4                     u157:
   947     07F4  0B89               	decfsz	9,f
   948     07F5  2FF4               	goto	u157
   949     07F6  0BF0               	decfsz	??_main,f
   950     07F7  2FF4               	goto	u157
   951     07F8  0BF1               	decfsz	??_main+1,f
   952     07F9  2FF4               	goto	u157
   953     07FA  2F28               	goto	l624
   954     07FB  3180  2802         	ljmp	start
   955     07FD                     __end_of_main:
   956     007E                     btemp	set	126	;btemp
   957     007E                     wtemp0	set	126
   958                           
   959                           	psect	config
   960                           
   961                           ;Config register CONFIG1 @ 0x8007
   962                           ;	Oscillator Selection
   963                           ;	FOSC = HS, HS Oscillator, High-speed crystal/resonator connected between OSC1 and OSC2
      +                           pins
   964                           ;	Watchdog Timer Enable
   965                           ;	WDTE = OFF, WDT disabled
   966                           ;	Power-up Timer Enable
   967                           ;	PWRTE = OFF, PWRT disabled
   968                           ;	MCLR Pin Function Select
   969                           ;	MCLRE = ON, MCLR/VPP pin function is MCLR
   970                           ;	Flash Program Memory Code Protection
   971                           ;	CP = OFF, Program memory code protection is disabled
   972                           ;	Data Memory Code Protection
   973                           ;	CPD = OFF, Data memory code protection is disabled
   974                           ;	Brown-out Reset Enable
   975                           ;	BOREN = ON, Brown-out Reset enabled
   976                           ;	Clock Out Enable
   977                           ;	CLKOUTEN = OFF, CLKOUT function is disabled. I/O or oscillator function on the CLKOUT 
      +                          pin
   978                           ;	Internal/External Switchover
   979                           ;	IESO = ON, Internal/External Switchover mode is enabled
   980                           ;	Fail-Safe Clock Monitor Enable
   981                           ;	FCMEN = ON, Fail-Safe Clock Monitor is enabled
   982     8007                     	org	32775
   983     8007  3FE2               	dw	16354
   984                           
   985                           ;Config register CONFIG2 @ 0x8008
   986                           ;	Flash Memory Self-Write Protection
   987                           ;	WRT = OFF, Write protection off
   988                           ;	Voltage Regulator Capacitor Enable
   989                           ;	VCAPEN = OFF, All VCAP pin functionality is disabled
   990                           ;	PLL Enable
   991                           ;	PLLEN = OFF, 4x PLL disabled
   992                           ;	Stack Overflow/Underflow Reset Enable
   993                           ;	STVREN = ON, Stack Overflow or Underflow will cause a Reset
   994                           ;	Brown-out Reset Voltage Selection
   995                           ;	BORV = LO, Brown-out Reset Voltage (Vbor), low trip point selected.
   996                           ;	Low-Voltage Programming Enable
   997                           ;	LVP = ON, Low-voltage programming enabled
   998     8008                     	org	32776
   999     8008  3EFF               	dw	16127

Data Sizes:
    Strings     0
    Constant    0
    Data        0
    BSS         0
    Persistent  32
    Stack       0

Auto Spaces:
    Space          Size  Autos    Used
    COMMON           14      2       2
    BANK0            80      0       0
    BANK1            80      0       0
    BANK2            80      0       0
    BANK3            80      0       0
    BANK4            80      0       0
    BANK5            80      0       0
    BANK6            80      0       0
    BANK7            80      0       0
    BANK8            80      0       0
    BANK9            80      0       0
    BANK10           80      0       0
    BANK11           80      0       0
    BANK12           48      0       0

Pointer List with Targets:

    None.

Critical Paths under _main in COMMON

    None.

Critical Paths under _main in BANK0

    None.

Critical Paths under _main in BANK1

    None.

Critical Paths under _main in BANK2

    None.

Critical Paths under _main in BANK3

    None.

Critical Paths under _main in BANK4

    None.

Critical Paths under _main in BANK5

    None.

Critical Paths under _main in BANK6

    None.

Critical Paths under _main in BANK7

    None.

Critical Paths under _main in BANK8

    None.

Critical Paths under _main in BANK9

    None.

Critical Paths under _main in BANK10

    None.

Critical Paths under _main in BANK11

    None.

Critical Paths under _main in BANK12

    None.

Call Graph Tables:

 ---------------------------------------------------------------------------------
 (Depth) Function   	        Calls       Base Space   Used Autos Params    Refs
 ---------------------------------------------------------------------------------
 (0) _main                                                 2     2      0       0
                                              0 COMMON     2     2      0
 ---------------------------------------------------------------------------------
 Estimated maximum stack depth 0
 ---------------------------------------------------------------------------------

 Call Graph Graphs:

 _main (ROOT)

 Address spaces:
Name               Size   Autos  Total    Cost      Usage
BIGRAM             3F0      0       0       0        0.0%
EEDATA             100      0       0       0        0.0%
NULL                 0      0       0       0        0.0%
CODE                 0      0       0       0        0.0%
BITCOMMON            E      0       0       1        0.0%
BITSFR0              0      0       0       1        0.0%
SFR0                 0      0       0       1        0.0%
COMMON               E      2       2       2       14.3%
BITSFR1              0      0       0       2        0.0%
SFR1                 0      0       0       2        0.0%
BITSFR2              0      0       0       3        0.0%
SFR2                 0      0       0       3        0.0%
STACK                0      0       0       3        0.0%
BITBANK0            50      0       0       4        0.0%
BITSFR3              0      0       0       4        0.0%
SFR3                 0      0       0       4        0.0%
BANK0               50      0       0       5        0.0%
BITSFR4              0      0       0       5        0.0%
SFR4                 0      0       0       5        0.0%
BITBANK1            50      0       0       6        0.0%
BITSFR5              0      0       0       6        0.0%
SFR5                 0      0       0       6        0.0%
BANK1               50      0       0       7        0.0%
BITSFR6              0      0       0       7        0.0%
SFR6                 0      0       0       7        0.0%
BITBANK2            50      0       0       8        0.0%
BITSFR7              0      0       0       8        0.0%
SFR7                 0      0       0       8        0.0%
BANK2               50      0       0       9        0.0%
BITSFR8              0      0       0       9        0.0%
SFR8                 0      0       0       9        0.0%
BITBANK3            50      0       0      10        0.0%
BITSFR9              0      0       0      10        0.0%
SFR9                 0      0       0      10        0.0%
BANK3               50      0       0      11        0.0%
BITSFR10             0      0       0      11        0.0%
SFR10                0      0       0      11        0.0%
BITBANK4            50      0       0      12        0.0%
BITSFR11             0      0       0      12        0.0%
SFR11                0      0       0      12        0.0%
BANK4               50      0       0      13        0.0%
BITSFR12             0      0       0      13        0.0%
SFR12                0      0       0      13        0.0%
BITBANK5            50      0       0      14        0.0%
BITSFR13             0      0       0      14        0.0%
SFR13                0      0       0      14        0.0%
BANK5               50      0       0      15        0.0%
BITSFR14             0      0       0      15        0.0%
SFR14                0      0       0      15        0.0%
BITBANK6            50      0       0      16        0.0%
BITSFR15             0      0       0      16        0.0%
SFR15                0      0       0      16        0.0%
BANK6               50      0       0      17        0.0%
BITSFR16             0      0       0      17        0.0%
SFR16                0      0       0      17        0.0%
BITBANK7            50      0       0      18        0.0%
BITSFR17             0      0       0      18        0.0%
SFR17                0      0       0      18        0.0%
BANK7               50      0       0      19        0.0%
BITSFR18             0      0       0      19        0.0%
SFR18                0      0       0      19        0.0%
BITSFR19             0      0       0      20        0.0%
SFR19                0      0       0      20        0.0%
ABS                  0      0       0      20        0.0%
BITBANK8            50      0       0      21        0.0%
BITSFR20             0      0       0      21        0.0%
SFR20                0      0       0      21        0.0%
BANK8               50      0       0      22        0.0%
BITSFR21             0      0       0      22        0.0%
SFR21                0      0       0      22        0.0%
BITBANK9            50      0       0      23        0.0%
BITSFR22             0      0       0      23        0.0%
SFR22                0      0       0      23        0.0%
BANK9               50      0       0      24        0.0%
BITSFR23             0      0       0      24        0.0%
SFR23                0      0       0      24        0.0%
BITBANK10           50      0       0      25        0.0%
BITSFR24             0      0       0      25        0.0%
SFR24                0      0       0      25        0.0%
BANK10              50      0       0      26        0.0%
BITSFR25             0      0       0      26        0.0%
SFR25                0      0       0      26        0.0%
BITBANK11           50      0       0      27        0.0%
BITSFR26             0      0       0      27        0.0%
SFR26                0      0       0      27        0.0%
BANK11              50      0       0      28        0.0%
BITSFR27             0      0       0      28        0.0%
SFR27                0      0       0      28        0.0%
BITBANK12           30      0       0      29        0.0%
BITSFR28             0      0       0      29        0.0%
SFR28                0      0       0      29        0.0%
BANK12              30      0       0      30        0.0%
BITSFR29             0      0       0      30        0.0%
SFR29                0      0       0      30        0.0%
BITSFR30             0      0       0      31        0.0%
SFR30                0      0       0      31        0.0%
DATA                 0      0       0      31        0.0%
BITSFR31             0      0       0      32        0.0%
SFR31                0      0       0      32        0.0%


Microchip Technology PIC Macro Assembler V2.41 build 20230208172133 
Symbol Table                                                                                   Fri Aug 18 09:40:46 2023

                     u17 0730                       u27 073E                       u37 074C  
                     u47 075A                       u57 0768                       u67 0776  
                     u77 0784                       u87 0792                       u97 07A0  
                    l630 0739                      l622 0726                      l640 0760  
                    l632 0744                      l624 0728                      l650 077F  
                    l642 0763                      l634 0747                      l626 072B  
                    l660 07A6                      l652 078A                      l644 076E  
                    l636 0752                      l628 0736                      l670 07C5  
                    l662 07A9                      l654 078D                      l646 0771  
                    l638 0755                      l680 07EC                      l672 07D0  
                    l664 07B4                      l656 0798                      l648 077C  
                    l682 07EF                      l674 07D3                      l666 07B7  
                    l658 079B                      l676 07DE                      l668 07C2  
                    l678 07E1                      u107 07AE                      u117 07BC  
                    u127 07CA                      u137 07D8                      u147 07E6  
                    u157 07F4                      wreg 0009                     _main 0726  
                   btemp 007E                     start 0002                    ?_main 0070  
                  _PORTD 000F                    _TRISD 008F                    wtemp0 007E  
        __initialization 07FD             __end_of_main 07FD                   ??_main 0070  
__end_of__initialization 07FD           __pcstackCOMMON 0070               __pmaintext 0726  
   end_of_initialization 07FD      start_initialization 07FD                ___latbits 0003  
